<?xml version="1.0" encoding="UTF-8"?>
<testsuite xmlns:xsi="http://www.w3.org/2001/XMLSchema-instance" xsi:noNamespaceSchemaLocation="https://maven.apache.org/surefire/maven-surefire-plugin/xsd/surefire-test-report-3.0.xsd" version="3.0" name="AccountTest" time="37.003" tests="4" errors="0" skipped="0" failures="0">
  <properties>
[...]
</properties>
  <testcase name="clickOnTheButtonConstructorOn" classname="AccountTest" time="16.057">
    <system-out><![CDATA[Request method:	POST
Request URI:	https://stellarburgers.nomoreparties.site/api/auth/register
Proxy:			<none>
Request params:	<none>
Query params:	<none>
Form params:	<none>
Path params:	<none>
Headers:		Accept=*/*
				Content-Type=application/json
Cookies:		<none>
Multiparts:		<none>
Body:
{
    "email": "GChbdTZUtr@yandex.ru",
    "password": "gNRwlP",
    "name": "quWEny",
    "accessToken": null,
    "refreshToken": null
}
HTTP/1.1 200 OK
Date: Sun, 06 Oct 2024 14:42:41 GMT
Content-Type: application/json; charset=utf-8
Transfer-Encoding: chunked
Connection: keep-alive
X-Powered-By: Express
Access-Control-Allow-Origin: *
authorization: Bearer eyJhbGciOiJIUzI1NiIsInR5cCI6IkpXVCJ9.eyJpZCI6IjY3MDJhMWUxOWVkMjgwMDAxYjRkNmRlOCIsImlhdCI6MTcyODIyNTc2MSwiZXhwIjoxNzI4MjI2OTYxfQ.8GN4-f0q8UL-ioo6_KTU66qwHG15dX5tOiYfUJ9NYp4
ETag: W/"16d-fm+gwsVRzLzFLk3+2Cooy9J//PU"
cf-cache-status: DYNAMIC
Report-To: {"endpoints":[{"url":"https:\/\/a.nel.cloudflare.com\/report\/v4?s=on5NFK1iVfUIV4NP%2BHq5kBhr7PECLFMcHbWtCLhbz%2BbFibH774qogHhyOA2TUWGBqnZb6NxjHAvKQFTlP8nIAgphKoWJvVRok%2Bqq8Mr4xSJwybCiLvW5IOUWRlQDkOZdF5ROn%2Fd4IfrcUARSziqwYp%2FiGEA%3D"}],"group":"cf-nel","max_age":604800}
NEL: {"success_fraction":0,"report_to":"cf-nel","max_age":604800}
Server: cloudflare
CF-RAY: 8ce66b619ab86eb4-CDG
Content-Encoding: gzip

{
    "success": true,
    "user": {
        "email": "gchbdtzutr@yandex.ru",
        "name": "quWEny"
    },
    "accessToken": "Bearer eyJhbGciOiJIUzI1NiIsInR5cCI6IkpXVCJ9.eyJpZCI6IjY3MDJhMWUxOWVkMjgwMDAxYjRkNmRlOCIsImlhdCI6MTcyODIyNTc2MSwiZXhwIjoxNzI4MjI2OTYxfQ.8GN4-f0q8UL-ioo6_KTU66qwHG15dX5tOiYfUJ9NYp4",
    "refreshToken": "635897f645078d4e3f4d147bbbf3eb4decb80b9e51f3d534e3cd6c46aab4786f3bafbd3a3384bf40"
}
Request method:	DELETE
Request URI:	https://stellarburgers.nomoreparties.site/api/auth/user
Proxy:			<none>
Request params:	<none>
Query params:	<none>
Form params:	<none>
Path params:	<none>
Headers:		authorization=Bearer eyJhbGciOiJIUzI1NiIsInR5cCI6IkpXVCJ9.eyJpZCI6IjY3MDJhMWUxOWVkMjgwMDAxYjRkNmRlOCIsImlhdCI6MTcyODIyNTc2MSwiZXhwIjoxNzI4MjI2OTYxfQ.8GN4-f0q8UL-ioo6_KTU66qwHG15dX5tOiYfUJ9NYp4
				Accept=*/*
				Content-Type=application/json
Cookies:		<none>
Multiparts:		<none>
Body:			<none>
HTTP/1.1 202 Accepted
Date: Sun, 06 Oct 2024 14:42:44 GMT
Content-Type: application/json; charset=utf-8
Content-Length: 54
Connection: keep-alive
X-Powered-By: Express
Access-Control-Allow-Origin: *
ETag: W/"36-hDmZnQ3Ou/ynnqAeC6TYmyseuzY"
CF-Cache-Status: DYNAMIC
Report-To: {"endpoints":[{"url":"https:\/\/a.nel.cloudflare.com\/report\/v4?s=qqVTVTqt5JXdLjiSn3QLhFw3x1DfeP9OKJS%2BeEBjYU4OV4qpkQK3zdiiRobPR40NTHTr1XW49X%2FH1jzpispyiFB6telTubVmA7cn7tExID2HUD2oMKiz%2B5vMB2g9Tms2jBFs8BHKSPr3dWxcwRZo1tPv7sg%3D"}],"group":"cf-nel","max_age":604800}
NEL: {"success_fraction":0,"report_to":"cf-nel","max_age":604800}
Server: cloudflare
CF-RAY: 8ce66b722aded71a-CDG

{
    "success": true,
    "message": "User successfully removed"
}
]]></system-out>
    <system-err><![CDATA[окт. 06, 2024 5:44:32 PM org.openqa.selenium.devtools.CdpVersionFinder findNearestMatch
WARNING: Unable to find an exact match for CDP version 129, returning the closest version; found: 125; Please update to a Selenium version that supports CDP version 129
]]></system-err>
  </testcase>
  <testcase name="clickOnExitButton" classname="AccountTest" time="7.161">
    <system-out><![CDATA[Request method:	POST
Request URI:	https://stellarburgers.nomoreparties.site/api/auth/register
Proxy:			<none>
Request params:	<none>
Query params:	<none>
Form params:	<none>
Path params:	<none>
Headers:		Accept=*/*
				Content-Type=application/json
Cookies:		<none>
Multiparts:		<none>
Body:
{
    "email": "blnrpPkBSR@yandex.ru",
    "password": "IZlyMM",
    "name": "jQSfNu",
    "accessToken": null,
    "refreshToken": null
}
Request method:	POST
Request URI:	https://stellarburgers.nomoreparties.site/api/auth/register
Proxy:			<none>
Request params:	<none>
Query params:	<none>
Form params:	<none>
Path params:	<none>
Headers:		Accept=*/*
				Content-Type=application/json
Cookies:		<none>
Multiparts:		<none>
Body:
{
    "email": "blnrpPkBSR@yandex.ru",
    "password": "IZlyMM",
    "name": "jQSfNu",
    "accessToken": null,
    "refreshToken": null
}
HTTP/1.1 200 OK
Date: Sun, 06 Oct 2024 14:42:48 GMT
Content-Type: application/json; charset=utf-8
Transfer-Encoding: chunked
Connection: keep-alive
X-Powered-By: Express
Access-Control-Allow-Origin: *
authorization: Bearer eyJhbGciOiJIUzI1NiIsInR5cCI6IkpXVCJ9.eyJpZCI6IjY3MDJhMWU4OWVkMjgwMDAxYjRkNmRlYiIsImlhdCI6MTcyODIyNTc2OCwiZXhwIjoxNzI4MjI2OTY4fQ.5m1B6IwrKhFRyI_-0zf4gVa_eaVXQve-PuJ6nsBhZXs
ETag: W/"16d-SJSmUaeHZ1NuGneQ6GrN6kxAhhU"
CF-Cache-Status: DYNAMIC
Report-To: {"endpoints":[{"url":"https:\/\/a.nel.cloudflare.com\/report\/v4?s=Qn%2BpidOov1UAejcw7B85fjE3jieUG9rgSRLC9gJlUW6CEUZ7BN4CfE2da9eAIPnYk3PtaYZG10WwuTvh0ixIjfxGhdQDSZBc%2BnVJkj7JDKoyOtyJnJ4YBiu222Orh2iBU7Wpb0bRVhRNkWNOwl3HVj1jo00%3D"}],"group":"cf-nel","max_age":604800}
NEL: {"success_fraction":0,"report_to":"cf-nel","max_age":604800}
Server: cloudflare
CF-RAY: 8ce66b8b8800b04b-ATL
Content-Encoding: gzip

{
    "success": true,
    "user": {
        "email": "blnrppkbsr@yandex.ru",
        "name": "jQSfNu"
    },
    "accessToken": "Bearer eyJhbGciOiJIUzI1NiIsInR5cCI6IkpXVCJ9.eyJpZCI6IjY3MDJhMWU4OWVkMjgwMDAxYjRkNmRlYiIsImlhdCI6MTcyODIyNTc2OCwiZXhwIjoxNzI4MjI2OTY4fQ.5m1B6IwrKhFRyI_-0zf4gVa_eaVXQve-PuJ6nsBhZXs",
    "refreshToken": "14eb110570cfddb088aa6892fd5e1bc52ee2d4d332066d7494ab59ab29a575f8a7689a5e9930b363"
}
HTTP/1.1 200 OK
Date: Sun, 06 Oct 2024 14:42:48 GMT
Content-Type: application/json; charset=utf-8
Transfer-Encoding: chunked
Connection: keep-alive
X-Powered-By: Express
Access-Control-Allow-Origin: *
authorization: Bearer eyJhbGciOiJIUzI1NiIsInR5cCI6IkpXVCJ9.eyJpZCI6IjY3MDJhMWU4OWVkMjgwMDAxYjRkNmRlYiIsImlhdCI6MTcyODIyNTc2OCwiZXhwIjoxNzI4MjI2OTY4fQ.5m1B6IwrKhFRyI_-0zf4gVa_eaVXQve-PuJ6nsBhZXs
ETag: W/"16d-SJSmUaeHZ1NuGneQ6GrN6kxAhhU"
CF-Cache-Status: DYNAMIC
Report-To: {"endpoints":[{"url":"https:\/\/a.nel.cloudflare.com\/report\/v4?s=Qn%2BpidOov1UAejcw7B85fjE3jieUG9rgSRLC9gJlUW6CEUZ7BN4CfE2da9eAIPnYk3PtaYZG10WwuTvh0ixIjfxGhdQDSZBc%2BnVJkj7JDKoyOtyJnJ4YBiu222Orh2iBU7Wpb0bRVhRNkWNOwl3HVj1jo00%3D"}],"group":"cf-nel","max_age":604800}
NEL: {"success_fraction":0,"report_to":"cf-nel","max_age":604800}
Server: cloudflare
CF-RAY: 8ce66b8b8800b04b-ATL
Content-Encoding: gzip

{
    "success": true,
    "user": {
        "email": "blnrppkbsr@yandex.ru",
        "name": "jQSfNu"
    },
    "accessToken": "Bearer eyJhbGciOiJIUzI1NiIsInR5cCI6IkpXVCJ9.eyJpZCI6IjY3MDJhMWU4OWVkMjgwMDAxYjRkNmRlYiIsImlhdCI6MTcyODIyNTc2OCwiZXhwIjoxNzI4MjI2OTY4fQ.5m1B6IwrKhFRyI_-0zf4gVa_eaVXQve-PuJ6nsBhZXs",
    "refreshToken": "14eb110570cfddb088aa6892fd5e1bc52ee2d4d332066d7494ab59ab29a575f8a7689a5e9930b363"
}
Request method:	DELETE
Request URI:	https://stellarburgers.nomoreparties.site/api/auth/user
Proxy:			<none>
Request params:	<none>
Query params:	<none>
Form params:	<none>
Path params:	<none>
Headers:		authorization=Bearer eyJhbGciOiJIUzI1NiIsInR5cCI6IkpXVCJ9.eyJpZCI6IjY3MDJhMWU4OWVkMjgwMDAxYjRkNmRlYiIsImlhdCI6MTcyODIyNTc2OCwiZXhwIjoxNzI4MjI2OTY4fQ.5m1B6IwrKhFRyI_-0zf4gVa_eaVXQve-PuJ6nsBhZXs
				Accept=*/*
				Content-Type=application/json
Cookies:		<none>
Multiparts:		<none>
Body:			<none>
Request method:	DELETE
Request URI:	https://stellarburgers.nomoreparties.site/api/auth/user
Proxy:			<none>
Request params:	<none>
Query params:	<none>
Form params:	<none>
Path params:	<none>
Headers:		authorization=Bearer eyJhbGciOiJIUzI1NiIsInR5cCI6IkpXVCJ9.eyJpZCI6IjY3MDJhMWU4OWVkMjgwMDAxYjRkNmRlYiIsImlhdCI6MTcyODIyNTc2OCwiZXhwIjoxNzI4MjI2OTY4fQ.5m1B6IwrKhFRyI_-0zf4gVa_eaVXQve-PuJ6nsBhZXs
				Accept=*/*
				Content-Type=application/json
Cookies:		<none>
Multiparts:		<none>
Body:			<none>
HTTP/1.1 202 Accepted
Date: Sun, 06 Oct 2024 14:42:52 GMT
Content-Type: application/json; charset=utf-8
Content-Length: 54
Connection: keep-alive
X-Powered-By: Express
Access-Control-Allow-Origin: *
ETag: W/"36-hDmZnQ3Ou/ynnqAeC6TYmyseuzY"
cf-cache-status: DYNAMIC
Report-To: {"endpoints":[{"url":"https:\/\/a.nel.cloudflare.com\/report\/v4?s=Gemvy3Jnm818GFkTa3tjzW5JX2TZWHgak9cD2HyDTrTr0NO%2BAoHDPLtnPlX20fr7BARb6TXUcORE0HF0JqBZz0oF6idwdSsZx9SOuaLOtvaKTm0881yzOfhiPDZNkpycPzrZvjrsWLS7cjYSv1Zy7xdzKkE%3D"}],"group":"cf-nel","max_age":604800}
NEL: {"success_fraction":0,"report_to":"cf-nel","max_age":604800}
Server: cloudflare
CF-RAY: 8ce66ba08c6e36c0-YYZ

{
    "success": true,
    "message": "User successfully removed"
}
HTTP/1.1 202 Accepted
Date: Sun, 06 Oct 2024 14:42:52 GMT
Content-Type: application/json; charset=utf-8
Content-Length: 54
Connection: keep-alive
X-Powered-By: Express
Access-Control-Allow-Origin: *
ETag: W/"36-hDmZnQ3Ou/ynnqAeC6TYmyseuzY"
cf-cache-status: DYNAMIC
Report-To: {"endpoints":[{"url":"https:\/\/a.nel.cloudflare.com\/report\/v4?s=Gemvy3Jnm818GFkTa3tjzW5JX2TZWHgak9cD2HyDTrTr0NO%2BAoHDPLtnPlX20fr7BARb6TXUcORE0HF0JqBZz0oF6idwdSsZx9SOuaLOtvaKTm0881yzOfhiPDZNkpycPzrZvjrsWLS7cjYSv1Zy7xdzKkE%3D"}],"group":"cf-nel","max_age":604800}
NEL: {"success_fraction":0,"report_to":"cf-nel","max_age":604800}
Server: cloudflare
CF-RAY: 8ce66ba08c6e36c0-YYZ

{
    "success": true,
    "message": "User successfully removed"
}
]]></system-out>
    <system-err><![CDATA[окт. 06, 2024 5:44:44 PM org.openqa.selenium.devtools.CdpVersionFinder findNearestMatch
WARNING: Unable to find an exact match for CDP version 129, returning the closest version; found: 125; Please update to a Selenium version that supports CDP version 129
]]></system-err>
  </testcase>
  <testcase name="clickOnTheButtonLogotype" classname="AccountTest" time="6.642">
    <system-out><![CDATA[Request method:	POST
Request URI:	https://stellarburgers.nomoreparties.site/api/auth/register
Proxy:			<none>
Request params:	<none>
Query params:	<none>
Form params:	<none>
Path params:	<none>
Headers:		Accept=*/*
				Content-Type=application/json
Cookies:		<none>
Multiparts:		<none>
Body:
{
    "email": "XOFVxPDtYg@yandex.ru",
    "password": "yKzhPS",
    "name": "hJeBLn",
    "accessToken": null,
    "refreshToken": null
}
Request method:	POST
Request URI:	https://stellarburgers.nomoreparties.site/api/auth/register
Proxy:			<none>
Request params:	<none>
Query params:	<none>
Form params:	<none>
Path params:	<none>
Headers:		Accept=*/*
				Content-Type=application/json
Cookies:		<none>
Multiparts:		<none>
Body:
{
    "email": "XOFVxPDtYg@yandex.ru",
    "password": "yKzhPS",
    "name": "hJeBLn",
    "accessToken": null,
    "refreshToken": null
}
Request method:	POST
Request URI:	https://stellarburgers.nomoreparties.site/api/auth/register
Proxy:			<none>
Request params:	<none>
Query params:	<none>
Form params:	<none>
Path params:	<none>
Headers:		Accept=*/*
				Content-Type=application/json
Cookies:		<none>
Multiparts:		<none>
Body:
{
    "email": "XOFVxPDtYg@yandex.ru",
    "password": "yKzhPS",
    "name": "hJeBLn",
    "accessToken": null,
    "refreshToken": null
}
HTTP/1.1 200 OK
Date: Sun, 06 Oct 2024 14:42:56 GMT
Content-Type: application/json; charset=utf-8
Transfer-Encoding: chunked
Connection: keep-alive
X-Powered-By: Express
Access-Control-Allow-Origin: *
authorization: Bearer eyJhbGciOiJIUzI1NiIsInR5cCI6IkpXVCJ9.eyJpZCI6IjY3MDJhMWYwOWVkMjgwMDAxYjRkNmRlZSIsImlhdCI6MTcyODIyNTc3NiwiZXhwIjoxNzI4MjI2OTc2fQ.hnlaFqTa6fghXK-r04TvJ6H8S1CoGtOeiSjEWmFwLWg
ETag: W/"16d-rsQeZIqwLH45Z1Rj+skuQZv0wOU"
cf-cache-status: DYNAMIC
Report-To: {"endpoints":[{"url":"https:\/\/a.nel.cloudflare.com\/report\/v4?s=Jelez3C84PP6P5MNsy5UEHAgtZj%2FFY8%2BZVrHrPDMAP5G2U%2FUyjtNK1IPLRFHMwjyHHqFRc8ONdJ%2FI7q%2Bszq8r7cHLGc74pKXSck3i1mTvWj66zzaNu3uRNrR3fhaI%2FZ4D8GcS1LPM9RO4te5P%2BbuvVDhu2w%3D"}],"group":"cf-nel","max_age":604800}
NEL: {"success_fraction":0,"report_to":"cf-nel","max_age":604800}
Server: cloudflare
CF-RAY: 8ce66bbbba34d68e-CDG
Content-Encoding: gzip

{
    "success": true,
    "user": {
        "email": "xofvxpdtyg@yandex.ru",
        "name": "hJeBLn"
    },
    "accessToken": "Bearer eyJhbGciOiJIUzI1NiIsInR5cCI6IkpXVCJ9.eyJpZCI6IjY3MDJhMWYwOWVkMjgwMDAxYjRkNmRlZSIsImlhdCI6MTcyODIyNTc3NiwiZXhwIjoxNzI4MjI2OTc2fQ.hnlaFqTa6fghXK-r04TvJ6H8S1CoGtOeiSjEWmFwLWg",
    "refreshToken": "f96c8dd22bc81f928228645c859e87f0a0df9434eeb43a21b0f395ae02115ddbcebc3a1811c5facc"
}
HTTP/1.1 200 OK
Date: Sun, 06 Oct 2024 14:42:56 GMT
Content-Type: application/json; charset=utf-8
Transfer-Encoding: chunked
Connection: keep-alive
X-Powered-By: Express
Access-Control-Allow-Origin: *
authorization: Bearer eyJhbGciOiJIUzI1NiIsInR5cCI6IkpXVCJ9.eyJpZCI6IjY3MDJhMWYwOWVkMjgwMDAxYjRkNmRlZSIsImlhdCI6MTcyODIyNTc3NiwiZXhwIjoxNzI4MjI2OTc2fQ.hnlaFqTa6fghXK-r04TvJ6H8S1CoGtOeiSjEWmFwLWg
ETag: W/"16d-rsQeZIqwLH45Z1Rj+skuQZv0wOU"
cf-cache-status: DYNAMIC
Report-To: {"endpoints":[{"url":"https:\/\/a.nel.cloudflare.com\/report\/v4?s=Jelez3C84PP6P5MNsy5UEHAgtZj%2FFY8%2BZVrHrPDMAP5G2U%2FUyjtNK1IPLRFHMwjyHHqFRc8ONdJ%2FI7q%2Bszq8r7cHLGc74pKXSck3i1mTvWj66zzaNu3uRNrR3fhaI%2FZ4D8GcS1LPM9RO4te5P%2BbuvVDhu2w%3D"}],"group":"cf-nel","max_age":604800}
NEL: {"success_fraction":0,"report_to":"cf-nel","max_age":604800}
Server: cloudflare
CF-RAY: 8ce66bbbba34d68e-CDG
Content-Encoding: gzip

{
    "success": true,
    "user": {
        "email": "xofvxpdtyg@yandex.ru",
        "name": "hJeBLn"
    },
    "accessToken": "Bearer eyJhbGciOiJIUzI1NiIsInR5cCI6IkpXVCJ9.eyJpZCI6IjY3MDJhMWYwOWVkMjgwMDAxYjRkNmRlZSIsImlhdCI6MTcyODIyNTc3NiwiZXhwIjoxNzI4MjI2OTc2fQ.hnlaFqTa6fghXK-r04TvJ6H8S1CoGtOeiSjEWmFwLWg",
    "refreshToken": "f96c8dd22bc81f928228645c859e87f0a0df9434eeb43a21b0f395ae02115ddbcebc3a1811c5facc"
}
HTTP/1.1 200 OK
Date: Sun, 06 Oct 2024 14:42:56 GMT
Content-Type: application/json; charset=utf-8
Transfer-Encoding: chunked
Connection: keep-alive
X-Powered-By: Express
Access-Control-Allow-Origin: *
authorization: Bearer eyJhbGciOiJIUzI1NiIsInR5cCI6IkpXVCJ9.eyJpZCI6IjY3MDJhMWYwOWVkMjgwMDAxYjRkNmRlZSIsImlhdCI6MTcyODIyNTc3NiwiZXhwIjoxNzI4MjI2OTc2fQ.hnlaFqTa6fghXK-r04TvJ6H8S1CoGtOeiSjEWmFwLWg
ETag: W/"16d-rsQeZIqwLH45Z1Rj+skuQZv0wOU"
cf-cache-status: DYNAMIC
Report-To: {"endpoints":[{"url":"https:\/\/a.nel.cloudflare.com\/report\/v4?s=Jelez3C84PP6P5MNsy5UEHAgtZj%2FFY8%2BZVrHrPDMAP5G2U%2FUyjtNK1IPLRFHMwjyHHqFRc8ONdJ%2FI7q%2Bszq8r7cHLGc74pKXSck3i1mTvWj66zzaNu3uRNrR3fhaI%2FZ4D8GcS1LPM9RO4te5P%2BbuvVDhu2w%3D"}],"group":"cf-nel","max_age":604800}
NEL: {"success_fraction":0,"report_to":"cf-nel","max_age":604800}
Server: cloudflare
CF-RAY: 8ce66bbbba34d68e-CDG
Content-Encoding: gzip

{
    "success": true,
    "user": {
        "email": "xofvxpdtyg@yandex.ru",
        "name": "hJeBLn"
    },
    "accessToken": "Bearer eyJhbGciOiJIUzI1NiIsInR5cCI6IkpXVCJ9.eyJpZCI6IjY3MDJhMWYwOWVkMjgwMDAxYjRkNmRlZSIsImlhdCI6MTcyODIyNTc3NiwiZXhwIjoxNzI4MjI2OTc2fQ.hnlaFqTa6fghXK-r04TvJ6H8S1CoGtOeiSjEWmFwLWg",
    "refreshToken": "f96c8dd22bc81f928228645c859e87f0a0df9434eeb43a21b0f395ae02115ddbcebc3a1811c5facc"
}
Request method:	DELETE
Request URI:	https://stellarburgers.nomoreparties.site/api/auth/user
Proxy:			<none>
Request params:	<none>
Query params:	<none>
Form params:	<none>
Path params:	<none>
Headers:		authorization=Bearer eyJhbGciOiJIUzI1NiIsInR5cCI6IkpXVCJ9.eyJpZCI6IjY3MDJhMWYwOWVkMjgwMDAxYjRkNmRlZSIsImlhdCI6MTcyODIyNTc3NiwiZXhwIjoxNzI4MjI2OTc2fQ.hnlaFqTa6fghXK-r04TvJ6H8S1CoGtOeiSjEWmFwLWg
				Accept=*/*
				Content-Type=application/json
Cookies:		<none>
Multiparts:		<none>
Body:			<none>
Request method:	DELETE
Request URI:	https://stellarburgers.nomoreparties.site/api/auth/user
Proxy:			<none>
Request params:	<none>
Query params:	<none>
Form params:	<none>
Path params:	<none>
Headers:		authorization=Bearer eyJhbGciOiJIUzI1NiIsInR5cCI6IkpXVCJ9.eyJpZCI6IjY3MDJhMWYwOWVkMjgwMDAxYjRkNmRlZSIsImlhdCI6MTcyODIyNTc3NiwiZXhwIjoxNzI4MjI2OTc2fQ.hnlaFqTa6fghXK-r04TvJ6H8S1CoGtOeiSjEWmFwLWg
				Accept=*/*
				Content-Type=application/json
Cookies:		<none>
Multiparts:		<none>
Body:			<none>
Request method:	DELETE
Request URI:	https://stellarburgers.nomoreparties.site/api/auth/user
Proxy:			<none>
Request params:	<none>
Query params:	<none>
Form params:	<none>
Path params:	<none>
Headers:		authorization=Bearer eyJhbGciOiJIUzI1NiIsInR5cCI6IkpXVCJ9.eyJpZCI6IjY3MDJhMWYwOWVkMjgwMDAxYjRkNmRlZSIsImlhdCI6MTcyODIyNTc3NiwiZXhwIjoxNzI4MjI2OTc2fQ.hnlaFqTa6fghXK-r04TvJ6H8S1CoGtOeiSjEWmFwLWg
				Accept=*/*
				Content-Type=application/json
Cookies:		<none>
Multiparts:		<none>
Body:			<none>
HTTP/1.1 202 Accepted
Date: Sun, 06 Oct 2024 14:42:58 GMT
Content-Type: application/json; charset=utf-8
Content-Length: 54
Connection: keep-alive
X-Powered-By: Express
Access-Control-Allow-Origin: *
ETag: W/"36-hDmZnQ3Ou/ynnqAeC6TYmyseuzY"
CF-Cache-Status: DYNAMIC
Report-To: {"endpoints":[{"url":"https:\/\/a.nel.cloudflare.com\/report\/v4?s=athWhVF8SwHw4NjUBKtitptZrikU%2BigMAtYeHD1klcvDnF4xgHOPOuL4ugojhOYJRbC9Urbqd1WhPcA3%2BD0nH9VBtX9%2FCoCVEGFFuNwo1Kf6FNP1ksnfX4LmgAWlsr0NFcafA5DQb3KXorleqdRhgrOmSz8%3D"}],"group":"cf-nel","max_age":604800}
NEL: {"success_fraction":0,"report_to":"cf-nel","max_age":604800}
Server: cloudflare
CF-RAY: 8ce66bcbefbe9e01-DME
alt-svc: h3=":443"; ma=86400

{
    "success": true,
    "message": "User successfully removed"
}
HTTP/1.1 202 Accepted
Date: Sun, 06 Oct 2024 14:42:58 GMT
Content-Type: application/json; charset=utf-8
Content-Length: 54
Connection: keep-alive
X-Powered-By: Express
Access-Control-Allow-Origin: *
ETag: W/"36-hDmZnQ3Ou/ynnqAeC6TYmyseuzY"
CF-Cache-Status: DYNAMIC
Report-To: {"endpoints":[{"url":"https:\/\/a.nel.cloudflare.com\/report\/v4?s=athWhVF8SwHw4NjUBKtitptZrikU%2BigMAtYeHD1klcvDnF4xgHOPOuL4ugojhOYJRbC9Urbqd1WhPcA3%2BD0nH9VBtX9%2FCoCVEGFFuNwo1Kf6FNP1ksnfX4LmgAWlsr0NFcafA5DQb3KXorleqdRhgrOmSz8%3D"}],"group":"cf-nel","max_age":604800}
NEL: {"success_fraction":0,"report_to":"cf-nel","max_age":604800}
Server: cloudflare
CF-RAY: 8ce66bcbefbe9e01-DME
alt-svc: h3=":443"; ma=86400

{
    "success": true,
    "message": "User successfully removed"
}
HTTP/1.1 202 Accepted
Date: Sun, 06 Oct 2024 14:42:58 GMT
Content-Type: application/json; charset=utf-8
Content-Length: 54
Connection: keep-alive
X-Powered-By: Express
Access-Control-Allow-Origin: *
ETag: W/"36-hDmZnQ3Ou/ynnqAeC6TYmyseuzY"
CF-Cache-Status: DYNAMIC
Report-To: {"endpoints":[{"url":"https:\/\/a.nel.cloudflare.com\/report\/v4?s=athWhVF8SwHw4NjUBKtitptZrikU%2BigMAtYeHD1klcvDnF4xgHOPOuL4ugojhOYJRbC9Urbqd1WhPcA3%2BD0nH9VBtX9%2FCoCVEGFFuNwo1Kf6FNP1ksnfX4LmgAWlsr0NFcafA5DQb3KXorleqdRhgrOmSz8%3D"}],"group":"cf-nel","max_age":604800}
NEL: {"success_fraction":0,"report_to":"cf-nel","max_age":604800}
Server: cloudflare
CF-RAY: 8ce66bcbefbe9e01-DME
alt-svc: h3=":443"; ma=86400

{
    "success": true,
    "message": "User successfully removed"
}
]]></system-out>
    <system-err><![CDATA[окт. 06, 2024 5:44:51 PM org.openqa.selenium.devtools.CdpVersionFinder findNearestMatch
WARNING: Unable to find an exact match for CDP version 129, returning the closest version; found: 125; Please update to a Selenium version that supports CDP version 129
]]></system-err>
  </testcase>
  <testcase name="transferToPersonalAccount" classname="AccountTest" time="6.459">
    <system-out><![CDATA[Request method:	POST
Request URI:	https://stellarburgers.nomoreparties.site/api/auth/register
Proxy:			<none>
Request params:	<none>
Query params:	<none>
Form params:	<none>
Path params:	<none>
Headers:		Accept=*/*
				Content-Type=application/json
Cookies:		<none>
Multiparts:		<none>
Body:
{
    "email": "VITMhmeFEp@yandex.ru",
    "password": "RklooE",
    "name": "KCjWzJ",
    "accessToken": null,
    "refreshToken": null
}
Request method:	POST
Request URI:	https://stellarburgers.nomoreparties.site/api/auth/register
Proxy:			<none>
Request params:	<none>
Query params:	<none>
Form params:	<none>
Path params:	<none>
Headers:		Accept=*/*
				Content-Type=application/json
Cookies:		<none>
Multiparts:		<none>
Body:
{
    "email": "VITMhmeFEp@yandex.ru",
    "password": "RklooE",
    "name": "KCjWzJ",
    "accessToken": null,
    "refreshToken": null
}
Request method:	POST
Request URI:	https://stellarburgers.nomoreparties.site/api/auth/register
Proxy:			<none>
Request params:	<none>
Query params:	<none>
Form params:	<none>
Path params:	<none>
Headers:		Accept=*/*
				Content-Type=application/json
Cookies:		<none>
Multiparts:		<none>
Body:
{
    "email": "VITMhmeFEp@yandex.ru",
    "password": "RklooE",
    "name": "KCjWzJ",
    "accessToken": null,
    "refreshToken": null
}
Request method:	POST
Request URI:	https://stellarburgers.nomoreparties.site/api/auth/register
Proxy:			<none>
Request params:	<none>
Query params:	<none>
Form params:	<none>
Path params:	<none>
Headers:		Accept=*/*
				Content-Type=application/json
Cookies:		<none>
Multiparts:		<none>
Body:
{
    "email": "VITMhmeFEp@yandex.ru",
    "password": "RklooE",
    "name": "KCjWzJ",
    "accessToken": null,
    "refreshToken": null
}
HTTP/1.1 200 OK
Date: Sun, 06 Oct 2024 14:43:02 GMT
Content-Type: application/json; charset=utf-8
Transfer-Encoding: chunked
Connection: keep-alive
X-Powered-By: Express
Access-Control-Allow-Origin: *
authorization: Bearer eyJhbGciOiJIUzI1NiIsInR5cCI6IkpXVCJ9.eyJpZCI6IjY3MDJhMWY2OWVkMjgwMDAxYjRkNmRmMSIsImlhdCI6MTcyODIyNTc4MiwiZXhwIjoxNzI4MjI2OTgyfQ._zg4RX0fOFWKAOBezWtZ4_UngF6Q8q4KDkjGCxWjy9k
ETag: W/"16d-UEDgZW2QaJZVtncHZKm0DuJH16k"
CF-Cache-Status: DYNAMIC
Report-To: {"endpoints":[{"url":"https:\/\/a.nel.cloudflare.com\/report\/v4?s=PO5pcHofjY7Gm0O8enz2WTJcPcj2nspUrHJxR31fhNRT3mSDjNSKP4YfgPlN2tAx9LFF4TvwVCldwf98aw6ozGURaPe7Sd8mGTFfBXyeMrZv6LRDiARY0X1KNH7zbts%2Fn%2BF%2BWqpWJQNVv%2FL9yg65Q80GAjA%3D"}],"group":"cf-nel","max_age":604800}
NEL: {"success_fraction":0,"report_to":"cf-nel","max_age":604800}
Server: cloudflare
CF-RAY: 8ce66be0dfbfb06e-ATL
Content-Encoding: gzip

{
    "success": true,
    "user": {
        "email": "vitmhmefep@yandex.ru",
        "name": "KCjWzJ"
    },
    "accessToken": "Bearer eyJhbGciOiJIUzI1NiIsInR5cCI6IkpXVCJ9.eyJpZCI6IjY3MDJhMWY2OWVkMjgwMDAxYjRkNmRmMSIsImlhdCI6MTcyODIyNTc4MiwiZXhwIjoxNzI4MjI2OTgyfQ._zg4RX0fOFWKAOBezWtZ4_UngF6Q8q4KDkjGCxWjy9k",
    "refreshToken": "d83234684d4c6393b236cb2d8ba449c0f3630f665116a228f03d9b040561917135009b1fc23b768a"
}
HTTP/1.1 200 OK
Date: Sun, 06 Oct 2024 14:43:02 GMT
Content-Type: application/json; charset=utf-8
Transfer-Encoding: chunked
Connection: keep-alive
X-Powered-By: Express
Access-Control-Allow-Origin: *
authorization: Bearer eyJhbGciOiJIUzI1NiIsInR5cCI6IkpXVCJ9.eyJpZCI6IjY3MDJhMWY2OWVkMjgwMDAxYjRkNmRmMSIsImlhdCI6MTcyODIyNTc4MiwiZXhwIjoxNzI4MjI2OTgyfQ._zg4RX0fOFWKAOBezWtZ4_UngF6Q8q4KDkjGCxWjy9k
ETag: W/"16d-UEDgZW2QaJZVtncHZKm0DuJH16k"
CF-Cache-Status: DYNAMIC
Report-To: {"endpoints":[{"url":"https:\/\/a.nel.cloudflare.com\/report\/v4?s=PO5pcHofjY7Gm0O8enz2WTJcPcj2nspUrHJxR31fhNRT3mSDjNSKP4YfgPlN2tAx9LFF4TvwVCldwf98aw6ozGURaPe7Sd8mGTFfBXyeMrZv6LRDiARY0X1KNH7zbts%2Fn%2BF%2BWqpWJQNVv%2FL9yg65Q80GAjA%3D"}],"group":"cf-nel","max_age":604800}
NEL: {"success_fraction":0,"report_to":"cf-nel","max_age":604800}
Server: cloudflare
CF-RAY: 8ce66be0dfbfb06e-ATL
Content-Encoding: gzip

{
    "success": true,
    "user": {
        "email": "vitmhmefep@yandex.ru",
        "name": "KCjWzJ"
    },
    "accessToken": "Bearer eyJhbGciOiJIUzI1NiIsInR5cCI6IkpXVCJ9.eyJpZCI6IjY3MDJhMWY2OWVkMjgwMDAxYjRkNmRmMSIsImlhdCI6MTcyODIyNTc4MiwiZXhwIjoxNzI4MjI2OTgyfQ._zg4RX0fOFWKAOBezWtZ4_UngF6Q8q4KDkjGCxWjy9k",
    "refreshToken": "d83234684d4c6393b236cb2d8ba449c0f3630f665116a228f03d9b040561917135009b1fc23b768a"
}
HTTP/1.1 200 OK
Date: Sun, 06 Oct 2024 14:43:02 GMT
Content-Type: application/json; charset=utf-8
Transfer-Encoding: chunked
Connection: keep-alive
X-Powered-By: Express
Access-Control-Allow-Origin: *
authorization: Bearer eyJhbGciOiJIUzI1NiIsInR5cCI6IkpXVCJ9.eyJpZCI6IjY3MDJhMWY2OWVkMjgwMDAxYjRkNmRmMSIsImlhdCI6MTcyODIyNTc4MiwiZXhwIjoxNzI4MjI2OTgyfQ._zg4RX0fOFWKAOBezWtZ4_UngF6Q8q4KDkjGCxWjy9k
ETag: W/"16d-UEDgZW2QaJZVtncHZKm0DuJH16k"
CF-Cache-Status: DYNAMIC
Report-To: {"endpoints":[{"url":"https:\/\/a.nel.cloudflare.com\/report\/v4?s=PO5pcHofjY7Gm0O8enz2WTJcPcj2nspUrHJxR31fhNRT3mSDjNSKP4YfgPlN2tAx9LFF4TvwVCldwf98aw6ozGURaPe7Sd8mGTFfBXyeMrZv6LRDiARY0X1KNH7zbts%2Fn%2BF%2BWqpWJQNVv%2FL9yg65Q80GAjA%3D"}],"group":"cf-nel","max_age":604800}
NEL: {"success_fraction":0,"report_to":"cf-nel","max_age":604800}
Server: cloudflare
CF-RAY: 8ce66be0dfbfb06e-ATL
Content-Encoding: gzip

{
    "success": true,
    "user": {
        "email": "vitmhmefep@yandex.ru",
        "name": "KCjWzJ"
    },
    "accessToken": "Bearer eyJhbGciOiJIUzI1NiIsInR5cCI6IkpXVCJ9.eyJpZCI6IjY3MDJhMWY2OWVkMjgwMDAxYjRkNmRmMSIsImlhdCI6MTcyODIyNTc4MiwiZXhwIjoxNzI4MjI2OTgyfQ._zg4RX0fOFWKAOBezWtZ4_UngF6Q8q4KDkjGCxWjy9k",
    "refreshToken": "d83234684d4c6393b236cb2d8ba449c0f3630f665116a228f03d9b040561917135009b1fc23b768a"
}
HTTP/1.1 200 OK
Date: Sun, 06 Oct 2024 14:43:02 GMT
Content-Type: application/json; charset=utf-8
Transfer-Encoding: chunked
Connection: keep-alive
X-Powered-By: Express
Access-Control-Allow-Origin: *
authorization: Bearer eyJhbGciOiJIUzI1NiIsInR5cCI6IkpXVCJ9.eyJpZCI6IjY3MDJhMWY2OWVkMjgwMDAxYjRkNmRmMSIsImlhdCI6MTcyODIyNTc4MiwiZXhwIjoxNzI4MjI2OTgyfQ._zg4RX0fOFWKAOBezWtZ4_UngF6Q8q4KDkjGCxWjy9k
ETag: W/"16d-UEDgZW2QaJZVtncHZKm0DuJH16k"
CF-Cache-Status: DYNAMIC
Report-To: {"endpoints":[{"url":"https:\/\/a.nel.cloudflare.com\/report\/v4?s=PO5pcHofjY7Gm0O8enz2WTJcPcj2nspUrHJxR31fhNRT3mSDjNSKP4YfgPlN2tAx9LFF4TvwVCldwf98aw6ozGURaPe7Sd8mGTFfBXyeMrZv6LRDiARY0X1KNH7zbts%2Fn%2BF%2BWqpWJQNVv%2FL9yg65Q80GAjA%3D"}],"group":"cf-nel","max_age":604800}
NEL: {"success_fraction":0,"report_to":"cf-nel","max_age":604800}
Server: cloudflare
CF-RAY: 8ce66be0dfbfb06e-ATL
Content-Encoding: gzip

{
    "success": true,
    "user": {
        "email": "vitmhmefep@yandex.ru",
        "name": "KCjWzJ"
    },
    "accessToken": "Bearer eyJhbGciOiJIUzI1NiIsInR5cCI6IkpXVCJ9.eyJpZCI6IjY3MDJhMWY2OWVkMjgwMDAxYjRkNmRmMSIsImlhdCI6MTcyODIyNTc4MiwiZXhwIjoxNzI4MjI2OTgyfQ._zg4RX0fOFWKAOBezWtZ4_UngF6Q8q4KDkjGCxWjy9k",
    "refreshToken": "d83234684d4c6393b236cb2d8ba449c0f3630f665116a228f03d9b040561917135009b1fc23b768a"
}
Request method:	DELETE
Request URI:	https://stellarburgers.nomoreparties.site/api/auth/user
Proxy:			<none>
Request params:	<none>
Query params:	<none>
Form params:	<none>
Path params:	<none>
Headers:		authorization=Bearer eyJhbGciOiJIUzI1NiIsInR5cCI6IkpXVCJ9.eyJpZCI6IjY3MDJhMWY2OWVkMjgwMDAxYjRkNmRmMSIsImlhdCI6MTcyODIyNTc4MiwiZXhwIjoxNzI4MjI2OTgyfQ._zg4RX0fOFWKAOBezWtZ4_UngF6Q8q4KDkjGCxWjy9k
				Accept=*/*
				Content-Type=application/json
Cookies:		<none>
Multiparts:		<none>
Body:			<none>
Request method:	DELETE
Request URI:	https://stellarburgers.nomoreparties.site/api/auth/user
Proxy:			<none>
Request params:	<none>
Query params:	<none>
Form params:	<none>
Path params:	<none>
Headers:		authorization=Bearer eyJhbGciOiJIUzI1NiIsInR5cCI6IkpXVCJ9.eyJpZCI6IjY3MDJhMWY2OWVkMjgwMDAxYjRkNmRmMSIsImlhdCI6MTcyODIyNTc4MiwiZXhwIjoxNzI4MjI2OTgyfQ._zg4RX0fOFWKAOBezWtZ4_UngF6Q8q4KDkjGCxWjy9k
				Accept=*/*
				Content-Type=application/json
Cookies:		<none>
Multiparts:		<none>
Body:			<none>
Request method:	DELETE
Request URI:	https://stellarburgers.nomoreparties.site/api/auth/user
Proxy:			<none>
Request params:	<none>
Query params:	<none>
Form params:	<none>
Path params:	<none>
Headers:		authorization=Bearer eyJhbGciOiJIUzI1NiIsInR5cCI6IkpXVCJ9.eyJpZCI6IjY3MDJhMWY2OWVkMjgwMDAxYjRkNmRmMSIsImlhdCI6MTcyODIyNTc4MiwiZXhwIjoxNzI4MjI2OTgyfQ._zg4RX0fOFWKAOBezWtZ4_UngF6Q8q4KDkjGCxWjy9k
				Accept=*/*
				Content-Type=application/json
Cookies:		<none>
Multiparts:		<none>
Body:			<none>
Request method:	DELETE
Request URI:	https://stellarburgers.nomoreparties.site/api/auth/user
Proxy:			<none>
Request params:	<none>
Query params:	<none>
Form params:	<none>
Path params:	<none>
Headers:		authorization=Bearer eyJhbGciOiJIUzI1NiIsInR5cCI6IkpXVCJ9.eyJpZCI6IjY3MDJhMWY2OWVkMjgwMDAxYjRkNmRmMSIsImlhdCI6MTcyODIyNTc4MiwiZXhwIjoxNzI4MjI2OTgyfQ._zg4RX0fOFWKAOBezWtZ4_UngF6Q8q4KDkjGCxWjy9k
				Accept=*/*
				Content-Type=application/json
Cookies:		<none>
Multiparts:		<none>
Body:			<none>
HTTP/1.1 202 Accepted
Date: Sun, 06 Oct 2024 14:43:05 GMT
Content-Type: application/json; charset=utf-8
Content-Length: 54
Connection: keep-alive
X-Powered-By: Express
Access-Control-Allow-Origin: *
ETag: W/"36-hDmZnQ3Ou/ynnqAeC6TYmyseuzY"
cf-cache-status: DYNAMIC
Report-To: {"endpoints":[{"url":"https:\/\/a.nel.cloudflare.com\/report\/v4?s=I9YI6%2FN294WY46RHkfWD9eNpgqsmLQmgqI7MBEN480he3EAokS5%2FI1MlbupSIpAtV9alTgtPZECto21RzL2hwa0YkfDVR6%2F4iLm5kxcpm0WqYqNc3%2BkVHYgHvcOt38QDc9emVJo8Dc7xpxqYvLXipeKvL9Y%3D"}],"group":"cf-nel","max_age":604800}
NEL: {"success_fraction":0,"report_to":"cf-nel","max_age":604800}
Server: cloudflare
CF-RAY: 8ce66bf24fecaac6-YYZ

{
    "success": true,
    "message": "User successfully removed"
}
HTTP/1.1 202 Accepted
Date: Sun, 06 Oct 2024 14:43:05 GMT
Content-Type: application/json; charset=utf-8
Content-Length: 54
Connection: keep-alive
X-Powered-By: Express
Access-Control-Allow-Origin: *
ETag: W/"36-hDmZnQ3Ou/ynnqAeC6TYmyseuzY"
cf-cache-status: DYNAMIC
Report-To: {"endpoints":[{"url":"https:\/\/a.nel.cloudflare.com\/report\/v4?s=I9YI6%2FN294WY46RHkfWD9eNpgqsmLQmgqI7MBEN480he3EAokS5%2FI1MlbupSIpAtV9alTgtPZECto21RzL2hwa0YkfDVR6%2F4iLm5kxcpm0WqYqNc3%2BkVHYgHvcOt38QDc9emVJo8Dc7xpxqYvLXipeKvL9Y%3D"}],"group":"cf-nel","max_age":604800}
NEL: {"success_fraction":0,"report_to":"cf-nel","max_age":604800}
Server: cloudflare
CF-RAY: 8ce66bf24fecaac6-YYZ

{
    "success": true,
    "message": "User successfully removed"
}
HTTP/1.1 202 Accepted
Date: Sun, 06 Oct 2024 14:43:05 GMT
Content-Type: application/json; charset=utf-8
Content-Length: 54
Connection: keep-alive
X-Powered-By: Express
Access-Control-Allow-Origin: *
ETag: W/"36-hDmZnQ3Ou/ynnqAeC6TYmyseuzY"
cf-cache-status: DYNAMIC
Report-To: {"endpoints":[{"url":"https:\/\/a.nel.cloudflare.com\/report\/v4?s=I9YI6%2FN294WY46RHkfWD9eNpgqsmLQmgqI7MBEN480he3EAokS5%2FI1MlbupSIpAtV9alTgtPZECto21RzL2hwa0YkfDVR6%2F4iLm5kxcpm0WqYqNc3%2BkVHYgHvcOt38QDc9emVJo8Dc7xpxqYvLXipeKvL9Y%3D"}],"group":"cf-nel","max_age":604800}
NEL: {"success_fraction":0,"report_to":"cf-nel","max_age":604800}
Server: cloudflare
CF-RAY: 8ce66bf24fecaac6-YYZ

{
    "success": true,
    "message": "User successfully removed"
}
HTTP/1.1 202 Accepted
Date: Sun, 06 Oct 2024 14:43:05 GMT
Content-Type: application/json; charset=utf-8
Content-Length: 54
Connection: keep-alive
X-Powered-By: Express
Access-Control-Allow-Origin: *
ETag: W/"36-hDmZnQ3Ou/ynnqAeC6TYmyseuzY"
cf-cache-status: DYNAMIC
Report-To: {"endpoints":[{"url":"https:\/\/a.nel.cloudflare.com\/report\/v4?s=I9YI6%2FN294WY46RHkfWD9eNpgqsmLQmgqI7MBEN480he3EAokS5%2FI1MlbupSIpAtV9alTgtPZECto21RzL2hwa0YkfDVR6%2F4iLm5kxcpm0WqYqNc3%2BkVHYgHvcOt38QDc9emVJo8Dc7xpxqYvLXipeKvL9Y%3D"}],"group":"cf-nel","max_age":604800}
NEL: {"success_fraction":0,"report_to":"cf-nel","max_age":604800}
Server: cloudflare
CF-RAY: 8ce66bf24fecaac6-YYZ

{
    "success": true,
    "message": "User successfully removed"
}
]]></system-out>
    <system-err><![CDATA[окт. 06, 2024 5:44:58 PM org.openqa.selenium.devtools.CdpVersionFinder findNearestMatch
WARNING: Unable to find an exact match for CDP version 129, returning the closest version; found: 125; Please update to a Selenium version that supports CDP version 129
]]></system-err>
  </testcase>
</testsuite>