<?xml version="1.0" encoding="UTF-8"?>
<testsuite xmlns:xsi="http://www.w3.org/2001/XMLSchema-instance" xsi:noNamespaceSchemaLocation="https://maven.apache.org/surefire/maven-surefire-plugin/xsd/surefire-test-report-3.0.xsd" version="3.0" name="LoginTest" time="32.372" tests="4" errors="0" skipped="0" failures="0">
  <properties>
[...]
</properties>
  <testcase name="loginToAccountButtonTest" classname="LoginTest" time="4.914">
    <system-out><![CDATA[Request method:	POST
Request URI:	https://stellarburgers.nomoreparties.site/api/auth/register
Proxy:			<none>
Request params:	<none>
Query params:	<none>
Form params:	<none>
Path params:	<none>
Headers:		Accept=*/*
				Content-Type=application/json
Cookies:		<none>
Multiparts:		<none>
Body:
{
    "email": "pwWqgnkIyG@yandex.ru",
    "password": "MAuzpI",
    "name": "cgmblS",
    "accessToken": null,
    "refreshToken": null
}
Request method:	POST
Request URI:	https://stellarburgers.nomoreparties.site/api/auth/register
Proxy:			<none>
Request params:	<none>
Query params:	<none>
Form params:	<none>
Path params:	<none>
Headers:		Accept=*/*
				Content-Type=application/json
Cookies:		<none>
Multiparts:		<none>
Body:
{
    "email": "pwWqgnkIyG@yandex.ru",
    "password": "MAuzpI",
    "name": "cgmblS",
    "accessToken": null,
    "refreshToken": null
}
Request method:	POST
Request URI:	https://stellarburgers.nomoreparties.site/api/auth/register
Proxy:			<none>
Request params:	<none>
Query params:	<none>
Form params:	<none>
Path params:	<none>
Headers:		Accept=*/*
				Content-Type=application/json
Cookies:		<none>
Multiparts:		<none>
Body:
{
    "email": "pwWqgnkIyG@yandex.ru",
    "password": "MAuzpI",
    "name": "cgmblS",
    "accessToken": null,
    "refreshToken": null
}
Request method:	POST
Request URI:	https://stellarburgers.nomoreparties.site/api/auth/register
Proxy:			<none>
Request params:	<none>
Query params:	<none>
Form params:	<none>
Path params:	<none>
Headers:		Accept=*/*
				Content-Type=application/json
Cookies:		<none>
Multiparts:		<none>
Body:
{
    "email": "pwWqgnkIyG@yandex.ru",
    "password": "MAuzpI",
    "name": "cgmblS",
    "accessToken": null,
    "refreshToken": null
}
Request method:	POST
Request URI:	https://stellarburgers.nomoreparties.site/api/auth/register
Proxy:			<none>
Request params:	<none>
Query params:	<none>
Form params:	<none>
Path params:	<none>
Headers:		Accept=*/*
				Content-Type=application/json
Cookies:		<none>
Multiparts:		<none>
Body:
{
    "email": "pwWqgnkIyG@yandex.ru",
    "password": "MAuzpI",
    "name": "cgmblS",
    "accessToken": null,
    "refreshToken": null
}
Request method:	POST
Request URI:	https://stellarburgers.nomoreparties.site/api/auth/register
Proxy:			<none>
Request params:	<none>
Query params:	<none>
Form params:	<none>
Path params:	<none>
Headers:		Accept=*/*
				Content-Type=application/json
Cookies:		<none>
Multiparts:		<none>
Body:
{
    "email": "pwWqgnkIyG@yandex.ru",
    "password": "MAuzpI",
    "name": "cgmblS",
    "accessToken": null,
    "refreshToken": null
}
Request method:	POST
Request URI:	https://stellarburgers.nomoreparties.site/api/auth/register
Proxy:			<none>
Request params:	<none>
Query params:	<none>
Form params:	<none>
Path params:	<none>
Headers:		Accept=*/*
				Content-Type=application/json
Cookies:		<none>
Multiparts:		<none>
Body:
{
    "email": "pwWqgnkIyG@yandex.ru",
    "password": "MAuzpI",
    "name": "cgmblS",
    "accessToken": null,
    "refreshToken": null
}
Request method:	POST
Request URI:	https://stellarburgers.nomoreparties.site/api/auth/register
Proxy:			<none>
Request params:	<none>
Query params:	<none>
Form params:	<none>
Path params:	<none>
Headers:		Accept=*/*
				Content-Type=application/json
Cookies:		<none>
Multiparts:		<none>
Body:
{
    "email": "pwWqgnkIyG@yandex.ru",
    "password": "MAuzpI",
    "name": "cgmblS",
    "accessToken": null,
    "refreshToken": null
}
HTTP/1.1 200 OK
Date: Sun, 06 Oct 2024 14:43:16 GMT
Content-Type: application/json; charset=utf-8
Transfer-Encoding: chunked
Connection: keep-alive
X-Powered-By: Express
Access-Control-Allow-Origin: *
authorization: Bearer eyJhbGciOiJIUzI1NiIsInR5cCI6IkpXVCJ9.eyJpZCI6IjY3MDJhMjA0OWVkMjgwMDAxYjRkNmRmNiIsImlhdCI6MTcyODIyNTc5NiwiZXhwIjoxNzI4MjI2OTk2fQ.r-jtHXeWMRQI_bF2aZwAPPu6pZOkzp0lh5eTPztpok4
ETag: W/"16d-ZlTHqj7baKYeX88/3SCH47/NQ7E"
cf-cache-status: DYNAMIC
Report-To: {"endpoints":[{"url":"https:\/\/a.nel.cloudflare.com\/report\/v4?s=HvOHOu%2B81RNymG%2FqS3THHGF0Ig2O3OcPp5Mo%2F%2BINUjMiYiTzesXEdtZgXayvM4NtWctCowZL3TnYFoEKlWmcl9psS8kdTHtse5LsvQHWQBjy1Og3j%2F3RlcJZBzz9FfvJ1hPwXjCegbZ2QtS2UrJBE9T%2B7eg%3D"}],"group":"cf-nel","max_age":604800}
NEL: {"success_fraction":0,"report_to":"cf-nel","max_age":604800}
Server: cloudflare
CF-RAY: 8ce66c36780ab0cd-ATL
Content-Encoding: gzip

{
    "success": true,
    "user": {
        "email": "pwwqgnkiyg@yandex.ru",
        "name": "cgmblS"
    },
    "accessToken": "Bearer eyJhbGciOiJIUzI1NiIsInR5cCI6IkpXVCJ9.eyJpZCI6IjY3MDJhMjA0OWVkMjgwMDAxYjRkNmRmNiIsImlhdCI6MTcyODIyNTc5NiwiZXhwIjoxNzI4MjI2OTk2fQ.r-jtHXeWMRQI_bF2aZwAPPu6pZOkzp0lh5eTPztpok4",
    "refreshToken": "bd7929c056905afe9b720ed3bcc3d61a98ec5742eb25bf1abba85f40beddff0ce93aaab64ac7fc29"
}
HTTP/1.1 200 OK
Date: Sun, 06 Oct 2024 14:43:16 GMT
Content-Type: application/json; charset=utf-8
Transfer-Encoding: chunked
Connection: keep-alive
X-Powered-By: Express
Access-Control-Allow-Origin: *
authorization: Bearer eyJhbGciOiJIUzI1NiIsInR5cCI6IkpXVCJ9.eyJpZCI6IjY3MDJhMjA0OWVkMjgwMDAxYjRkNmRmNiIsImlhdCI6MTcyODIyNTc5NiwiZXhwIjoxNzI4MjI2OTk2fQ.r-jtHXeWMRQI_bF2aZwAPPu6pZOkzp0lh5eTPztpok4
ETag: W/"16d-ZlTHqj7baKYeX88/3SCH47/NQ7E"
cf-cache-status: DYNAMIC
Report-To: {"endpoints":[{"url":"https:\/\/a.nel.cloudflare.com\/report\/v4?s=HvOHOu%2B81RNymG%2FqS3THHGF0Ig2O3OcPp5Mo%2F%2BINUjMiYiTzesXEdtZgXayvM4NtWctCowZL3TnYFoEKlWmcl9psS8kdTHtse5LsvQHWQBjy1Og3j%2F3RlcJZBzz9FfvJ1hPwXjCegbZ2QtS2UrJBE9T%2B7eg%3D"}],"group":"cf-nel","max_age":604800}
NEL: {"success_fraction":0,"report_to":"cf-nel","max_age":604800}
Server: cloudflare
CF-RAY: 8ce66c36780ab0cd-ATL
Content-Encoding: gzip

{
    "success": true,
    "user": {
        "email": "pwwqgnkiyg@yandex.ru",
        "name": "cgmblS"
    },
    "accessToken": "Bearer eyJhbGciOiJIUzI1NiIsInR5cCI6IkpXVCJ9.eyJpZCI6IjY3MDJhMjA0OWVkMjgwMDAxYjRkNmRmNiIsImlhdCI6MTcyODIyNTc5NiwiZXhwIjoxNzI4MjI2OTk2fQ.r-jtHXeWMRQI_bF2aZwAPPu6pZOkzp0lh5eTPztpok4",
    "refreshToken": "bd7929c056905afe9b720ed3bcc3d61a98ec5742eb25bf1abba85f40beddff0ce93aaab64ac7fc29"
}
HTTP/1.1 200 OK
Date: Sun, 06 Oct 2024 14:43:16 GMT
Content-Type: application/json; charset=utf-8
Transfer-Encoding: chunked
Connection: keep-alive
X-Powered-By: Express
Access-Control-Allow-Origin: *
authorization: Bearer eyJhbGciOiJIUzI1NiIsInR5cCI6IkpXVCJ9.eyJpZCI6IjY3MDJhMjA0OWVkMjgwMDAxYjRkNmRmNiIsImlhdCI6MTcyODIyNTc5NiwiZXhwIjoxNzI4MjI2OTk2fQ.r-jtHXeWMRQI_bF2aZwAPPu6pZOkzp0lh5eTPztpok4
ETag: W/"16d-ZlTHqj7baKYeX88/3SCH47/NQ7E"
cf-cache-status: DYNAMIC
Report-To: {"endpoints":[{"url":"https:\/\/a.nel.cloudflare.com\/report\/v4?s=HvOHOu%2B81RNymG%2FqS3THHGF0Ig2O3OcPp5Mo%2F%2BINUjMiYiTzesXEdtZgXayvM4NtWctCowZL3TnYFoEKlWmcl9psS8kdTHtse5LsvQHWQBjy1Og3j%2F3RlcJZBzz9FfvJ1hPwXjCegbZ2QtS2UrJBE9T%2B7eg%3D"}],"group":"cf-nel","max_age":604800}
NEL: {"success_fraction":0,"report_to":"cf-nel","max_age":604800}
Server: cloudflare
CF-RAY: 8ce66c36780ab0cd-ATL
Content-Encoding: gzip

{
    "success": true,
    "user": {
        "email": "pwwqgnkiyg@yandex.ru",
        "name": "cgmblS"
    },
    "accessToken": "Bearer eyJhbGciOiJIUzI1NiIsInR5cCI6IkpXVCJ9.eyJpZCI6IjY3MDJhMjA0OWVkMjgwMDAxYjRkNmRmNiIsImlhdCI6MTcyODIyNTc5NiwiZXhwIjoxNzI4MjI2OTk2fQ.r-jtHXeWMRQI_bF2aZwAPPu6pZOkzp0lh5eTPztpok4",
    "refreshToken": "bd7929c056905afe9b720ed3bcc3d61a98ec5742eb25bf1abba85f40beddff0ce93aaab64ac7fc29"
}
HTTP/1.1 200 OK
Date: Sun, 06 Oct 2024 14:43:16 GMT
Content-Type: application/json; charset=utf-8
Transfer-Encoding: chunked
Connection: keep-alive
X-Powered-By: Express
Access-Control-Allow-Origin: *
authorization: Bearer eyJhbGciOiJIUzI1NiIsInR5cCI6IkpXVCJ9.eyJpZCI6IjY3MDJhMjA0OWVkMjgwMDAxYjRkNmRmNiIsImlhdCI6MTcyODIyNTc5NiwiZXhwIjoxNzI4MjI2OTk2fQ.r-jtHXeWMRQI_bF2aZwAPPu6pZOkzp0lh5eTPztpok4
ETag: W/"16d-ZlTHqj7baKYeX88/3SCH47/NQ7E"
cf-cache-status: DYNAMIC
Report-To: {"endpoints":[{"url":"https:\/\/a.nel.cloudflare.com\/report\/v4?s=HvOHOu%2B81RNymG%2FqS3THHGF0Ig2O3OcPp5Mo%2F%2BINUjMiYiTzesXEdtZgXayvM4NtWctCowZL3TnYFoEKlWmcl9psS8kdTHtse5LsvQHWQBjy1Og3j%2F3RlcJZBzz9FfvJ1hPwXjCegbZ2QtS2UrJBE9T%2B7eg%3D"}],"group":"cf-nel","max_age":604800}
NEL: {"success_fraction":0,"report_to":"cf-nel","max_age":604800}
Server: cloudflare
CF-RAY: 8ce66c36780ab0cd-ATL
Content-Encoding: gzip

{
    "success": true,
    "user": {
        "email": "pwwqgnkiyg@yandex.ru",
        "name": "cgmblS"
    },
    "accessToken": "Bearer eyJhbGciOiJIUzI1NiIsInR5cCI6IkpXVCJ9.eyJpZCI6IjY3MDJhMjA0OWVkMjgwMDAxYjRkNmRmNiIsImlhdCI6MTcyODIyNTc5NiwiZXhwIjoxNzI4MjI2OTk2fQ.r-jtHXeWMRQI_bF2aZwAPPu6pZOkzp0lh5eTPztpok4",
    "refreshToken": "bd7929c056905afe9b720ed3bcc3d61a98ec5742eb25bf1abba85f40beddff0ce93aaab64ac7fc29"
}
HTTP/1.1 200 OK
Date: Sun, 06 Oct 2024 14:43:16 GMT
Content-Type: application/json; charset=utf-8
Transfer-Encoding: chunked
Connection: keep-alive
X-Powered-By: Express
Access-Control-Allow-Origin: *
authorization: Bearer eyJhbGciOiJIUzI1NiIsInR5cCI6IkpXVCJ9.eyJpZCI6IjY3MDJhMjA0OWVkMjgwMDAxYjRkNmRmNiIsImlhdCI6MTcyODIyNTc5NiwiZXhwIjoxNzI4MjI2OTk2fQ.r-jtHXeWMRQI_bF2aZwAPPu6pZOkzp0lh5eTPztpok4
ETag: W/"16d-ZlTHqj7baKYeX88/3SCH47/NQ7E"
cf-cache-status: DYNAMIC
Report-To: {"endpoints":[{"url":"https:\/\/a.nel.cloudflare.com\/report\/v4?s=HvOHOu%2B81RNymG%2FqS3THHGF0Ig2O3OcPp5Mo%2F%2BINUjMiYiTzesXEdtZgXayvM4NtWctCowZL3TnYFoEKlWmcl9psS8kdTHtse5LsvQHWQBjy1Og3j%2F3RlcJZBzz9FfvJ1hPwXjCegbZ2QtS2UrJBE9T%2B7eg%3D"}],"group":"cf-nel","max_age":604800}
NEL: {"success_fraction":0,"report_to":"cf-nel","max_age":604800}
Server: cloudflare
CF-RAY: 8ce66c36780ab0cd-ATL
Content-Encoding: gzip

{
    "success": true,
    "user": {
        "email": "pwwqgnkiyg@yandex.ru",
        "name": "cgmblS"
    },
    "accessToken": "Bearer eyJhbGciOiJIUzI1NiIsInR5cCI6IkpXVCJ9.eyJpZCI6IjY3MDJhMjA0OWVkMjgwMDAxYjRkNmRmNiIsImlhdCI6MTcyODIyNTc5NiwiZXhwIjoxNzI4MjI2OTk2fQ.r-jtHXeWMRQI_bF2aZwAPPu6pZOkzp0lh5eTPztpok4",
    "refreshToken": "bd7929c056905afe9b720ed3bcc3d61a98ec5742eb25bf1abba85f40beddff0ce93aaab64ac7fc29"
}
HTTP/1.1 200 OK
Date: Sun, 06 Oct 2024 14:43:16 GMT
Content-Type: application/json; charset=utf-8
Transfer-Encoding: chunked
Connection: keep-alive
X-Powered-By: Express
Access-Control-Allow-Origin: *
authorization: Bearer eyJhbGciOiJIUzI1NiIsInR5cCI6IkpXVCJ9.eyJpZCI6IjY3MDJhMjA0OWVkMjgwMDAxYjRkNmRmNiIsImlhdCI6MTcyODIyNTc5NiwiZXhwIjoxNzI4MjI2OTk2fQ.r-jtHXeWMRQI_bF2aZwAPPu6pZOkzp0lh5eTPztpok4
ETag: W/"16d-ZlTHqj7baKYeX88/3SCH47/NQ7E"
cf-cache-status: DYNAMIC
Report-To: {"endpoints":[{"url":"https:\/\/a.nel.cloudflare.com\/report\/v4?s=HvOHOu%2B81RNymG%2FqS3THHGF0Ig2O3OcPp5Mo%2F%2BINUjMiYiTzesXEdtZgXayvM4NtWctCowZL3TnYFoEKlWmcl9psS8kdTHtse5LsvQHWQBjy1Og3j%2F3RlcJZBzz9FfvJ1hPwXjCegbZ2QtS2UrJBE9T%2B7eg%3D"}],"group":"cf-nel","max_age":604800}
NEL: {"success_fraction":0,"report_to":"cf-nel","max_age":604800}
Server: cloudflare
CF-RAY: 8ce66c36780ab0cd-ATL
Content-Encoding: gzip

{
    "success": true,
    "user": {
        "email": "pwwqgnkiyg@yandex.ru",
        "name": "cgmblS"
    },
    "accessToken": "Bearer eyJhbGciOiJIUzI1NiIsInR5cCI6IkpXVCJ9.eyJpZCI6IjY3MDJhMjA0OWVkMjgwMDAxYjRkNmRmNiIsImlhdCI6MTcyODIyNTc5NiwiZXhwIjoxNzI4MjI2OTk2fQ.r-jtHXeWMRQI_bF2aZwAPPu6pZOkzp0lh5eTPztpok4",
    "refreshToken": "bd7929c056905afe9b720ed3bcc3d61a98ec5742eb25bf1abba85f40beddff0ce93aaab64ac7fc29"
}
HTTP/1.1 200 OK
Date: Sun, 06 Oct 2024 14:43:16 GMT
Content-Type: application/json; charset=utf-8
Transfer-Encoding: chunked
Connection: keep-alive
X-Powered-By: Express
Access-Control-Allow-Origin: *
authorization: Bearer eyJhbGciOiJIUzI1NiIsInR5cCI6IkpXVCJ9.eyJpZCI6IjY3MDJhMjA0OWVkMjgwMDAxYjRkNmRmNiIsImlhdCI6MTcyODIyNTc5NiwiZXhwIjoxNzI4MjI2OTk2fQ.r-jtHXeWMRQI_bF2aZwAPPu6pZOkzp0lh5eTPztpok4
ETag: W/"16d-ZlTHqj7baKYeX88/3SCH47/NQ7E"
cf-cache-status: DYNAMIC
Report-To: {"endpoints":[{"url":"https:\/\/a.nel.cloudflare.com\/report\/v4?s=HvOHOu%2B81RNymG%2FqS3THHGF0Ig2O3OcPp5Mo%2F%2BINUjMiYiTzesXEdtZgXayvM4NtWctCowZL3TnYFoEKlWmcl9psS8kdTHtse5LsvQHWQBjy1Og3j%2F3RlcJZBzz9FfvJ1hPwXjCegbZ2QtS2UrJBE9T%2B7eg%3D"}],"group":"cf-nel","max_age":604800}
NEL: {"success_fraction":0,"report_to":"cf-nel","max_age":604800}
Server: cloudflare
CF-RAY: 8ce66c36780ab0cd-ATL
Content-Encoding: gzip

{
    "success": true,
    "user": {
        "email": "pwwqgnkiyg@yandex.ru",
        "name": "cgmblS"
    },
    "accessToken": "Bearer eyJhbGciOiJIUzI1NiIsInR5cCI6IkpXVCJ9.eyJpZCI6IjY3MDJhMjA0OWVkMjgwMDAxYjRkNmRmNiIsImlhdCI6MTcyODIyNTc5NiwiZXhwIjoxNzI4MjI2OTk2fQ.r-jtHXeWMRQI_bF2aZwAPPu6pZOkzp0lh5eTPztpok4",
    "refreshToken": "bd7929c056905afe9b720ed3bcc3d61a98ec5742eb25bf1abba85f40beddff0ce93aaab64ac7fc29"
}
HTTP/1.1 200 OK
Date: Sun, 06 Oct 2024 14:43:16 GMT
Content-Type: application/json; charset=utf-8
Transfer-Encoding: chunked
Connection: keep-alive
X-Powered-By: Express
Access-Control-Allow-Origin: *
authorization: Bearer eyJhbGciOiJIUzI1NiIsInR5cCI6IkpXVCJ9.eyJpZCI6IjY3MDJhMjA0OWVkMjgwMDAxYjRkNmRmNiIsImlhdCI6MTcyODIyNTc5NiwiZXhwIjoxNzI4MjI2OTk2fQ.r-jtHXeWMRQI_bF2aZwAPPu6pZOkzp0lh5eTPztpok4
ETag: W/"16d-ZlTHqj7baKYeX88/3SCH47/NQ7E"
cf-cache-status: DYNAMIC
Report-To: {"endpoints":[{"url":"https:\/\/a.nel.cloudflare.com\/report\/v4?s=HvOHOu%2B81RNymG%2FqS3THHGF0Ig2O3OcPp5Mo%2F%2BINUjMiYiTzesXEdtZgXayvM4NtWctCowZL3TnYFoEKlWmcl9psS8kdTHtse5LsvQHWQBjy1Og3j%2F3RlcJZBzz9FfvJ1hPwXjCegbZ2QtS2UrJBE9T%2B7eg%3D"}],"group":"cf-nel","max_age":604800}
NEL: {"success_fraction":0,"report_to":"cf-nel","max_age":604800}
Server: cloudflare
CF-RAY: 8ce66c36780ab0cd-ATL
Content-Encoding: gzip

{
    "success": true,
    "user": {
        "email": "pwwqgnkiyg@yandex.ru",
        "name": "cgmblS"
    },
    "accessToken": "Bearer eyJhbGciOiJIUzI1NiIsInR5cCI6IkpXVCJ9.eyJpZCI6IjY3MDJhMjA0OWVkMjgwMDAxYjRkNmRmNiIsImlhdCI6MTcyODIyNTc5NiwiZXhwIjoxNzI4MjI2OTk2fQ.r-jtHXeWMRQI_bF2aZwAPPu6pZOkzp0lh5eTPztpok4",
    "refreshToken": "bd7929c056905afe9b720ed3bcc3d61a98ec5742eb25bf1abba85f40beddff0ce93aaab64ac7fc29"
}
Request method:	DELETE
Request URI:	https://stellarburgers.nomoreparties.site/api/auth/user
Proxy:			<none>
Request params:	<none>
Query params:	<none>
Form params:	<none>
Path params:	<none>
Headers:		authorization=Bearer eyJhbGciOiJIUzI1NiIsInR5cCI6IkpXVCJ9.eyJpZCI6IjY3MDJhMjA0OWVkMjgwMDAxYjRkNmRmNiIsImlhdCI6MTcyODIyNTc5NiwiZXhwIjoxNzI4MjI2OTk2fQ.r-jtHXeWMRQI_bF2aZwAPPu6pZOkzp0lh5eTPztpok4
				Accept=*/*
				Content-Type=application/json
Cookies:		<none>
Multiparts:		<none>
Body:			<none>
Request method:	DELETE
Request URI:	https://stellarburgers.nomoreparties.site/api/auth/user
Proxy:			<none>
Request params:	<none>
Query params:	<none>
Form params:	<none>
Path params:	<none>
Headers:		authorization=Bearer eyJhbGciOiJIUzI1NiIsInR5cCI6IkpXVCJ9.eyJpZCI6IjY3MDJhMjA0OWVkMjgwMDAxYjRkNmRmNiIsImlhdCI6MTcyODIyNTc5NiwiZXhwIjoxNzI4MjI2OTk2fQ.r-jtHXeWMRQI_bF2aZwAPPu6pZOkzp0lh5eTPztpok4
				Accept=*/*
				Content-Type=application/json
Cookies:		<none>
Multiparts:		<none>
Body:			<none>
Request method:	DELETE
Request URI:	https://stellarburgers.nomoreparties.site/api/auth/user
Proxy:			<none>
Request params:	<none>
Query params:	<none>
Form params:	<none>
Path params:	<none>
Headers:		authorization=Bearer eyJhbGciOiJIUzI1NiIsInR5cCI6IkpXVCJ9.eyJpZCI6IjY3MDJhMjA0OWVkMjgwMDAxYjRkNmRmNiIsImlhdCI6MTcyODIyNTc5NiwiZXhwIjoxNzI4MjI2OTk2fQ.r-jtHXeWMRQI_bF2aZwAPPu6pZOkzp0lh5eTPztpok4
				Accept=*/*
				Content-Type=application/json
Cookies:		<none>
Multiparts:		<none>
Body:			<none>
Request method:	DELETE
Request URI:	https://stellarburgers.nomoreparties.site/api/auth/user
Proxy:			<none>
Request params:	<none>
Query params:	<none>
Form params:	<none>
Path params:	<none>
Headers:		authorization=Bearer eyJhbGciOiJIUzI1NiIsInR5cCI6IkpXVCJ9.eyJpZCI6IjY3MDJhMjA0OWVkMjgwMDAxYjRkNmRmNiIsImlhdCI6MTcyODIyNTc5NiwiZXhwIjoxNzI4MjI2OTk2fQ.r-jtHXeWMRQI_bF2aZwAPPu6pZOkzp0lh5eTPztpok4
				Accept=*/*
				Content-Type=application/json
Cookies:		<none>
Multiparts:		<none>
Body:			<none>
Request method:	DELETE
Request URI:	https://stellarburgers.nomoreparties.site/api/auth/user
Proxy:			<none>
Request params:	<none>
Query params:	<none>
Form params:	<none>
Path params:	<none>
Headers:		authorization=Bearer eyJhbGciOiJIUzI1NiIsInR5cCI6IkpXVCJ9.eyJpZCI6IjY3MDJhMjA0OWVkMjgwMDAxYjRkNmRmNiIsImlhdCI6MTcyODIyNTc5NiwiZXhwIjoxNzI4MjI2OTk2fQ.r-jtHXeWMRQI_bF2aZwAPPu6pZOkzp0lh5eTPztpok4
				Accept=*/*
				Content-Type=application/json
Cookies:		<none>
Multiparts:		<none>
Body:			<none>
Request method:	DELETE
Request URI:	https://stellarburgers.nomoreparties.site/api/auth/user
Proxy:			<none>
Request params:	<none>
Query params:	<none>
Form params:	<none>
Path params:	<none>
Headers:		authorization=Bearer eyJhbGciOiJIUzI1NiIsInR5cCI6IkpXVCJ9.eyJpZCI6IjY3MDJhMjA0OWVkMjgwMDAxYjRkNmRmNiIsImlhdCI6MTcyODIyNTc5NiwiZXhwIjoxNzI4MjI2OTk2fQ.r-jtHXeWMRQI_bF2aZwAPPu6pZOkzp0lh5eTPztpok4
				Accept=*/*
				Content-Type=application/json
Cookies:		<none>
Multiparts:		<none>
Body:			<none>
Request method:	DELETE
Request URI:	https://stellarburgers.nomoreparties.site/api/auth/user
Proxy:			<none>
Request params:	<none>
Query params:	<none>
Form params:	<none>
Path params:	<none>
Headers:		authorization=Bearer eyJhbGciOiJIUzI1NiIsInR5cCI6IkpXVCJ9.eyJpZCI6IjY3MDJhMjA0OWVkMjgwMDAxYjRkNmRmNiIsImlhdCI6MTcyODIyNTc5NiwiZXhwIjoxNzI4MjI2OTk2fQ.r-jtHXeWMRQI_bF2aZwAPPu6pZOkzp0lh5eTPztpok4
				Accept=*/*
				Content-Type=application/json
Cookies:		<none>
Multiparts:		<none>
Body:			<none>
Request method:	DELETE
Request URI:	https://stellarburgers.nomoreparties.site/api/auth/user
Proxy:			<none>
Request params:	<none>
Query params:	<none>
Form params:	<none>
Path params:	<none>
Headers:		authorization=Bearer eyJhbGciOiJIUzI1NiIsInR5cCI6IkpXVCJ9.eyJpZCI6IjY3MDJhMjA0OWVkMjgwMDAxYjRkNmRmNiIsImlhdCI6MTcyODIyNTc5NiwiZXhwIjoxNzI4MjI2OTk2fQ.r-jtHXeWMRQI_bF2aZwAPPu6pZOkzp0lh5eTPztpok4
				Accept=*/*
				Content-Type=application/json
Cookies:		<none>
Multiparts:		<none>
Body:			<none>
HTTP/1.1 202 Accepted
Date: Sun, 06 Oct 2024 14:43:17 GMT
Content-Type: application/json; charset=utf-8
Content-Length: 54
Connection: keep-alive
X-Powered-By: Express
Access-Control-Allow-Origin: *
ETag: W/"36-hDmZnQ3Ou/ynnqAeC6TYmyseuzY"
CF-Cache-Status: DYNAMIC
Report-To: {"endpoints":[{"url":"https:\/\/a.nel.cloudflare.com\/report\/v4?s=cyXm8h1MuIJVaAclE5YvmZ7Lkds%2F0V%2B7zxMyOFr9qQ%2FtryHjG2ERjQ9GH9AH7IbxG4eueUdXyQ5ydj%2BbuhiktdgPKyu4yyg4gPCz4ng0kPSx5QQgiSu2COzjbmPcRg3daC6vTfvuMbl7ApJGQQCCE%2FEye1w%3D"}],"group":"cf-nel","max_age":604800}
NEL: {"success_fraction":0,"report_to":"cf-nel","max_age":604800}
Server: cloudflare
CF-RAY: 8ce66c431eb1f164-CDG

{
    "success": true,
    "message": "User successfully removed"
}
HTTP/1.1 202 Accepted
Date: Sun, 06 Oct 2024 14:43:17 GMT
Content-Type: application/json; charset=utf-8
Content-Length: 54
Connection: keep-alive
X-Powered-By: Express
Access-Control-Allow-Origin: *
ETag: W/"36-hDmZnQ3Ou/ynnqAeC6TYmyseuzY"
CF-Cache-Status: DYNAMIC
Report-To: {"endpoints":[{"url":"https:\/\/a.nel.cloudflare.com\/report\/v4?s=cyXm8h1MuIJVaAclE5YvmZ7Lkds%2F0V%2B7zxMyOFr9qQ%2FtryHjG2ERjQ9GH9AH7IbxG4eueUdXyQ5ydj%2BbuhiktdgPKyu4yyg4gPCz4ng0kPSx5QQgiSu2COzjbmPcRg3daC6vTfvuMbl7ApJGQQCCE%2FEye1w%3D"}],"group":"cf-nel","max_age":604800}
NEL: {"success_fraction":0,"report_to":"cf-nel","max_age":604800}
Server: cloudflare
CF-RAY: 8ce66c431eb1f164-CDG

{
    "success": true,
    "message": "User successfully removed"
}
HTTP/1.1 202 Accepted
Date: Sun, 06 Oct 2024 14:43:17 GMT
Content-Type: application/json; charset=utf-8
Content-Length: 54
Connection: keep-alive
X-Powered-By: Express
Access-Control-Allow-Origin: *
ETag: W/"36-hDmZnQ3Ou/ynnqAeC6TYmyseuzY"
CF-Cache-Status: DYNAMIC
Report-To: {"endpoints":[{"url":"https:\/\/a.nel.cloudflare.com\/report\/v4?s=cyXm8h1MuIJVaAclE5YvmZ7Lkds%2F0V%2B7zxMyOFr9qQ%2FtryHjG2ERjQ9GH9AH7IbxG4eueUdXyQ5ydj%2BbuhiktdgPKyu4yyg4gPCz4ng0kPSx5QQgiSu2COzjbmPcRg3daC6vTfvuMbl7ApJGQQCCE%2FEye1w%3D"}],"group":"cf-nel","max_age":604800}
NEL: {"success_fraction":0,"report_to":"cf-nel","max_age":604800}
Server: cloudflare
CF-RAY: 8ce66c431eb1f164-CDG

{
    "success": true,
    "message": "User successfully removed"
}
HTTP/1.1 202 Accepted
Date: Sun, 06 Oct 2024 14:43:17 GMT
Content-Type: application/json; charset=utf-8
Content-Length: 54
Connection: keep-alive
X-Powered-By: Express
Access-Control-Allow-Origin: *
ETag: W/"36-hDmZnQ3Ou/ynnqAeC6TYmyseuzY"
CF-Cache-Status: DYNAMIC
Report-To: {"endpoints":[{"url":"https:\/\/a.nel.cloudflare.com\/report\/v4?s=cyXm8h1MuIJVaAclE5YvmZ7Lkds%2F0V%2B7zxMyOFr9qQ%2FtryHjG2ERjQ9GH9AH7IbxG4eueUdXyQ5ydj%2BbuhiktdgPKyu4yyg4gPCz4ng0kPSx5QQgiSu2COzjbmPcRg3daC6vTfvuMbl7ApJGQQCCE%2FEye1w%3D"}],"group":"cf-nel","max_age":604800}
NEL: {"success_fraction":0,"report_to":"cf-nel","max_age":604800}
Server: cloudflare
CF-RAY: 8ce66c431eb1f164-CDG

{
    "success": true,
    "message": "User successfully removed"
}
HTTP/1.1 202 Accepted
Date: Sun, 06 Oct 2024 14:43:17 GMT
Content-Type: application/json; charset=utf-8
Content-Length: 54
Connection: keep-alive
X-Powered-By: Express
Access-Control-Allow-Origin: *
ETag: W/"36-hDmZnQ3Ou/ynnqAeC6TYmyseuzY"
CF-Cache-Status: DYNAMIC
Report-To: {"endpoints":[{"url":"https:\/\/a.nel.cloudflare.com\/report\/v4?s=cyXm8h1MuIJVaAclE5YvmZ7Lkds%2F0V%2B7zxMyOFr9qQ%2FtryHjG2ERjQ9GH9AH7IbxG4eueUdXyQ5ydj%2BbuhiktdgPKyu4yyg4gPCz4ng0kPSx5QQgiSu2COzjbmPcRg3daC6vTfvuMbl7ApJGQQCCE%2FEye1w%3D"}],"group":"cf-nel","max_age":604800}
NEL: {"success_fraction":0,"report_to":"cf-nel","max_age":604800}
Server: cloudflare
CF-RAY: 8ce66c431eb1f164-CDG

{
    "success": true,
    "message": "User successfully removed"
}
HTTP/1.1 202 Accepted
Date: Sun, 06 Oct 2024 14:43:17 GMT
Content-Type: application/json; charset=utf-8
Content-Length: 54
Connection: keep-alive
X-Powered-By: Express
Access-Control-Allow-Origin: *
ETag: W/"36-hDmZnQ3Ou/ynnqAeC6TYmyseuzY"
CF-Cache-Status: DYNAMIC
Report-To: {"endpoints":[{"url":"https:\/\/a.nel.cloudflare.com\/report\/v4?s=cyXm8h1MuIJVaAclE5YvmZ7Lkds%2F0V%2B7zxMyOFr9qQ%2FtryHjG2ERjQ9GH9AH7IbxG4eueUdXyQ5ydj%2BbuhiktdgPKyu4yyg4gPCz4ng0kPSx5QQgiSu2COzjbmPcRg3daC6vTfvuMbl7ApJGQQCCE%2FEye1w%3D"}],"group":"cf-nel","max_age":604800}
NEL: {"success_fraction":0,"report_to":"cf-nel","max_age":604800}
Server: cloudflare
CF-RAY: 8ce66c431eb1f164-CDG

{
    "success": true,
    "message": "User successfully removed"
}
HTTP/1.1 202 Accepted
Date: Sun, 06 Oct 2024 14:43:17 GMT
Content-Type: application/json; charset=utf-8
Content-Length: 54
Connection: keep-alive
X-Powered-By: Express
Access-Control-Allow-Origin: *
ETag: W/"36-hDmZnQ3Ou/ynnqAeC6TYmyseuzY"
CF-Cache-Status: DYNAMIC
Report-To: {"endpoints":[{"url":"https:\/\/a.nel.cloudflare.com\/report\/v4?s=cyXm8h1MuIJVaAclE5YvmZ7Lkds%2F0V%2B7zxMyOFr9qQ%2FtryHjG2ERjQ9GH9AH7IbxG4eueUdXyQ5ydj%2BbuhiktdgPKyu4yyg4gPCz4ng0kPSx5QQgiSu2COzjbmPcRg3daC6vTfvuMbl7ApJGQQCCE%2FEye1w%3D"}],"group":"cf-nel","max_age":604800}
NEL: {"success_fraction":0,"report_to":"cf-nel","max_age":604800}
Server: cloudflare
CF-RAY: 8ce66c431eb1f164-CDG

{
    "success": true,
    "message": "User successfully removed"
}
HTTP/1.1 202 Accepted
Date: Sun, 06 Oct 2024 14:43:17 GMT
Content-Type: application/json; charset=utf-8
Content-Length: 54
Connection: keep-alive
X-Powered-By: Express
Access-Control-Allow-Origin: *
ETag: W/"36-hDmZnQ3Ou/ynnqAeC6TYmyseuzY"
CF-Cache-Status: DYNAMIC
Report-To: {"endpoints":[{"url":"https:\/\/a.nel.cloudflare.com\/report\/v4?s=cyXm8h1MuIJVaAclE5YvmZ7Lkds%2F0V%2B7zxMyOFr9qQ%2FtryHjG2ERjQ9GH9AH7IbxG4eueUdXyQ5ydj%2BbuhiktdgPKyu4yyg4gPCz4ng0kPSx5QQgiSu2COzjbmPcRg3daC6vTfvuMbl7ApJGQQCCE%2FEye1w%3D"}],"group":"cf-nel","max_age":604800}
NEL: {"success_fraction":0,"report_to":"cf-nel","max_age":604800}
Server: cloudflare
CF-RAY: 8ce66c431eb1f164-CDG

{
    "success": true,
    "message": "User successfully removed"
}
]]></system-out>
    <system-err><![CDATA[окт. 06, 2024 5:45:12 PM org.openqa.selenium.devtools.CdpVersionFinder findNearestMatch
WARNING: Unable to find an exact match for CDP version 129, returning the closest version; found: 125; Please update to a Selenium version that supports CDP version 129
]]></system-err>
  </testcase>
  <testcase name="loginPersonalAccountButtonTest" classname="LoginTest" time="5.348">
    <system-out><![CDATA[Request method:	POST
Request URI:	https://stellarburgers.nomoreparties.site/api/auth/register
Proxy:			<none>
Request params:	<none>
Query params:	<none>
Form params:	<none>
Path params:	<none>
Headers:		Accept=*/*
				Content-Type=application/json
Cookies:		<none>
Multiparts:		<none>
Body:
{
    "email": "bSTtUpjVPc@yandex.ru",
    "password": "ViXKzM",
    "name": "mTwIcH",
    "accessToken": null,
    "refreshToken": null
}
Request method:	POST
Request URI:	https://stellarburgers.nomoreparties.site/api/auth/register
Proxy:			<none>
Request params:	<none>
Query params:	<none>
Form params:	<none>
Path params:	<none>
Headers:		Accept=*/*
				Content-Type=application/json
Cookies:		<none>
Multiparts:		<none>
Body:
{
    "email": "bSTtUpjVPc@yandex.ru",
    "password": "ViXKzM",
    "name": "mTwIcH",
    "accessToken": null,
    "refreshToken": null
}
Request method:	POST
Request URI:	https://stellarburgers.nomoreparties.site/api/auth/register
Proxy:			<none>
Request params:	<none>
Query params:	<none>
Form params:	<none>
Path params:	<none>
Headers:		Accept=*/*
				Content-Type=application/json
Cookies:		<none>
Multiparts:		<none>
Body:
{
    "email": "bSTtUpjVPc@yandex.ru",
    "password": "ViXKzM",
    "name": "mTwIcH",
    "accessToken": null,
    "refreshToken": null
}
Request method:	POST
Request URI:	https://stellarburgers.nomoreparties.site/api/auth/register
Proxy:			<none>
Request params:	<none>
Query params:	<none>
Form params:	<none>
Path params:	<none>
Headers:		Accept=*/*
				Content-Type=application/json
Cookies:		<none>
Multiparts:		<none>
Body:
{
    "email": "bSTtUpjVPc@yandex.ru",
    "password": "ViXKzM",
    "name": "mTwIcH",
    "accessToken": null,
    "refreshToken": null
}
Request method:	POST
Request URI:	https://stellarburgers.nomoreparties.site/api/auth/register
Proxy:			<none>
Request params:	<none>
Query params:	<none>
Form params:	<none>
Path params:	<none>
Headers:		Accept=*/*
				Content-Type=application/json
Cookies:		<none>
Multiparts:		<none>
Body:
{
    "email": "bSTtUpjVPc@yandex.ru",
    "password": "ViXKzM",
    "name": "mTwIcH",
    "accessToken": null,
    "refreshToken": null
}
Request method:	POST
Request URI:	https://stellarburgers.nomoreparties.site/api/auth/register
Proxy:			<none>
Request params:	<none>
Query params:	<none>
Form params:	<none>
Path params:	<none>
Headers:		Accept=*/*
				Content-Type=application/json
Cookies:		<none>
Multiparts:		<none>
Body:
{
    "email": "bSTtUpjVPc@yandex.ru",
    "password": "ViXKzM",
    "name": "mTwIcH",
    "accessToken": null,
    "refreshToken": null
}
Request method:	POST
Request URI:	https://stellarburgers.nomoreparties.site/api/auth/register
Proxy:			<none>
Request params:	<none>
Query params:	<none>
Form params:	<none>
Path params:	<none>
Headers:		Accept=*/*
				Content-Type=application/json
Cookies:		<none>
Multiparts:		<none>
Body:
{
    "email": "bSTtUpjVPc@yandex.ru",
    "password": "ViXKzM",
    "name": "mTwIcH",
    "accessToken": null,
    "refreshToken": null
}
Request method:	POST
Request URI:	https://stellarburgers.nomoreparties.site/api/auth/register
Proxy:			<none>
Request params:	<none>
Query params:	<none>
Form params:	<none>
Path params:	<none>
Headers:		Accept=*/*
				Content-Type=application/json
Cookies:		<none>
Multiparts:		<none>
Body:
{
    "email": "bSTtUpjVPc@yandex.ru",
    "password": "ViXKzM",
    "name": "mTwIcH",
    "accessToken": null,
    "refreshToken": null
}
Request method:	POST
Request URI:	https://stellarburgers.nomoreparties.site/api/auth/register
Proxy:			<none>
Request params:	<none>
Query params:	<none>
Form params:	<none>
Path params:	<none>
Headers:		Accept=*/*
				Content-Type=application/json
Cookies:		<none>
Multiparts:		<none>
Body:
{
    "email": "bSTtUpjVPc@yandex.ru",
    "password": "ViXKzM",
    "name": "mTwIcH",
    "accessToken": null,
    "refreshToken": null
}
HTTP/1.1 200 OK
Date: Sun, 06 Oct 2024 14:43:21 GMT
Content-Type: application/json; charset=utf-8
Transfer-Encoding: chunked
Connection: keep-alive
X-Powered-By: Express
Access-Control-Allow-Origin: *
authorization: Bearer eyJhbGciOiJIUzI1NiIsInR5cCI6IkpXVCJ9.eyJpZCI6IjY3MDJhMjA5OWVkMjgwMDAxYjRkNmRmOSIsImlhdCI6MTcyODIyNTgwMSwiZXhwIjoxNzI4MjI3MDAxfQ.KjG1xIiVelZ1No7ceBuBl2Cmjl-BO1QpmhftTAIhvYI
ETag: W/"16d-BRdk0GqzQSidq3UaNW45p1papcc"
CF-Cache-Status: DYNAMIC
Report-To: {"endpoints":[{"url":"https:\/\/a.nel.cloudflare.com\/report\/v4?s=A7OY5zmGrCmONggv5Wegynnlx7HDGnwfFa9f3p0SN2srvre2APAHtPoA3lTl%2FlssArUIGz3jKfkI8Ju9zwmjwuUvxXIXdcNDeKDLcZldNexBlfcRP07%2BofZ2aMYjfwW3pDFrdwClR%2FiRPfNHv0tXebYWI0w%3D"}],"group":"cf-nel","max_age":604800}
NEL: {"success_fraction":0,"report_to":"cf-nel","max_age":604800}
Server: cloudflare
CF-RAY: 8ce66c57cfcfb0c9-ATL
Content-Encoding: gzip

{
    "success": true,
    "user": {
        "email": "bsttupjvpc@yandex.ru",
        "name": "mTwIcH"
    },
    "accessToken": "Bearer eyJhbGciOiJIUzI1NiIsInR5cCI6IkpXVCJ9.eyJpZCI6IjY3MDJhMjA5OWVkMjgwMDAxYjRkNmRmOSIsImlhdCI6MTcyODIyNTgwMSwiZXhwIjoxNzI4MjI3MDAxfQ.KjG1xIiVelZ1No7ceBuBl2Cmjl-BO1QpmhftTAIhvYI",
    "refreshToken": "f148e85ed81c51c83fd2b38bda4c2eab751cf8cdb15a7e044bf2c1689fa9fc6dcb9a8c13340c1858"
}
HTTP/1.1 200 OK
Date: Sun, 06 Oct 2024 14:43:21 GMT
Content-Type: application/json; charset=utf-8
Transfer-Encoding: chunked
Connection: keep-alive
X-Powered-By: Express
Access-Control-Allow-Origin: *
authorization: Bearer eyJhbGciOiJIUzI1NiIsInR5cCI6IkpXVCJ9.eyJpZCI6IjY3MDJhMjA5OWVkMjgwMDAxYjRkNmRmOSIsImlhdCI6MTcyODIyNTgwMSwiZXhwIjoxNzI4MjI3MDAxfQ.KjG1xIiVelZ1No7ceBuBl2Cmjl-BO1QpmhftTAIhvYI
ETag: W/"16d-BRdk0GqzQSidq3UaNW45p1papcc"
CF-Cache-Status: DYNAMIC
Report-To: {"endpoints":[{"url":"https:\/\/a.nel.cloudflare.com\/report\/v4?s=A7OY5zmGrCmONggv5Wegynnlx7HDGnwfFa9f3p0SN2srvre2APAHtPoA3lTl%2FlssArUIGz3jKfkI8Ju9zwmjwuUvxXIXdcNDeKDLcZldNexBlfcRP07%2BofZ2aMYjfwW3pDFrdwClR%2FiRPfNHv0tXebYWI0w%3D"}],"group":"cf-nel","max_age":604800}
NEL: {"success_fraction":0,"report_to":"cf-nel","max_age":604800}
Server: cloudflare
CF-RAY: 8ce66c57cfcfb0c9-ATL
Content-Encoding: gzip

{
    "success": true,
    "user": {
        "email": "bsttupjvpc@yandex.ru",
        "name": "mTwIcH"
    },
    "accessToken": "Bearer eyJhbGciOiJIUzI1NiIsInR5cCI6IkpXVCJ9.eyJpZCI6IjY3MDJhMjA5OWVkMjgwMDAxYjRkNmRmOSIsImlhdCI6MTcyODIyNTgwMSwiZXhwIjoxNzI4MjI3MDAxfQ.KjG1xIiVelZ1No7ceBuBl2Cmjl-BO1QpmhftTAIhvYI",
    "refreshToken": "f148e85ed81c51c83fd2b38bda4c2eab751cf8cdb15a7e044bf2c1689fa9fc6dcb9a8c13340c1858"
}
HTTP/1.1 200 OK
Date: Sun, 06 Oct 2024 14:43:21 GMT
Content-Type: application/json; charset=utf-8
Transfer-Encoding: chunked
Connection: keep-alive
X-Powered-By: Express
Access-Control-Allow-Origin: *
authorization: Bearer eyJhbGciOiJIUzI1NiIsInR5cCI6IkpXVCJ9.eyJpZCI6IjY3MDJhMjA5OWVkMjgwMDAxYjRkNmRmOSIsImlhdCI6MTcyODIyNTgwMSwiZXhwIjoxNzI4MjI3MDAxfQ.KjG1xIiVelZ1No7ceBuBl2Cmjl-BO1QpmhftTAIhvYI
ETag: W/"16d-BRdk0GqzQSidq3UaNW45p1papcc"
CF-Cache-Status: DYNAMIC
Report-To: {"endpoints":[{"url":"https:\/\/a.nel.cloudflare.com\/report\/v4?s=A7OY5zmGrCmONggv5Wegynnlx7HDGnwfFa9f3p0SN2srvre2APAHtPoA3lTl%2FlssArUIGz3jKfkI8Ju9zwmjwuUvxXIXdcNDeKDLcZldNexBlfcRP07%2BofZ2aMYjfwW3pDFrdwClR%2FiRPfNHv0tXebYWI0w%3D"}],"group":"cf-nel","max_age":604800}
NEL: {"success_fraction":0,"report_to":"cf-nel","max_age":604800}
Server: cloudflare
CF-RAY: 8ce66c57cfcfb0c9-ATL
Content-Encoding: gzip

{
    "success": true,
    "user": {
        "email": "bsttupjvpc@yandex.ru",
        "name": "mTwIcH"
    },
    "accessToken": "Bearer eyJhbGciOiJIUzI1NiIsInR5cCI6IkpXVCJ9.eyJpZCI6IjY3MDJhMjA5OWVkMjgwMDAxYjRkNmRmOSIsImlhdCI6MTcyODIyNTgwMSwiZXhwIjoxNzI4MjI3MDAxfQ.KjG1xIiVelZ1No7ceBuBl2Cmjl-BO1QpmhftTAIhvYI",
    "refreshToken": "f148e85ed81c51c83fd2b38bda4c2eab751cf8cdb15a7e044bf2c1689fa9fc6dcb9a8c13340c1858"
}
HTTP/1.1 200 OK
Date: Sun, 06 Oct 2024 14:43:21 GMT
Content-Type: application/json; charset=utf-8
Transfer-Encoding: chunked
Connection: keep-alive
X-Powered-By: Express
Access-Control-Allow-Origin: *
authorization: Bearer eyJhbGciOiJIUzI1NiIsInR5cCI6IkpXVCJ9.eyJpZCI6IjY3MDJhMjA5OWVkMjgwMDAxYjRkNmRmOSIsImlhdCI6MTcyODIyNTgwMSwiZXhwIjoxNzI4MjI3MDAxfQ.KjG1xIiVelZ1No7ceBuBl2Cmjl-BO1QpmhftTAIhvYI
ETag: W/"16d-BRdk0GqzQSidq3UaNW45p1papcc"
CF-Cache-Status: DYNAMIC
Report-To: {"endpoints":[{"url":"https:\/\/a.nel.cloudflare.com\/report\/v4?s=A7OY5zmGrCmONggv5Wegynnlx7HDGnwfFa9f3p0SN2srvre2APAHtPoA3lTl%2FlssArUIGz3jKfkI8Ju9zwmjwuUvxXIXdcNDeKDLcZldNexBlfcRP07%2BofZ2aMYjfwW3pDFrdwClR%2FiRPfNHv0tXebYWI0w%3D"}],"group":"cf-nel","max_age":604800}
NEL: {"success_fraction":0,"report_to":"cf-nel","max_age":604800}
Server: cloudflare
CF-RAY: 8ce66c57cfcfb0c9-ATL
Content-Encoding: gzip

{
    "success": true,
    "user": {
        "email": "bsttupjvpc@yandex.ru",
        "name": "mTwIcH"
    },
    "accessToken": "Bearer eyJhbGciOiJIUzI1NiIsInR5cCI6IkpXVCJ9.eyJpZCI6IjY3MDJhMjA5OWVkMjgwMDAxYjRkNmRmOSIsImlhdCI6MTcyODIyNTgwMSwiZXhwIjoxNzI4MjI3MDAxfQ.KjG1xIiVelZ1No7ceBuBl2Cmjl-BO1QpmhftTAIhvYI",
    "refreshToken": "f148e85ed81c51c83fd2b38bda4c2eab751cf8cdb15a7e044bf2c1689fa9fc6dcb9a8c13340c1858"
}
HTTP/1.1 200 OK
Date: Sun, 06 Oct 2024 14:43:21 GMT
Content-Type: application/json; charset=utf-8
Transfer-Encoding: chunked
Connection: keep-alive
X-Powered-By: Express
Access-Control-Allow-Origin: *
authorization: Bearer eyJhbGciOiJIUzI1NiIsInR5cCI6IkpXVCJ9.eyJpZCI6IjY3MDJhMjA5OWVkMjgwMDAxYjRkNmRmOSIsImlhdCI6MTcyODIyNTgwMSwiZXhwIjoxNzI4MjI3MDAxfQ.KjG1xIiVelZ1No7ceBuBl2Cmjl-BO1QpmhftTAIhvYI
ETag: W/"16d-BRdk0GqzQSidq3UaNW45p1papcc"
CF-Cache-Status: DYNAMIC
Report-To: {"endpoints":[{"url":"https:\/\/a.nel.cloudflare.com\/report\/v4?s=A7OY5zmGrCmONggv5Wegynnlx7HDGnwfFa9f3p0SN2srvre2APAHtPoA3lTl%2FlssArUIGz3jKfkI8Ju9zwmjwuUvxXIXdcNDeKDLcZldNexBlfcRP07%2BofZ2aMYjfwW3pDFrdwClR%2FiRPfNHv0tXebYWI0w%3D"}],"group":"cf-nel","max_age":604800}
NEL: {"success_fraction":0,"report_to":"cf-nel","max_age":604800}
Server: cloudflare
CF-RAY: 8ce66c57cfcfb0c9-ATL
Content-Encoding: gzip

{
    "success": true,
    "user": {
        "email": "bsttupjvpc@yandex.ru",
        "name": "mTwIcH"
    },
    "accessToken": "Bearer eyJhbGciOiJIUzI1NiIsInR5cCI6IkpXVCJ9.eyJpZCI6IjY3MDJhMjA5OWVkMjgwMDAxYjRkNmRmOSIsImlhdCI6MTcyODIyNTgwMSwiZXhwIjoxNzI4MjI3MDAxfQ.KjG1xIiVelZ1No7ceBuBl2Cmjl-BO1QpmhftTAIhvYI",
    "refreshToken": "f148e85ed81c51c83fd2b38bda4c2eab751cf8cdb15a7e044bf2c1689fa9fc6dcb9a8c13340c1858"
}
HTTP/1.1 200 OK
Date: Sun, 06 Oct 2024 14:43:21 GMT
Content-Type: application/json; charset=utf-8
Transfer-Encoding: chunked
Connection: keep-alive
X-Powered-By: Express
Access-Control-Allow-Origin: *
authorization: Bearer eyJhbGciOiJIUzI1NiIsInR5cCI6IkpXVCJ9.eyJpZCI6IjY3MDJhMjA5OWVkMjgwMDAxYjRkNmRmOSIsImlhdCI6MTcyODIyNTgwMSwiZXhwIjoxNzI4MjI3MDAxfQ.KjG1xIiVelZ1No7ceBuBl2Cmjl-BO1QpmhftTAIhvYI
ETag: W/"16d-BRdk0GqzQSidq3UaNW45p1papcc"
CF-Cache-Status: DYNAMIC
Report-To: {"endpoints":[{"url":"https:\/\/a.nel.cloudflare.com\/report\/v4?s=A7OY5zmGrCmONggv5Wegynnlx7HDGnwfFa9f3p0SN2srvre2APAHtPoA3lTl%2FlssArUIGz3jKfkI8Ju9zwmjwuUvxXIXdcNDeKDLcZldNexBlfcRP07%2BofZ2aMYjfwW3pDFrdwClR%2FiRPfNHv0tXebYWI0w%3D"}],"group":"cf-nel","max_age":604800}
NEL: {"success_fraction":0,"report_to":"cf-nel","max_age":604800}
Server: cloudflare
CF-RAY: 8ce66c57cfcfb0c9-ATL
Content-Encoding: gzip

{
    "success": true,
    "user": {
        "email": "bsttupjvpc@yandex.ru",
        "name": "mTwIcH"
    },
    "accessToken": "Bearer eyJhbGciOiJIUzI1NiIsInR5cCI6IkpXVCJ9.eyJpZCI6IjY3MDJhMjA5OWVkMjgwMDAxYjRkNmRmOSIsImlhdCI6MTcyODIyNTgwMSwiZXhwIjoxNzI4MjI3MDAxfQ.KjG1xIiVelZ1No7ceBuBl2Cmjl-BO1QpmhftTAIhvYI",
    "refreshToken": "f148e85ed81c51c83fd2b38bda4c2eab751cf8cdb15a7e044bf2c1689fa9fc6dcb9a8c13340c1858"
}
HTTP/1.1 200 OK
Date: Sun, 06 Oct 2024 14:43:21 GMT
Content-Type: application/json; charset=utf-8
Transfer-Encoding: chunked
Connection: keep-alive
X-Powered-By: Express
Access-Control-Allow-Origin: *
authorization: Bearer eyJhbGciOiJIUzI1NiIsInR5cCI6IkpXVCJ9.eyJpZCI6IjY3MDJhMjA5OWVkMjgwMDAxYjRkNmRmOSIsImlhdCI6MTcyODIyNTgwMSwiZXhwIjoxNzI4MjI3MDAxfQ.KjG1xIiVelZ1No7ceBuBl2Cmjl-BO1QpmhftTAIhvYI
ETag: W/"16d-BRdk0GqzQSidq3UaNW45p1papcc"
CF-Cache-Status: DYNAMIC
Report-To: {"endpoints":[{"url":"https:\/\/a.nel.cloudflare.com\/report\/v4?s=A7OY5zmGrCmONggv5Wegynnlx7HDGnwfFa9f3p0SN2srvre2APAHtPoA3lTl%2FlssArUIGz3jKfkI8Ju9zwmjwuUvxXIXdcNDeKDLcZldNexBlfcRP07%2BofZ2aMYjfwW3pDFrdwClR%2FiRPfNHv0tXebYWI0w%3D"}],"group":"cf-nel","max_age":604800}
NEL: {"success_fraction":0,"report_to":"cf-nel","max_age":604800}
Server: cloudflare
CF-RAY: 8ce66c57cfcfb0c9-ATL
Content-Encoding: gzip

{
    "success": true,
    "user": {
        "email": "bsttupjvpc@yandex.ru",
        "name": "mTwIcH"
    },
    "accessToken": "Bearer eyJhbGciOiJIUzI1NiIsInR5cCI6IkpXVCJ9.eyJpZCI6IjY3MDJhMjA5OWVkMjgwMDAxYjRkNmRmOSIsImlhdCI6MTcyODIyNTgwMSwiZXhwIjoxNzI4MjI3MDAxfQ.KjG1xIiVelZ1No7ceBuBl2Cmjl-BO1QpmhftTAIhvYI",
    "refreshToken": "f148e85ed81c51c83fd2b38bda4c2eab751cf8cdb15a7e044bf2c1689fa9fc6dcb9a8c13340c1858"
}
HTTP/1.1 200 OK
Date: Sun, 06 Oct 2024 14:43:21 GMT
Content-Type: application/json; charset=utf-8
Transfer-Encoding: chunked
Connection: keep-alive
X-Powered-By: Express
Access-Control-Allow-Origin: *
authorization: Bearer eyJhbGciOiJIUzI1NiIsInR5cCI6IkpXVCJ9.eyJpZCI6IjY3MDJhMjA5OWVkMjgwMDAxYjRkNmRmOSIsImlhdCI6MTcyODIyNTgwMSwiZXhwIjoxNzI4MjI3MDAxfQ.KjG1xIiVelZ1No7ceBuBl2Cmjl-BO1QpmhftTAIhvYI
ETag: W/"16d-BRdk0GqzQSidq3UaNW45p1papcc"
CF-Cache-Status: DYNAMIC
Report-To: {"endpoints":[{"url":"https:\/\/a.nel.cloudflare.com\/report\/v4?s=A7OY5zmGrCmONggv5Wegynnlx7HDGnwfFa9f3p0SN2srvre2APAHtPoA3lTl%2FlssArUIGz3jKfkI8Ju9zwmjwuUvxXIXdcNDeKDLcZldNexBlfcRP07%2BofZ2aMYjfwW3pDFrdwClR%2FiRPfNHv0tXebYWI0w%3D"}],"group":"cf-nel","max_age":604800}
NEL: {"success_fraction":0,"report_to":"cf-nel","max_age":604800}
Server: cloudflare
CF-RAY: 8ce66c57cfcfb0c9-ATL
Content-Encoding: gzip

{
    "success": true,
    "user": {
        "email": "bsttupjvpc@yandex.ru",
        "name": "mTwIcH"
    },
    "accessToken": "Bearer eyJhbGciOiJIUzI1NiIsInR5cCI6IkpXVCJ9.eyJpZCI6IjY3MDJhMjA5OWVkMjgwMDAxYjRkNmRmOSIsImlhdCI6MTcyODIyNTgwMSwiZXhwIjoxNzI4MjI3MDAxfQ.KjG1xIiVelZ1No7ceBuBl2Cmjl-BO1QpmhftTAIhvYI",
    "refreshToken": "f148e85ed81c51c83fd2b38bda4c2eab751cf8cdb15a7e044bf2c1689fa9fc6dcb9a8c13340c1858"
}
HTTP/1.1 200 OK
Date: Sun, 06 Oct 2024 14:43:21 GMT
Content-Type: application/json; charset=utf-8
Transfer-Encoding: chunked
Connection: keep-alive
X-Powered-By: Express
Access-Control-Allow-Origin: *
authorization: Bearer eyJhbGciOiJIUzI1NiIsInR5cCI6IkpXVCJ9.eyJpZCI6IjY3MDJhMjA5OWVkMjgwMDAxYjRkNmRmOSIsImlhdCI6MTcyODIyNTgwMSwiZXhwIjoxNzI4MjI3MDAxfQ.KjG1xIiVelZ1No7ceBuBl2Cmjl-BO1QpmhftTAIhvYI
ETag: W/"16d-BRdk0GqzQSidq3UaNW45p1papcc"
CF-Cache-Status: DYNAMIC
Report-To: {"endpoints":[{"url":"https:\/\/a.nel.cloudflare.com\/report\/v4?s=A7OY5zmGrCmONggv5Wegynnlx7HDGnwfFa9f3p0SN2srvre2APAHtPoA3lTl%2FlssArUIGz3jKfkI8Ju9zwmjwuUvxXIXdcNDeKDLcZldNexBlfcRP07%2BofZ2aMYjfwW3pDFrdwClR%2FiRPfNHv0tXebYWI0w%3D"}],"group":"cf-nel","max_age":604800}
NEL: {"success_fraction":0,"report_to":"cf-nel","max_age":604800}
Server: cloudflare
CF-RAY: 8ce66c57cfcfb0c9-ATL
Content-Encoding: gzip

{
    "success": true,
    "user": {
        "email": "bsttupjvpc@yandex.ru",
        "name": "mTwIcH"
    },
    "accessToken": "Bearer eyJhbGciOiJIUzI1NiIsInR5cCI6IkpXVCJ9.eyJpZCI6IjY3MDJhMjA5OWVkMjgwMDAxYjRkNmRmOSIsImlhdCI6MTcyODIyNTgwMSwiZXhwIjoxNzI4MjI3MDAxfQ.KjG1xIiVelZ1No7ceBuBl2Cmjl-BO1QpmhftTAIhvYI",
    "refreshToken": "f148e85ed81c51c83fd2b38bda4c2eab751cf8cdb15a7e044bf2c1689fa9fc6dcb9a8c13340c1858"
}
Request method:	DELETE
Request URI:	https://stellarburgers.nomoreparties.site/api/auth/user
Proxy:			<none>
Request params:	<none>
Query params:	<none>
Form params:	<none>
Path params:	<none>
Headers:		authorization=Bearer eyJhbGciOiJIUzI1NiIsInR5cCI6IkpXVCJ9.eyJpZCI6IjY3MDJhMjA5OWVkMjgwMDAxYjRkNmRmOSIsImlhdCI6MTcyODIyNTgwMSwiZXhwIjoxNzI4MjI3MDAxfQ.KjG1xIiVelZ1No7ceBuBl2Cmjl-BO1QpmhftTAIhvYI
				Accept=*/*
				Content-Type=application/json
Cookies:		<none>
Multiparts:		<none>
Body:			<none>
Request method:	DELETE
Request URI:	https://stellarburgers.nomoreparties.site/api/auth/user
Proxy:			<none>
Request params:	<none>
Query params:	<none>
Form params:	<none>
Path params:	<none>
Headers:		authorization=Bearer eyJhbGciOiJIUzI1NiIsInR5cCI6IkpXVCJ9.eyJpZCI6IjY3MDJhMjA5OWVkMjgwMDAxYjRkNmRmOSIsImlhdCI6MTcyODIyNTgwMSwiZXhwIjoxNzI4MjI3MDAxfQ.KjG1xIiVelZ1No7ceBuBl2Cmjl-BO1QpmhftTAIhvYI
				Accept=*/*
				Content-Type=application/json
Cookies:		<none>
Multiparts:		<none>
Body:			<none>
Request method:	DELETE
Request URI:	https://stellarburgers.nomoreparties.site/api/auth/user
Proxy:			<none>
Request params:	<none>
Query params:	<none>
Form params:	<none>
Path params:	<none>
Headers:		authorization=Bearer eyJhbGciOiJIUzI1NiIsInR5cCI6IkpXVCJ9.eyJpZCI6IjY3MDJhMjA5OWVkMjgwMDAxYjRkNmRmOSIsImlhdCI6MTcyODIyNTgwMSwiZXhwIjoxNzI4MjI3MDAxfQ.KjG1xIiVelZ1No7ceBuBl2Cmjl-BO1QpmhftTAIhvYI
				Accept=*/*
				Content-Type=application/json
Cookies:		<none>
Multiparts:		<none>
Body:			<none>
Request method:	DELETE
Request URI:	https://stellarburgers.nomoreparties.site/api/auth/user
Proxy:			<none>
Request params:	<none>
Query params:	<none>
Form params:	<none>
Path params:	<none>
Headers:		authorization=Bearer eyJhbGciOiJIUzI1NiIsInR5cCI6IkpXVCJ9.eyJpZCI6IjY3MDJhMjA5OWVkMjgwMDAxYjRkNmRmOSIsImlhdCI6MTcyODIyNTgwMSwiZXhwIjoxNzI4MjI3MDAxfQ.KjG1xIiVelZ1No7ceBuBl2Cmjl-BO1QpmhftTAIhvYI
				Accept=*/*
				Content-Type=application/json
Cookies:		<none>
Multiparts:		<none>
Body:			<none>
Request method:	DELETE
Request URI:	https://stellarburgers.nomoreparties.site/api/auth/user
Proxy:			<none>
Request params:	<none>
Query params:	<none>
Form params:	<none>
Path params:	<none>
Headers:		authorization=Bearer eyJhbGciOiJIUzI1NiIsInR5cCI6IkpXVCJ9.eyJpZCI6IjY3MDJhMjA5OWVkMjgwMDAxYjRkNmRmOSIsImlhdCI6MTcyODIyNTgwMSwiZXhwIjoxNzI4MjI3MDAxfQ.KjG1xIiVelZ1No7ceBuBl2Cmjl-BO1QpmhftTAIhvYI
				Accept=*/*
				Content-Type=application/json
Cookies:		<none>
Multiparts:		<none>
Body:			<none>
Request method:	DELETE
Request URI:	https://stellarburgers.nomoreparties.site/api/auth/user
Proxy:			<none>
Request params:	<none>
Query params:	<none>
Form params:	<none>
Path params:	<none>
Headers:		authorization=Bearer eyJhbGciOiJIUzI1NiIsInR5cCI6IkpXVCJ9.eyJpZCI6IjY3MDJhMjA5OWVkMjgwMDAxYjRkNmRmOSIsImlhdCI6MTcyODIyNTgwMSwiZXhwIjoxNzI4MjI3MDAxfQ.KjG1xIiVelZ1No7ceBuBl2Cmjl-BO1QpmhftTAIhvYI
				Accept=*/*
				Content-Type=application/json
Cookies:		<none>
Multiparts:		<none>
Body:			<none>
Request method:	DELETE
Request URI:	https://stellarburgers.nomoreparties.site/api/auth/user
Proxy:			<none>
Request params:	<none>
Query params:	<none>
Form params:	<none>
Path params:	<none>
Headers:		authorization=Bearer eyJhbGciOiJIUzI1NiIsInR5cCI6IkpXVCJ9.eyJpZCI6IjY3MDJhMjA5OWVkMjgwMDAxYjRkNmRmOSIsImlhdCI6MTcyODIyNTgwMSwiZXhwIjoxNzI4MjI3MDAxfQ.KjG1xIiVelZ1No7ceBuBl2Cmjl-BO1QpmhftTAIhvYI
				Accept=*/*
				Content-Type=application/json
Cookies:		<none>
Multiparts:		<none>
Body:			<none>
Request method:	DELETE
Request URI:	https://stellarburgers.nomoreparties.site/api/auth/user
Proxy:			<none>
Request params:	<none>
Query params:	<none>
Form params:	<none>
Path params:	<none>
Headers:		authorization=Bearer eyJhbGciOiJIUzI1NiIsInR5cCI6IkpXVCJ9.eyJpZCI6IjY3MDJhMjA5OWVkMjgwMDAxYjRkNmRmOSIsImlhdCI6MTcyODIyNTgwMSwiZXhwIjoxNzI4MjI3MDAxfQ.KjG1xIiVelZ1No7ceBuBl2Cmjl-BO1QpmhftTAIhvYI
				Accept=*/*
				Content-Type=application/json
Cookies:		<none>
Multiparts:		<none>
Body:			<none>
Request method:	DELETE
Request URI:	https://stellarburgers.nomoreparties.site/api/auth/user
Proxy:			<none>
Request params:	<none>
Query params:	<none>
Form params:	<none>
Path params:	<none>
Headers:		authorization=Bearer eyJhbGciOiJIUzI1NiIsInR5cCI6IkpXVCJ9.eyJpZCI6IjY3MDJhMjA5OWVkMjgwMDAxYjRkNmRmOSIsImlhdCI6MTcyODIyNTgwMSwiZXhwIjoxNzI4MjI3MDAxfQ.KjG1xIiVelZ1No7ceBuBl2Cmjl-BO1QpmhftTAIhvYI
				Accept=*/*
				Content-Type=application/json
Cookies:		<none>
Multiparts:		<none>
Body:			<none>
HTTP/1.1 202 Accepted
Date: Sun, 06 Oct 2024 14:43:23 GMT
Content-Type: application/json; charset=utf-8
Content-Length: 54
Connection: keep-alive
X-Powered-By: Express
Access-Control-Allow-Origin: *
ETag: W/"36-hDmZnQ3Ou/ynnqAeC6TYmyseuzY"
cf-cache-status: DYNAMIC
Report-To: {"endpoints":[{"url":"https:\/\/a.nel.cloudflare.com\/report\/v4?s=KKpThJS8X10jCba40rcXSKIB6QWqPhsH54sk8xLIrIlZ677ehv7V2YGwSKkKzk%2BnmsNPHc37E860P3Ej2g10BnhmI2EPGCI%2FWImNn6EijiIXR6ldFZ5GGUIyhh9GdDZcyOwRcTelAN6xx6s3u9B4zFTG4ag%3D"}],"group":"cf-nel","max_age":604800}
NEL: {"success_fraction":0,"report_to":"cf-nel","max_age":604800}
Server: cloudflare
CF-RAY: 8ce66c64ad7c9de3-DME
alt-svc: h3=":443"; ma=86400

{
    "success": true,
    "message": "User successfully removed"
}
HTTP/1.1 202 Accepted
Date: Sun, 06 Oct 2024 14:43:23 GMT
Content-Type: application/json; charset=utf-8
Content-Length: 54
Connection: keep-alive
X-Powered-By: Express
Access-Control-Allow-Origin: *
ETag: W/"36-hDmZnQ3Ou/ynnqAeC6TYmyseuzY"
cf-cache-status: DYNAMIC
Report-To: {"endpoints":[{"url":"https:\/\/a.nel.cloudflare.com\/report\/v4?s=KKpThJS8X10jCba40rcXSKIB6QWqPhsH54sk8xLIrIlZ677ehv7V2YGwSKkKzk%2BnmsNPHc37E860P3Ej2g10BnhmI2EPGCI%2FWImNn6EijiIXR6ldFZ5GGUIyhh9GdDZcyOwRcTelAN6xx6s3u9B4zFTG4ag%3D"}],"group":"cf-nel","max_age":604800}
NEL: {"success_fraction":0,"report_to":"cf-nel","max_age":604800}
Server: cloudflare
CF-RAY: 8ce66c64ad7c9de3-DME
alt-svc: h3=":443"; ma=86400

{
    "success": true,
    "message": "User successfully removed"
}
HTTP/1.1 202 Accepted
Date: Sun, 06 Oct 2024 14:43:23 GMT
Content-Type: application/json; charset=utf-8
Content-Length: 54
Connection: keep-alive
X-Powered-By: Express
Access-Control-Allow-Origin: *
ETag: W/"36-hDmZnQ3Ou/ynnqAeC6TYmyseuzY"
cf-cache-status: DYNAMIC
Report-To: {"endpoints":[{"url":"https:\/\/a.nel.cloudflare.com\/report\/v4?s=KKpThJS8X10jCba40rcXSKIB6QWqPhsH54sk8xLIrIlZ677ehv7V2YGwSKkKzk%2BnmsNPHc37E860P3Ej2g10BnhmI2EPGCI%2FWImNn6EijiIXR6ldFZ5GGUIyhh9GdDZcyOwRcTelAN6xx6s3u9B4zFTG4ag%3D"}],"group":"cf-nel","max_age":604800}
NEL: {"success_fraction":0,"report_to":"cf-nel","max_age":604800}
Server: cloudflare
CF-RAY: 8ce66c64ad7c9de3-DME
alt-svc: h3=":443"; ma=86400

{
    "success": true,
    "message": "User successfully removed"
}
HTTP/1.1 202 Accepted
Date: Sun, 06 Oct 2024 14:43:23 GMT
Content-Type: application/json; charset=utf-8
Content-Length: 54
Connection: keep-alive
X-Powered-By: Express
Access-Control-Allow-Origin: *
ETag: W/"36-hDmZnQ3Ou/ynnqAeC6TYmyseuzY"
cf-cache-status: DYNAMIC
Report-To: {"endpoints":[{"url":"https:\/\/a.nel.cloudflare.com\/report\/v4?s=KKpThJS8X10jCba40rcXSKIB6QWqPhsH54sk8xLIrIlZ677ehv7V2YGwSKkKzk%2BnmsNPHc37E860P3Ej2g10BnhmI2EPGCI%2FWImNn6EijiIXR6ldFZ5GGUIyhh9GdDZcyOwRcTelAN6xx6s3u9B4zFTG4ag%3D"}],"group":"cf-nel","max_age":604800}
NEL: {"success_fraction":0,"report_to":"cf-nel","max_age":604800}
Server: cloudflare
CF-RAY: 8ce66c64ad7c9de3-DME
alt-svc: h3=":443"; ma=86400

{
    "success": true,
    "message": "User successfully removed"
}
HTTP/1.1 202 Accepted
Date: Sun, 06 Oct 2024 14:43:23 GMT
Content-Type: application/json; charset=utf-8
Content-Length: 54
Connection: keep-alive
X-Powered-By: Express
Access-Control-Allow-Origin: *
ETag: W/"36-hDmZnQ3Ou/ynnqAeC6TYmyseuzY"
cf-cache-status: DYNAMIC
Report-To: {"endpoints":[{"url":"https:\/\/a.nel.cloudflare.com\/report\/v4?s=KKpThJS8X10jCba40rcXSKIB6QWqPhsH54sk8xLIrIlZ677ehv7V2YGwSKkKzk%2BnmsNPHc37E860P3Ej2g10BnhmI2EPGCI%2FWImNn6EijiIXR6ldFZ5GGUIyhh9GdDZcyOwRcTelAN6xx6s3u9B4zFTG4ag%3D"}],"group":"cf-nel","max_age":604800}
NEL: {"success_fraction":0,"report_to":"cf-nel","max_age":604800}
Server: cloudflare
CF-RAY: 8ce66c64ad7c9de3-DME
alt-svc: h3=":443"; ma=86400

{
    "success": true,
    "message": "User successfully removed"
}
HTTP/1.1 202 Accepted
Date: Sun, 06 Oct 2024 14:43:23 GMT
Content-Type: application/json; charset=utf-8
Content-Length: 54
Connection: keep-alive
X-Powered-By: Express
Access-Control-Allow-Origin: *
ETag: W/"36-hDmZnQ3Ou/ynnqAeC6TYmyseuzY"
cf-cache-status: DYNAMIC
Report-To: {"endpoints":[{"url":"https:\/\/a.nel.cloudflare.com\/report\/v4?s=KKpThJS8X10jCba40rcXSKIB6QWqPhsH54sk8xLIrIlZ677ehv7V2YGwSKkKzk%2BnmsNPHc37E860P3Ej2g10BnhmI2EPGCI%2FWImNn6EijiIXR6ldFZ5GGUIyhh9GdDZcyOwRcTelAN6xx6s3u9B4zFTG4ag%3D"}],"group":"cf-nel","max_age":604800}
NEL: {"success_fraction":0,"report_to":"cf-nel","max_age":604800}
Server: cloudflare
CF-RAY: 8ce66c64ad7c9de3-DME
alt-svc: h3=":443"; ma=86400

{
    "success": true,
    "message": "User successfully removed"
}
HTTP/1.1 202 Accepted
Date: Sun, 06 Oct 2024 14:43:23 GMT
Content-Type: application/json; charset=utf-8
Content-Length: 54
Connection: keep-alive
X-Powered-By: Express
Access-Control-Allow-Origin: *
ETag: W/"36-hDmZnQ3Ou/ynnqAeC6TYmyseuzY"
cf-cache-status: DYNAMIC
Report-To: {"endpoints":[{"url":"https:\/\/a.nel.cloudflare.com\/report\/v4?s=KKpThJS8X10jCba40rcXSKIB6QWqPhsH54sk8xLIrIlZ677ehv7V2YGwSKkKzk%2BnmsNPHc37E860P3Ej2g10BnhmI2EPGCI%2FWImNn6EijiIXR6ldFZ5GGUIyhh9GdDZcyOwRcTelAN6xx6s3u9B4zFTG4ag%3D"}],"group":"cf-nel","max_age":604800}
NEL: {"success_fraction":0,"report_to":"cf-nel","max_age":604800}
Server: cloudflare
CF-RAY: 8ce66c64ad7c9de3-DME
alt-svc: h3=":443"; ma=86400

{
    "success": true,
    "message": "User successfully removed"
}
HTTP/1.1 202 Accepted
Date: Sun, 06 Oct 2024 14:43:23 GMT
Content-Type: application/json; charset=utf-8
Content-Length: 54
Connection: keep-alive
X-Powered-By: Express
Access-Control-Allow-Origin: *
ETag: W/"36-hDmZnQ3Ou/ynnqAeC6TYmyseuzY"
cf-cache-status: DYNAMIC
Report-To: {"endpoints":[{"url":"https:\/\/a.nel.cloudflare.com\/report\/v4?s=KKpThJS8X10jCba40rcXSKIB6QWqPhsH54sk8xLIrIlZ677ehv7V2YGwSKkKzk%2BnmsNPHc37E860P3Ej2g10BnhmI2EPGCI%2FWImNn6EijiIXR6ldFZ5GGUIyhh9GdDZcyOwRcTelAN6xx6s3u9B4zFTG4ag%3D"}],"group":"cf-nel","max_age":604800}
NEL: {"success_fraction":0,"report_to":"cf-nel","max_age":604800}
Server: cloudflare
CF-RAY: 8ce66c64ad7c9de3-DME
alt-svc: h3=":443"; ma=86400

{
    "success": true,
    "message": "User successfully removed"
}
HTTP/1.1 202 Accepted
Date: Sun, 06 Oct 2024 14:43:23 GMT
Content-Type: application/json; charset=utf-8
Content-Length: 54
Connection: keep-alive
X-Powered-By: Express
Access-Control-Allow-Origin: *
ETag: W/"36-hDmZnQ3Ou/ynnqAeC6TYmyseuzY"
cf-cache-status: DYNAMIC
Report-To: {"endpoints":[{"url":"https:\/\/a.nel.cloudflare.com\/report\/v4?s=KKpThJS8X10jCba40rcXSKIB6QWqPhsH54sk8xLIrIlZ677ehv7V2YGwSKkKzk%2BnmsNPHc37E860P3Ej2g10BnhmI2EPGCI%2FWImNn6EijiIXR6ldFZ5GGUIyhh9GdDZcyOwRcTelAN6xx6s3u9B4zFTG4ag%3D"}],"group":"cf-nel","max_age":604800}
NEL: {"success_fraction":0,"report_to":"cf-nel","max_age":604800}
Server: cloudflare
CF-RAY: 8ce66c64ad7c9de3-DME
alt-svc: h3=":443"; ma=86400

{
    "success": true,
    "message": "User successfully removed"
}
]]></system-out>
    <system-err><![CDATA[окт. 06, 2024 5:45:17 PM org.openqa.selenium.devtools.CdpVersionFinder findNearestMatch
WARNING: Unable to find an exact match for CDP version 129, returning the closest version; found: 125; Please update to a Selenium version that supports CDP version 129
]]></system-err>
  </testcase>
  <testcase name="loginFromRecoverPasswordTest" classname="LoginTest" time="6.915">
    <system-out><![CDATA[Request method:	POST
Request URI:	https://stellarburgers.nomoreparties.site/api/auth/register
Proxy:			<none>
Request params:	<none>
Query params:	<none>
Form params:	<none>
Path params:	<none>
Headers:		Accept=*/*
				Content-Type=application/json
Cookies:		<none>
Multiparts:		<none>
Body:
{
    "email": "cjGrlFTUsG@yandex.ru",
    "password": "ImMYlE",
    "name": "DENOXV",
    "accessToken": null,
    "refreshToken": null
}
Request method:	POST
Request URI:	https://stellarburgers.nomoreparties.site/api/auth/register
Proxy:			<none>
Request params:	<none>
Query params:	<none>
Form params:	<none>
Path params:	<none>
Headers:		Accept=*/*
				Content-Type=application/json
Cookies:		<none>
Multiparts:		<none>
Body:
{
    "email": "cjGrlFTUsG@yandex.ru",
    "password": "ImMYlE",
    "name": "DENOXV",
    "accessToken": null,
    "refreshToken": null
}
Request method:	POST
Request URI:	https://stellarburgers.nomoreparties.site/api/auth/register
Proxy:			<none>
Request params:	<none>
Query params:	<none>
Form params:	<none>
Path params:	<none>
Headers:		Accept=*/*
				Content-Type=application/json
Cookies:		<none>
Multiparts:		<none>
Body:
{
    "email": "cjGrlFTUsG@yandex.ru",
    "password": "ImMYlE",
    "name": "DENOXV",
    "accessToken": null,
    "refreshToken": null
}
Request method:	POST
Request URI:	https://stellarburgers.nomoreparties.site/api/auth/register
Proxy:			<none>
Request params:	<none>
Query params:	<none>
Form params:	<none>
Path params:	<none>
Headers:		Accept=*/*
				Content-Type=application/json
Cookies:		<none>
Multiparts:		<none>
Body:
{
    "email": "cjGrlFTUsG@yandex.ru",
    "password": "ImMYlE",
    "name": "DENOXV",
    "accessToken": null,
    "refreshToken": null
}
Request method:	POST
Request URI:	https://stellarburgers.nomoreparties.site/api/auth/register
Proxy:			<none>
Request params:	<none>
Query params:	<none>
Form params:	<none>
Path params:	<none>
Headers:		Accept=*/*
				Content-Type=application/json
Cookies:		<none>
Multiparts:		<none>
Body:
{
    "email": "cjGrlFTUsG@yandex.ru",
    "password": "ImMYlE",
    "name": "DENOXV",
    "accessToken": null,
    "refreshToken": null
}
Request method:	POST
Request URI:	https://stellarburgers.nomoreparties.site/api/auth/register
Proxy:			<none>
Request params:	<none>
Query params:	<none>
Form params:	<none>
Path params:	<none>
Headers:		Accept=*/*
				Content-Type=application/json
Cookies:		<none>
Multiparts:		<none>
Body:
{
    "email": "cjGrlFTUsG@yandex.ru",
    "password": "ImMYlE",
    "name": "DENOXV",
    "accessToken": null,
    "refreshToken": null
}
Request method:	POST
Request URI:	https://stellarburgers.nomoreparties.site/api/auth/register
Proxy:			<none>
Request params:	<none>
Query params:	<none>
Form params:	<none>
Path params:	<none>
Headers:		Accept=*/*
				Content-Type=application/json
Cookies:		<none>
Multiparts:		<none>
Body:
{
    "email": "cjGrlFTUsG@yandex.ru",
    "password": "ImMYlE",
    "name": "DENOXV",
    "accessToken": null,
    "refreshToken": null
}
Request method:	POST
Request URI:	https://stellarburgers.nomoreparties.site/api/auth/register
Proxy:			<none>
Request params:	<none>
Query params:	<none>
Form params:	<none>
Path params:	<none>
Headers:		Accept=*/*
				Content-Type=application/json
Cookies:		<none>
Multiparts:		<none>
Body:
{
    "email": "cjGrlFTUsG@yandex.ru",
    "password": "ImMYlE",
    "name": "DENOXV",
    "accessToken": null,
    "refreshToken": null
}
Request method:	POST
Request URI:	https://stellarburgers.nomoreparties.site/api/auth/register
Proxy:			<none>
Request params:	<none>
Query params:	<none>
Form params:	<none>
Path params:	<none>
Headers:		Accept=*/*
				Content-Type=application/json
Cookies:		<none>
Multiparts:		<none>
Body:
{
    "email": "cjGrlFTUsG@yandex.ru",
    "password": "ImMYlE",
    "name": "DENOXV",
    "accessToken": null,
    "refreshToken": null
}
Request method:	POST
Request URI:	https://stellarburgers.nomoreparties.site/api/auth/register
Proxy:			<none>
Request params:	<none>
Query params:	<none>
Form params:	<none>
Path params:	<none>
Headers:		Accept=*/*
				Content-Type=application/json
Cookies:		<none>
Multiparts:		<none>
Body:
{
    "email": "cjGrlFTUsG@yandex.ru",
    "password": "ImMYlE",
    "name": "DENOXV",
    "accessToken": null,
    "refreshToken": null
}
HTTP/1.1 200 OK
Date: Sun, 06 Oct 2024 14:43:26 GMT
Content-Type: application/json; charset=utf-8
Transfer-Encoding: chunked
Connection: keep-alive
X-Powered-By: Express
Access-Control-Allow-Origin: *
authorization: Bearer eyJhbGciOiJIUzI1NiIsInR5cCI6IkpXVCJ9.eyJpZCI6IjY3MDJhMjBlOWVkMjgwMDAxYjRkNmRmZiIsImlhdCI6MTcyODIyNTgwNiwiZXhwIjoxNzI4MjI3MDA2fQ.G80xMXPFpkzL3IGbxkGI9_iGiRqjOuhCxGN7Gfl9RQ0
ETag: W/"16d-TQJRs7ZSkBxVnOmz0DuQJsRL/c0"
cf-cache-status: DYNAMIC
Report-To: {"endpoints":[{"url":"https:\/\/a.nel.cloudflare.com\/report\/v4?s=3kB5GXI7VbKDyyLkgIGNsufOLj30yn0wLINwSrUip9BIXUrKBNfHemQGnJWC%2FCWVR9X2Xv6gQqX8goHVX31sjtlAw%2FaZ6meFydrPivKOBpkCbYk1A4xFE4qGP9wWW4X90vEgZWCTCiAqZybSOiMtMbHD5ks%3D"}],"group":"cf-nel","max_age":604800}
NEL: {"success_fraction":0,"report_to":"cf-nel","max_age":604800}
Server: cloudflare
CF-RAY: 8ce66c7b5a009daf-DME
Content-Encoding: gzip

{
    "success": true,
    "user": {
        "email": "cjgrlftusg@yandex.ru",
        "name": "DENOXV"
    },
    "accessToken": "Bearer eyJhbGciOiJIUzI1NiIsInR5cCI6IkpXVCJ9.eyJpZCI6IjY3MDJhMjBlOWVkMjgwMDAxYjRkNmRmZiIsImlhdCI6MTcyODIyNTgwNiwiZXhwIjoxNzI4MjI3MDA2fQ.G80xMXPFpkzL3IGbxkGI9_iGiRqjOuhCxGN7Gfl9RQ0",
    "refreshToken": "83cf5910cb55104943b5a58baa7bb26da8b33541e8865d19d9a2dec7997944dcd8baa8547c90f63e"
}
HTTP/1.1 200 OK
Date: Sun, 06 Oct 2024 14:43:26 GMT
Content-Type: application/json; charset=utf-8
Transfer-Encoding: chunked
Connection: keep-alive
X-Powered-By: Express
Access-Control-Allow-Origin: *
authorization: Bearer eyJhbGciOiJIUzI1NiIsInR5cCI6IkpXVCJ9.eyJpZCI6IjY3MDJhMjBlOWVkMjgwMDAxYjRkNmRmZiIsImlhdCI6MTcyODIyNTgwNiwiZXhwIjoxNzI4MjI3MDA2fQ.G80xMXPFpkzL3IGbxkGI9_iGiRqjOuhCxGN7Gfl9RQ0
ETag: W/"16d-TQJRs7ZSkBxVnOmz0DuQJsRL/c0"
cf-cache-status: DYNAMIC
Report-To: {"endpoints":[{"url":"https:\/\/a.nel.cloudflare.com\/report\/v4?s=3kB5GXI7VbKDyyLkgIGNsufOLj30yn0wLINwSrUip9BIXUrKBNfHemQGnJWC%2FCWVR9X2Xv6gQqX8goHVX31sjtlAw%2FaZ6meFydrPivKOBpkCbYk1A4xFE4qGP9wWW4X90vEgZWCTCiAqZybSOiMtMbHD5ks%3D"}],"group":"cf-nel","max_age":604800}
NEL: {"success_fraction":0,"report_to":"cf-nel","max_age":604800}
Server: cloudflare
CF-RAY: 8ce66c7b5a009daf-DME
Content-Encoding: gzip

{
    "success": true,
    "user": {
        "email": "cjgrlftusg@yandex.ru",
        "name": "DENOXV"
    },
    "accessToken": "Bearer eyJhbGciOiJIUzI1NiIsInR5cCI6IkpXVCJ9.eyJpZCI6IjY3MDJhMjBlOWVkMjgwMDAxYjRkNmRmZiIsImlhdCI6MTcyODIyNTgwNiwiZXhwIjoxNzI4MjI3MDA2fQ.G80xMXPFpkzL3IGbxkGI9_iGiRqjOuhCxGN7Gfl9RQ0",
    "refreshToken": "83cf5910cb55104943b5a58baa7bb26da8b33541e8865d19d9a2dec7997944dcd8baa8547c90f63e"
}
HTTP/1.1 200 OK
Date: Sun, 06 Oct 2024 14:43:26 GMT
Content-Type: application/json; charset=utf-8
Transfer-Encoding: chunked
Connection: keep-alive
X-Powered-By: Express
Access-Control-Allow-Origin: *
authorization: Bearer eyJhbGciOiJIUzI1NiIsInR5cCI6IkpXVCJ9.eyJpZCI6IjY3MDJhMjBlOWVkMjgwMDAxYjRkNmRmZiIsImlhdCI6MTcyODIyNTgwNiwiZXhwIjoxNzI4MjI3MDA2fQ.G80xMXPFpkzL3IGbxkGI9_iGiRqjOuhCxGN7Gfl9RQ0
ETag: W/"16d-TQJRs7ZSkBxVnOmz0DuQJsRL/c0"
cf-cache-status: DYNAMIC
Report-To: {"endpoints":[{"url":"https:\/\/a.nel.cloudflare.com\/report\/v4?s=3kB5GXI7VbKDyyLkgIGNsufOLj30yn0wLINwSrUip9BIXUrKBNfHemQGnJWC%2FCWVR9X2Xv6gQqX8goHVX31sjtlAw%2FaZ6meFydrPivKOBpkCbYk1A4xFE4qGP9wWW4X90vEgZWCTCiAqZybSOiMtMbHD5ks%3D"}],"group":"cf-nel","max_age":604800}
NEL: {"success_fraction":0,"report_to":"cf-nel","max_age":604800}
Server: cloudflare
CF-RAY: 8ce66c7b5a009daf-DME
Content-Encoding: gzip

{
    "success": true,
    "user": {
        "email": "cjgrlftusg@yandex.ru",
        "name": "DENOXV"
    },
    "accessToken": "Bearer eyJhbGciOiJIUzI1NiIsInR5cCI6IkpXVCJ9.eyJpZCI6IjY3MDJhMjBlOWVkMjgwMDAxYjRkNmRmZiIsImlhdCI6MTcyODIyNTgwNiwiZXhwIjoxNzI4MjI3MDA2fQ.G80xMXPFpkzL3IGbxkGI9_iGiRqjOuhCxGN7Gfl9RQ0",
    "refreshToken": "83cf5910cb55104943b5a58baa7bb26da8b33541e8865d19d9a2dec7997944dcd8baa8547c90f63e"
}
HTTP/1.1 200 OK
Date: Sun, 06 Oct 2024 14:43:26 GMT
Content-Type: application/json; charset=utf-8
Transfer-Encoding: chunked
Connection: keep-alive
X-Powered-By: Express
Access-Control-Allow-Origin: *
authorization: Bearer eyJhbGciOiJIUzI1NiIsInR5cCI6IkpXVCJ9.eyJpZCI6IjY3MDJhMjBlOWVkMjgwMDAxYjRkNmRmZiIsImlhdCI6MTcyODIyNTgwNiwiZXhwIjoxNzI4MjI3MDA2fQ.G80xMXPFpkzL3IGbxkGI9_iGiRqjOuhCxGN7Gfl9RQ0
ETag: W/"16d-TQJRs7ZSkBxVnOmz0DuQJsRL/c0"
cf-cache-status: DYNAMIC
Report-To: {"endpoints":[{"url":"https:\/\/a.nel.cloudflare.com\/report\/v4?s=3kB5GXI7VbKDyyLkgIGNsufOLj30yn0wLINwSrUip9BIXUrKBNfHemQGnJWC%2FCWVR9X2Xv6gQqX8goHVX31sjtlAw%2FaZ6meFydrPivKOBpkCbYk1A4xFE4qGP9wWW4X90vEgZWCTCiAqZybSOiMtMbHD5ks%3D"}],"group":"cf-nel","max_age":604800}
NEL: {"success_fraction":0,"report_to":"cf-nel","max_age":604800}
Server: cloudflare
CF-RAY: 8ce66c7b5a009daf-DME
Content-Encoding: gzip

{
    "success": true,
    "user": {
        "email": "cjgrlftusg@yandex.ru",
        "name": "DENOXV"
    },
    "accessToken": "Bearer eyJhbGciOiJIUzI1NiIsInR5cCI6IkpXVCJ9.eyJpZCI6IjY3MDJhMjBlOWVkMjgwMDAxYjRkNmRmZiIsImlhdCI6MTcyODIyNTgwNiwiZXhwIjoxNzI4MjI3MDA2fQ.G80xMXPFpkzL3IGbxkGI9_iGiRqjOuhCxGN7Gfl9RQ0",
    "refreshToken": "83cf5910cb55104943b5a58baa7bb26da8b33541e8865d19d9a2dec7997944dcd8baa8547c90f63e"
}
HTTP/1.1 200 OK
Date: Sun, 06 Oct 2024 14:43:26 GMT
Content-Type: application/json; charset=utf-8
Transfer-Encoding: chunked
Connection: keep-alive
X-Powered-By: Express
Access-Control-Allow-Origin: *
authorization: Bearer eyJhbGciOiJIUzI1NiIsInR5cCI6IkpXVCJ9.eyJpZCI6IjY3MDJhMjBlOWVkMjgwMDAxYjRkNmRmZiIsImlhdCI6MTcyODIyNTgwNiwiZXhwIjoxNzI4MjI3MDA2fQ.G80xMXPFpkzL3IGbxkGI9_iGiRqjOuhCxGN7Gfl9RQ0
ETag: W/"16d-TQJRs7ZSkBxVnOmz0DuQJsRL/c0"
cf-cache-status: DYNAMIC
Report-To: {"endpoints":[{"url":"https:\/\/a.nel.cloudflare.com\/report\/v4?s=3kB5GXI7VbKDyyLkgIGNsufOLj30yn0wLINwSrUip9BIXUrKBNfHemQGnJWC%2FCWVR9X2Xv6gQqX8goHVX31sjtlAw%2FaZ6meFydrPivKOBpkCbYk1A4xFE4qGP9wWW4X90vEgZWCTCiAqZybSOiMtMbHD5ks%3D"}],"group":"cf-nel","max_age":604800}
NEL: {"success_fraction":0,"report_to":"cf-nel","max_age":604800}
Server: cloudflare
CF-RAY: 8ce66c7b5a009daf-DME
Content-Encoding: gzip

{
    "success": true,
    "user": {
        "email": "cjgrlftusg@yandex.ru",
        "name": "DENOXV"
    },
    "accessToken": "Bearer eyJhbGciOiJIUzI1NiIsInR5cCI6IkpXVCJ9.eyJpZCI6IjY3MDJhMjBlOWVkMjgwMDAxYjRkNmRmZiIsImlhdCI6MTcyODIyNTgwNiwiZXhwIjoxNzI4MjI3MDA2fQ.G80xMXPFpkzL3IGbxkGI9_iGiRqjOuhCxGN7Gfl9RQ0",
    "refreshToken": "83cf5910cb55104943b5a58baa7bb26da8b33541e8865d19d9a2dec7997944dcd8baa8547c90f63e"
}
HTTP/1.1 200 OK
Date: Sun, 06 Oct 2024 14:43:26 GMT
Content-Type: application/json; charset=utf-8
Transfer-Encoding: chunked
Connection: keep-alive
X-Powered-By: Express
Access-Control-Allow-Origin: *
authorization: Bearer eyJhbGciOiJIUzI1NiIsInR5cCI6IkpXVCJ9.eyJpZCI6IjY3MDJhMjBlOWVkMjgwMDAxYjRkNmRmZiIsImlhdCI6MTcyODIyNTgwNiwiZXhwIjoxNzI4MjI3MDA2fQ.G80xMXPFpkzL3IGbxkGI9_iGiRqjOuhCxGN7Gfl9RQ0
ETag: W/"16d-TQJRs7ZSkBxVnOmz0DuQJsRL/c0"
cf-cache-status: DYNAMIC
Report-To: {"endpoints":[{"url":"https:\/\/a.nel.cloudflare.com\/report\/v4?s=3kB5GXI7VbKDyyLkgIGNsufOLj30yn0wLINwSrUip9BIXUrKBNfHemQGnJWC%2FCWVR9X2Xv6gQqX8goHVX31sjtlAw%2FaZ6meFydrPivKOBpkCbYk1A4xFE4qGP9wWW4X90vEgZWCTCiAqZybSOiMtMbHD5ks%3D"}],"group":"cf-nel","max_age":604800}
NEL: {"success_fraction":0,"report_to":"cf-nel","max_age":604800}
Server: cloudflare
CF-RAY: 8ce66c7b5a009daf-DME
Content-Encoding: gzip

{
    "success": true,
    "user": {
        "email": "cjgrlftusg@yandex.ru",
        "name": "DENOXV"
    },
    "accessToken": "Bearer eyJhbGciOiJIUzI1NiIsInR5cCI6IkpXVCJ9.eyJpZCI6IjY3MDJhMjBlOWVkMjgwMDAxYjRkNmRmZiIsImlhdCI6MTcyODIyNTgwNiwiZXhwIjoxNzI4MjI3MDA2fQ.G80xMXPFpkzL3IGbxkGI9_iGiRqjOuhCxGN7Gfl9RQ0",
    "refreshToken": "83cf5910cb55104943b5a58baa7bb26da8b33541e8865d19d9a2dec7997944dcd8baa8547c90f63e"
}
HTTP/1.1 200 OK
Date: Sun, 06 Oct 2024 14:43:26 GMT
Content-Type: application/json; charset=utf-8
Transfer-Encoding: chunked
Connection: keep-alive
X-Powered-By: Express
Access-Control-Allow-Origin: *
authorization: Bearer eyJhbGciOiJIUzI1NiIsInR5cCI6IkpXVCJ9.eyJpZCI6IjY3MDJhMjBlOWVkMjgwMDAxYjRkNmRmZiIsImlhdCI6MTcyODIyNTgwNiwiZXhwIjoxNzI4MjI3MDA2fQ.G80xMXPFpkzL3IGbxkGI9_iGiRqjOuhCxGN7Gfl9RQ0
ETag: W/"16d-TQJRs7ZSkBxVnOmz0DuQJsRL/c0"
cf-cache-status: DYNAMIC
Report-To: {"endpoints":[{"url":"https:\/\/a.nel.cloudflare.com\/report\/v4?s=3kB5GXI7VbKDyyLkgIGNsufOLj30yn0wLINwSrUip9BIXUrKBNfHemQGnJWC%2FCWVR9X2Xv6gQqX8goHVX31sjtlAw%2FaZ6meFydrPivKOBpkCbYk1A4xFE4qGP9wWW4X90vEgZWCTCiAqZybSOiMtMbHD5ks%3D"}],"group":"cf-nel","max_age":604800}
NEL: {"success_fraction":0,"report_to":"cf-nel","max_age":604800}
Server: cloudflare
CF-RAY: 8ce66c7b5a009daf-DME
Content-Encoding: gzip

{
    "success": true,
    "user": {
        "email": "cjgrlftusg@yandex.ru",
        "name": "DENOXV"
    },
    "accessToken": "Bearer eyJhbGciOiJIUzI1NiIsInR5cCI6IkpXVCJ9.eyJpZCI6IjY3MDJhMjBlOWVkMjgwMDAxYjRkNmRmZiIsImlhdCI6MTcyODIyNTgwNiwiZXhwIjoxNzI4MjI3MDA2fQ.G80xMXPFpkzL3IGbxkGI9_iGiRqjOuhCxGN7Gfl9RQ0",
    "refreshToken": "83cf5910cb55104943b5a58baa7bb26da8b33541e8865d19d9a2dec7997944dcd8baa8547c90f63e"
}
HTTP/1.1 200 OK
Date: Sun, 06 Oct 2024 14:43:26 GMT
Content-Type: application/json; charset=utf-8
Transfer-Encoding: chunked
Connection: keep-alive
X-Powered-By: Express
Access-Control-Allow-Origin: *
authorization: Bearer eyJhbGciOiJIUzI1NiIsInR5cCI6IkpXVCJ9.eyJpZCI6IjY3MDJhMjBlOWVkMjgwMDAxYjRkNmRmZiIsImlhdCI6MTcyODIyNTgwNiwiZXhwIjoxNzI4MjI3MDA2fQ.G80xMXPFpkzL3IGbxkGI9_iGiRqjOuhCxGN7Gfl9RQ0
ETag: W/"16d-TQJRs7ZSkBxVnOmz0DuQJsRL/c0"
cf-cache-status: DYNAMIC
Report-To: {"endpoints":[{"url":"https:\/\/a.nel.cloudflare.com\/report\/v4?s=3kB5GXI7VbKDyyLkgIGNsufOLj30yn0wLINwSrUip9BIXUrKBNfHemQGnJWC%2FCWVR9X2Xv6gQqX8goHVX31sjtlAw%2FaZ6meFydrPivKOBpkCbYk1A4xFE4qGP9wWW4X90vEgZWCTCiAqZybSOiMtMbHD5ks%3D"}],"group":"cf-nel","max_age":604800}
NEL: {"success_fraction":0,"report_to":"cf-nel","max_age":604800}
Server: cloudflare
CF-RAY: 8ce66c7b5a009daf-DME
Content-Encoding: gzip

{
    "success": true,
    "user": {
        "email": "cjgrlftusg@yandex.ru",
        "name": "DENOXV"
    },
    "accessToken": "Bearer eyJhbGciOiJIUzI1NiIsInR5cCI6IkpXVCJ9.eyJpZCI6IjY3MDJhMjBlOWVkMjgwMDAxYjRkNmRmZiIsImlhdCI6MTcyODIyNTgwNiwiZXhwIjoxNzI4MjI3MDA2fQ.G80xMXPFpkzL3IGbxkGI9_iGiRqjOuhCxGN7Gfl9RQ0",
    "refreshToken": "83cf5910cb55104943b5a58baa7bb26da8b33541e8865d19d9a2dec7997944dcd8baa8547c90f63e"
}
HTTP/1.1 200 OK
Date: Sun, 06 Oct 2024 14:43:26 GMT
Content-Type: application/json; charset=utf-8
Transfer-Encoding: chunked
Connection: keep-alive
X-Powered-By: Express
Access-Control-Allow-Origin: *
authorization: Bearer eyJhbGciOiJIUzI1NiIsInR5cCI6IkpXVCJ9.eyJpZCI6IjY3MDJhMjBlOWVkMjgwMDAxYjRkNmRmZiIsImlhdCI6MTcyODIyNTgwNiwiZXhwIjoxNzI4MjI3MDA2fQ.G80xMXPFpkzL3IGbxkGI9_iGiRqjOuhCxGN7Gfl9RQ0
ETag: W/"16d-TQJRs7ZSkBxVnOmz0DuQJsRL/c0"
cf-cache-status: DYNAMIC
Report-To: {"endpoints":[{"url":"https:\/\/a.nel.cloudflare.com\/report\/v4?s=3kB5GXI7VbKDyyLkgIGNsufOLj30yn0wLINwSrUip9BIXUrKBNfHemQGnJWC%2FCWVR9X2Xv6gQqX8goHVX31sjtlAw%2FaZ6meFydrPivKOBpkCbYk1A4xFE4qGP9wWW4X90vEgZWCTCiAqZybSOiMtMbHD5ks%3D"}],"group":"cf-nel","max_age":604800}
NEL: {"success_fraction":0,"report_to":"cf-nel","max_age":604800}
Server: cloudflare
CF-RAY: 8ce66c7b5a009daf-DME
Content-Encoding: gzip

{
    "success": true,
    "user": {
        "email": "cjgrlftusg@yandex.ru",
        "name": "DENOXV"
    },
    "accessToken": "Bearer eyJhbGciOiJIUzI1NiIsInR5cCI6IkpXVCJ9.eyJpZCI6IjY3MDJhMjBlOWVkMjgwMDAxYjRkNmRmZiIsImlhdCI6MTcyODIyNTgwNiwiZXhwIjoxNzI4MjI3MDA2fQ.G80xMXPFpkzL3IGbxkGI9_iGiRqjOuhCxGN7Gfl9RQ0",
    "refreshToken": "83cf5910cb55104943b5a58baa7bb26da8b33541e8865d19d9a2dec7997944dcd8baa8547c90f63e"
}
HTTP/1.1 200 OK
Date: Sun, 06 Oct 2024 14:43:26 GMT
Content-Type: application/json; charset=utf-8
Transfer-Encoding: chunked
Connection: keep-alive
X-Powered-By: Express
Access-Control-Allow-Origin: *
authorization: Bearer eyJhbGciOiJIUzI1NiIsInR5cCI6IkpXVCJ9.eyJpZCI6IjY3MDJhMjBlOWVkMjgwMDAxYjRkNmRmZiIsImlhdCI6MTcyODIyNTgwNiwiZXhwIjoxNzI4MjI3MDA2fQ.G80xMXPFpkzL3IGbxkGI9_iGiRqjOuhCxGN7Gfl9RQ0
ETag: W/"16d-TQJRs7ZSkBxVnOmz0DuQJsRL/c0"
cf-cache-status: DYNAMIC
Report-To: {"endpoints":[{"url":"https:\/\/a.nel.cloudflare.com\/report\/v4?s=3kB5GXI7VbKDyyLkgIGNsufOLj30yn0wLINwSrUip9BIXUrKBNfHemQGnJWC%2FCWVR9X2Xv6gQqX8goHVX31sjtlAw%2FaZ6meFydrPivKOBpkCbYk1A4xFE4qGP9wWW4X90vEgZWCTCiAqZybSOiMtMbHD5ks%3D"}],"group":"cf-nel","max_age":604800}
NEL: {"success_fraction":0,"report_to":"cf-nel","max_age":604800}
Server: cloudflare
CF-RAY: 8ce66c7b5a009daf-DME
Content-Encoding: gzip

{
    "success": true,
    "user": {
        "email": "cjgrlftusg@yandex.ru",
        "name": "DENOXV"
    },
    "accessToken": "Bearer eyJhbGciOiJIUzI1NiIsInR5cCI6IkpXVCJ9.eyJpZCI6IjY3MDJhMjBlOWVkMjgwMDAxYjRkNmRmZiIsImlhdCI6MTcyODIyNTgwNiwiZXhwIjoxNzI4MjI3MDA2fQ.G80xMXPFpkzL3IGbxkGI9_iGiRqjOuhCxGN7Gfl9RQ0",
    "refreshToken": "83cf5910cb55104943b5a58baa7bb26da8b33541e8865d19d9a2dec7997944dcd8baa8547c90f63e"
}
Request method:	DELETE
Request URI:	https://stellarburgers.nomoreparties.site/api/auth/user
Proxy:			<none>
Request params:	<none>
Query params:	<none>
Form params:	<none>
Path params:	<none>
Headers:		authorization=Bearer eyJhbGciOiJIUzI1NiIsInR5cCI6IkpXVCJ9.eyJpZCI6IjY3MDJhMjBlOWVkMjgwMDAxYjRkNmRmZiIsImlhdCI6MTcyODIyNTgwNiwiZXhwIjoxNzI4MjI3MDA2fQ.G80xMXPFpkzL3IGbxkGI9_iGiRqjOuhCxGN7Gfl9RQ0
				Accept=*/*
				Content-Type=application/json
Cookies:		<none>
Multiparts:		<none>
Body:			<none>
Request method:	DELETE
Request URI:	https://stellarburgers.nomoreparties.site/api/auth/user
Proxy:			<none>
Request params:	<none>
Query params:	<none>
Form params:	<none>
Path params:	<none>
Headers:		authorization=Bearer eyJhbGciOiJIUzI1NiIsInR5cCI6IkpXVCJ9.eyJpZCI6IjY3MDJhMjBlOWVkMjgwMDAxYjRkNmRmZiIsImlhdCI6MTcyODIyNTgwNiwiZXhwIjoxNzI4MjI3MDA2fQ.G80xMXPFpkzL3IGbxkGI9_iGiRqjOuhCxGN7Gfl9RQ0
				Accept=*/*
				Content-Type=application/json
Cookies:		<none>
Multiparts:		<none>
Body:			<none>
Request method:	DELETE
Request URI:	https://stellarburgers.nomoreparties.site/api/auth/user
Proxy:			<none>
Request params:	<none>
Query params:	<none>
Form params:	<none>
Path params:	<none>
Headers:		authorization=Bearer eyJhbGciOiJIUzI1NiIsInR5cCI6IkpXVCJ9.eyJpZCI6IjY3MDJhMjBlOWVkMjgwMDAxYjRkNmRmZiIsImlhdCI6MTcyODIyNTgwNiwiZXhwIjoxNzI4MjI3MDA2fQ.G80xMXPFpkzL3IGbxkGI9_iGiRqjOuhCxGN7Gfl9RQ0
				Accept=*/*
				Content-Type=application/json
Cookies:		<none>
Multiparts:		<none>
Body:			<none>
Request method:	DELETE
Request URI:	https://stellarburgers.nomoreparties.site/api/auth/user
Proxy:			<none>
Request params:	<none>
Query params:	<none>
Form params:	<none>
Path params:	<none>
Headers:		authorization=Bearer eyJhbGciOiJIUzI1NiIsInR5cCI6IkpXVCJ9.eyJpZCI6IjY3MDJhMjBlOWVkMjgwMDAxYjRkNmRmZiIsImlhdCI6MTcyODIyNTgwNiwiZXhwIjoxNzI4MjI3MDA2fQ.G80xMXPFpkzL3IGbxkGI9_iGiRqjOuhCxGN7Gfl9RQ0
				Accept=*/*
				Content-Type=application/json
Cookies:		<none>
Multiparts:		<none>
Body:			<none>
Request method:	DELETE
Request URI:	https://stellarburgers.nomoreparties.site/api/auth/user
Proxy:			<none>
Request params:	<none>
Query params:	<none>
Form params:	<none>
Path params:	<none>
Headers:		authorization=Bearer eyJhbGciOiJIUzI1NiIsInR5cCI6IkpXVCJ9.eyJpZCI6IjY3MDJhMjBlOWVkMjgwMDAxYjRkNmRmZiIsImlhdCI6MTcyODIyNTgwNiwiZXhwIjoxNzI4MjI3MDA2fQ.G80xMXPFpkzL3IGbxkGI9_iGiRqjOuhCxGN7Gfl9RQ0
				Accept=*/*
				Content-Type=application/json
Cookies:		<none>
Multiparts:		<none>
Body:			<none>
Request method:	DELETE
Request URI:	https://stellarburgers.nomoreparties.site/api/auth/user
Proxy:			<none>
Request params:	<none>
Query params:	<none>
Form params:	<none>
Path params:	<none>
Headers:		authorization=Bearer eyJhbGciOiJIUzI1NiIsInR5cCI6IkpXVCJ9.eyJpZCI6IjY3MDJhMjBlOWVkMjgwMDAxYjRkNmRmZiIsImlhdCI6MTcyODIyNTgwNiwiZXhwIjoxNzI4MjI3MDA2fQ.G80xMXPFpkzL3IGbxkGI9_iGiRqjOuhCxGN7Gfl9RQ0
				Accept=*/*
				Content-Type=application/json
Cookies:		<none>
Multiparts:		<none>
Body:			<none>
Request method:	DELETE
Request URI:	https://stellarburgers.nomoreparties.site/api/auth/user
Proxy:			<none>
Request params:	<none>
Query params:	<none>
Form params:	<none>
Path params:	<none>
Headers:		authorization=Bearer eyJhbGciOiJIUzI1NiIsInR5cCI6IkpXVCJ9.eyJpZCI6IjY3MDJhMjBlOWVkMjgwMDAxYjRkNmRmZiIsImlhdCI6MTcyODIyNTgwNiwiZXhwIjoxNzI4MjI3MDA2fQ.G80xMXPFpkzL3IGbxkGI9_iGiRqjOuhCxGN7Gfl9RQ0
				Accept=*/*
				Content-Type=application/json
Cookies:		<none>
Multiparts:		<none>
Body:			<none>
Request method:	DELETE
Request URI:	https://stellarburgers.nomoreparties.site/api/auth/user
Proxy:			<none>
Request params:	<none>
Query params:	<none>
Form params:	<none>
Path params:	<none>
Headers:		authorization=Bearer eyJhbGciOiJIUzI1NiIsInR5cCI6IkpXVCJ9.eyJpZCI6IjY3MDJhMjBlOWVkMjgwMDAxYjRkNmRmZiIsImlhdCI6MTcyODIyNTgwNiwiZXhwIjoxNzI4MjI3MDA2fQ.G80xMXPFpkzL3IGbxkGI9_iGiRqjOuhCxGN7Gfl9RQ0
				Accept=*/*
				Content-Type=application/json
Cookies:		<none>
Multiparts:		<none>
Body:			<none>
Request method:	DELETE
Request URI:	https://stellarburgers.nomoreparties.site/api/auth/user
Proxy:			<none>
Request params:	<none>
Query params:	<none>
Form params:	<none>
Path params:	<none>
Headers:		authorization=Bearer eyJhbGciOiJIUzI1NiIsInR5cCI6IkpXVCJ9.eyJpZCI6IjY3MDJhMjBlOWVkMjgwMDAxYjRkNmRmZiIsImlhdCI6MTcyODIyNTgwNiwiZXhwIjoxNzI4MjI3MDA2fQ.G80xMXPFpkzL3IGbxkGI9_iGiRqjOuhCxGN7Gfl9RQ0
				Accept=*/*
				Content-Type=application/json
Cookies:		<none>
Multiparts:		<none>
Body:			<none>
Request method:	DELETE
Request URI:	https://stellarburgers.nomoreparties.site/api/auth/user
Proxy:			<none>
Request params:	<none>
Query params:	<none>
Form params:	<none>
Path params:	<none>
Headers:		authorization=Bearer eyJhbGciOiJIUzI1NiIsInR5cCI6IkpXVCJ9.eyJpZCI6IjY3MDJhMjBlOWVkMjgwMDAxYjRkNmRmZiIsImlhdCI6MTcyODIyNTgwNiwiZXhwIjoxNzI4MjI3MDA2fQ.G80xMXPFpkzL3IGbxkGI9_iGiRqjOuhCxGN7Gfl9RQ0
				Accept=*/*
				Content-Type=application/json
Cookies:		<none>
Multiparts:		<none>
Body:			<none>
HTTP/1.1 202 Accepted
Date: Sun, 06 Oct 2024 14:43:30 GMT
Content-Type: application/json; charset=utf-8
Content-Length: 54
Connection: keep-alive
X-Powered-By: Express
Access-Control-Allow-Origin: *
ETag: W/"36-hDmZnQ3Ou/ynnqAeC6TYmyseuzY"
cf-cache-status: DYNAMIC
Report-To: {"endpoints":[{"url":"https:\/\/a.nel.cloudflare.com\/report\/v4?s=2G%2Bqmj7VYsVHNYx2qbi5CCo6PGf%2Fhgj%2FMrL3vb%2FrfbqRs%2BLPerXxBZcmGsJQW%2FtXauXpdfHNKt1kVT8%2BX%2BjwMVe%2FntcsEwxadwqJwYICKtxBaDnwMVuELtxBbW20ligxbH8cZppKLEEaNBvOV6dgIRsulhc%3D"}],"group":"cf-nel","max_age":604800}
NEL: {"success_fraction":0,"report_to":"cf-nel","max_age":604800}
Server: cloudflare
CF-RAY: 8ce66c8db85ccb94-LAX

{
    "success": true,
    "message": "User successfully removed"
}
HTTP/1.1 202 Accepted
Date: Sun, 06 Oct 2024 14:43:30 GMT
Content-Type: application/json; charset=utf-8
Content-Length: 54
Connection: keep-alive
X-Powered-By: Express
Access-Control-Allow-Origin: *
ETag: W/"36-hDmZnQ3Ou/ynnqAeC6TYmyseuzY"
cf-cache-status: DYNAMIC
Report-To: {"endpoints":[{"url":"https:\/\/a.nel.cloudflare.com\/report\/v4?s=2G%2Bqmj7VYsVHNYx2qbi5CCo6PGf%2Fhgj%2FMrL3vb%2FrfbqRs%2BLPerXxBZcmGsJQW%2FtXauXpdfHNKt1kVT8%2BX%2BjwMVe%2FntcsEwxadwqJwYICKtxBaDnwMVuELtxBbW20ligxbH8cZppKLEEaNBvOV6dgIRsulhc%3D"}],"group":"cf-nel","max_age":604800}
NEL: {"success_fraction":0,"report_to":"cf-nel","max_age":604800}
Server: cloudflare
CF-RAY: 8ce66c8db85ccb94-LAX

{
    "success": true,
    "message": "User successfully removed"
}
HTTP/1.1 202 Accepted
Date: Sun, 06 Oct 2024 14:43:30 GMT
Content-Type: application/json; charset=utf-8
Content-Length: 54
Connection: keep-alive
X-Powered-By: Express
Access-Control-Allow-Origin: *
ETag: W/"36-hDmZnQ3Ou/ynnqAeC6TYmyseuzY"
cf-cache-status: DYNAMIC
Report-To: {"endpoints":[{"url":"https:\/\/a.nel.cloudflare.com\/report\/v4?s=2G%2Bqmj7VYsVHNYx2qbi5CCo6PGf%2Fhgj%2FMrL3vb%2FrfbqRs%2BLPerXxBZcmGsJQW%2FtXauXpdfHNKt1kVT8%2BX%2BjwMVe%2FntcsEwxadwqJwYICKtxBaDnwMVuELtxBbW20ligxbH8cZppKLEEaNBvOV6dgIRsulhc%3D"}],"group":"cf-nel","max_age":604800}
NEL: {"success_fraction":0,"report_to":"cf-nel","max_age":604800}
Server: cloudflare
CF-RAY: 8ce66c8db85ccb94-LAX

{
    "success": true,
    "message": "User successfully removed"
}
HTTP/1.1 202 Accepted
Date: Sun, 06 Oct 2024 14:43:30 GMT
Content-Type: application/json; charset=utf-8
Content-Length: 54
Connection: keep-alive
X-Powered-By: Express
Access-Control-Allow-Origin: *
ETag: W/"36-hDmZnQ3Ou/ynnqAeC6TYmyseuzY"
cf-cache-status: DYNAMIC
Report-To: {"endpoints":[{"url":"https:\/\/a.nel.cloudflare.com\/report\/v4?s=2G%2Bqmj7VYsVHNYx2qbi5CCo6PGf%2Fhgj%2FMrL3vb%2FrfbqRs%2BLPerXxBZcmGsJQW%2FtXauXpdfHNKt1kVT8%2BX%2BjwMVe%2FntcsEwxadwqJwYICKtxBaDnwMVuELtxBbW20ligxbH8cZppKLEEaNBvOV6dgIRsulhc%3D"}],"group":"cf-nel","max_age":604800}
NEL: {"success_fraction":0,"report_to":"cf-nel","max_age":604800}
Server: cloudflare
CF-RAY: 8ce66c8db85ccb94-LAX

{
    "success": true,
    "message": "User successfully removed"
}
HTTP/1.1 202 Accepted
Date: Sun, 06 Oct 2024 14:43:30 GMT
Content-Type: application/json; charset=utf-8
Content-Length: 54
Connection: keep-alive
X-Powered-By: Express
Access-Control-Allow-Origin: *
ETag: W/"36-hDmZnQ3Ou/ynnqAeC6TYmyseuzY"
cf-cache-status: DYNAMIC
Report-To: {"endpoints":[{"url":"https:\/\/a.nel.cloudflare.com\/report\/v4?s=2G%2Bqmj7VYsVHNYx2qbi5CCo6PGf%2Fhgj%2FMrL3vb%2FrfbqRs%2BLPerXxBZcmGsJQW%2FtXauXpdfHNKt1kVT8%2BX%2BjwMVe%2FntcsEwxadwqJwYICKtxBaDnwMVuELtxBbW20ligxbH8cZppKLEEaNBvOV6dgIRsulhc%3D"}],"group":"cf-nel","max_age":604800}
NEL: {"success_fraction":0,"report_to":"cf-nel","max_age":604800}
Server: cloudflare
CF-RAY: 8ce66c8db85ccb94-LAX

{
    "success": true,
    "message": "User successfully removed"
}
HTTP/1.1 202 Accepted
Date: Sun, 06 Oct 2024 14:43:30 GMT
Content-Type: application/json; charset=utf-8
Content-Length: 54
Connection: keep-alive
X-Powered-By: Express
Access-Control-Allow-Origin: *
ETag: W/"36-hDmZnQ3Ou/ynnqAeC6TYmyseuzY"
cf-cache-status: DYNAMIC
Report-To: {"endpoints":[{"url":"https:\/\/a.nel.cloudflare.com\/report\/v4?s=2G%2Bqmj7VYsVHNYx2qbi5CCo6PGf%2Fhgj%2FMrL3vb%2FrfbqRs%2BLPerXxBZcmGsJQW%2FtXauXpdfHNKt1kVT8%2BX%2BjwMVe%2FntcsEwxadwqJwYICKtxBaDnwMVuELtxBbW20ligxbH8cZppKLEEaNBvOV6dgIRsulhc%3D"}],"group":"cf-nel","max_age":604800}
NEL: {"success_fraction":0,"report_to":"cf-nel","max_age":604800}
Server: cloudflare
CF-RAY: 8ce66c8db85ccb94-LAX

{
    "success": true,
    "message": "User successfully removed"
}
HTTP/1.1 202 Accepted
Date: Sun, 06 Oct 2024 14:43:30 GMT
Content-Type: application/json; charset=utf-8
Content-Length: 54
Connection: keep-alive
X-Powered-By: Express
Access-Control-Allow-Origin: *
ETag: W/"36-hDmZnQ3Ou/ynnqAeC6TYmyseuzY"
cf-cache-status: DYNAMIC
Report-To: {"endpoints":[{"url":"https:\/\/a.nel.cloudflare.com\/report\/v4?s=2G%2Bqmj7VYsVHNYx2qbi5CCo6PGf%2Fhgj%2FMrL3vb%2FrfbqRs%2BLPerXxBZcmGsJQW%2FtXauXpdfHNKt1kVT8%2BX%2BjwMVe%2FntcsEwxadwqJwYICKtxBaDnwMVuELtxBbW20ligxbH8cZppKLEEaNBvOV6dgIRsulhc%3D"}],"group":"cf-nel","max_age":604800}
NEL: {"success_fraction":0,"report_to":"cf-nel","max_age":604800}
Server: cloudflare
CF-RAY: 8ce66c8db85ccb94-LAX

{
    "success": true,
    "message": "User successfully removed"
}
HTTP/1.1 202 Accepted
Date: Sun, 06 Oct 2024 14:43:30 GMT
Content-Type: application/json; charset=utf-8
Content-Length: 54
Connection: keep-alive
X-Powered-By: Express
Access-Control-Allow-Origin: *
ETag: W/"36-hDmZnQ3Ou/ynnqAeC6TYmyseuzY"
cf-cache-status: DYNAMIC
Report-To: {"endpoints":[{"url":"https:\/\/a.nel.cloudflare.com\/report\/v4?s=2G%2Bqmj7VYsVHNYx2qbi5CCo6PGf%2Fhgj%2FMrL3vb%2FrfbqRs%2BLPerXxBZcmGsJQW%2FtXauXpdfHNKt1kVT8%2BX%2BjwMVe%2FntcsEwxadwqJwYICKtxBaDnwMVuELtxBbW20ligxbH8cZppKLEEaNBvOV6dgIRsulhc%3D"}],"group":"cf-nel","max_age":604800}
NEL: {"success_fraction":0,"report_to":"cf-nel","max_age":604800}
Server: cloudflare
CF-RAY: 8ce66c8db85ccb94-LAX

{
    "success": true,
[...]
ETag: W/"16d-mCaYs2ziLLDWDgmkeAuveZ90cp0"
cf-cache-status: DYNAMIC
Report-To: {"endpoints":[{"url":"https:\/\/a.nel.cloudflare.com\/report\/v4?s=nDeTRDBqNVVVKuwRwaoLTV0T0nDXC1n3GKx2enUy7bXPfkLtGMIEC3atWR0DuHYovp2L5RgGuVDmG9s1iuKhS24%2Bi4U6HpTmH3ElDkOD7O0lnWiX1wk%2Fe13KxGHJcc%2BVaKF31XgfeQEwb9Sik5zwShuRIlQ%3D"}],"group":"cf-nel","max_age":604800}
NEL: {"success_fraction":0,"report_to":"cf-nel","max_age":604800}
Server: cloudflare
CF-RAY: 8ce66ce09931b0e5-ATL
Content-Encoding: gzip

{
    "success": true,
    "user": {
        "email": "cgfnvlawqt@yandex.ru",
        "name": "eabiid"
    },
    "accessToken": "Bearer eyJhbGciOiJIUzI1NiIsInR5cCI6IkpXVCJ9.eyJpZCI6IjY3MDJhMjFmOWVkMjgwMDAxYjRkNmUwMiIsImlhdCI6MTcyODIyNTgyMywiZXhwIjoxNzI4MjI3MDIzfQ.n29PjTJITANKfM_EzDVxet7zV1WhZh0sxagV2HTttrQ",
    "refreshToken": "3346232d41376f3d951929657c9b0307f2302c3fc121dc0841117c6ca821370e19ec8ca835a9a427"
}
HTTP/1.1 200 OK
Date: Sun, 06 Oct 2024 14:43:43 GMT
Content-Type: application/json; charset=utf-8
Transfer-Encoding: chunked
Connection: keep-alive
X-Powered-By: Express
Access-Control-Allow-Origin: *
authorization: Bearer eyJhbGciOiJIUzI1NiIsInR5cCI6IkpXVCJ9.eyJpZCI6IjY3MDJhMjFmOWVkMjgwMDAxYjRkNmUwMiIsImlhdCI6MTcyODIyNTgyMywiZXhwIjoxNzI4MjI3MDIzfQ.n29PjTJITANKfM_EzDVxet7zV1WhZh0sxagV2HTttrQ
ETag: W/"16d-mCaYs2ziLLDWDgmkeAuveZ90cp0"
cf-cache-status: DYNAMIC
Report-To: {"endpoints":[{"url":"https:\/\/a.nel.cloudflare.com\/report\/v4?s=nDeTRDBqNVVVKuwRwaoLTV0T0nDXC1n3GKx2enUy7bXPfkLtGMIEC3atWR0DuHYovp2L5RgGuVDmG9s1iuKhS24%2Bi4U6HpTmH3ElDkOD7O0lnWiX1wk%2Fe13KxGHJcc%2BVaKF31XgfeQEwb9Sik5zwShuRIlQ%3D"}],"group":"cf-nel","max_age":604800}
NEL: {"success_fraction":0,"report_to":"cf-nel","max_age":604800}
Server: cloudflare
CF-RAY: 8ce66ce09931b0e5-ATL
Content-Encoding: gzip

{
    "success": true,
    "user": {
        "email": "cgfnvlawqt@yandex.ru",
        "name": "eabiid"
    },
    "accessToken": "Bearer eyJhbGciOiJIUzI1NiIsInR5cCI6IkpXVCJ9.eyJpZCI6IjY3MDJhMjFmOWVkMjgwMDAxYjRkNmUwMiIsImlhdCI6MTcyODIyNTgyMywiZXhwIjoxNzI4MjI3MDIzfQ.n29PjTJITANKfM_EzDVxet7zV1WhZh0sxagV2HTttrQ",
    "refreshToken": "3346232d41376f3d951929657c9b0307f2302c3fc121dc0841117c6ca821370e19ec8ca835a9a427"
}
HTTP/1.1 200 OK
Date: Sun, 06 Oct 2024 14:43:43 GMT
Content-Type: application/json; charset=utf-8
Transfer-Encoding: chunked
Connection: keep-alive
X-Powered-By: Express
Access-Control-Allow-Origin: *
authorization: Bearer eyJhbGciOiJIUzI1NiIsInR5cCI6IkpXVCJ9.eyJpZCI6IjY3MDJhMjFmOWVkMjgwMDAxYjRkNmUwMiIsImlhdCI6MTcyODIyNTgyMywiZXhwIjoxNzI4MjI3MDIzfQ.n29PjTJITANKfM_EzDVxet7zV1WhZh0sxagV2HTttrQ
ETag: W/"16d-mCaYs2ziLLDWDgmkeAuveZ90cp0"
cf-cache-status: DYNAMIC
Report-To: {"endpoints":[{"url":"https:\/\/a.nel.cloudflare.com\/report\/v4?s=nDeTRDBqNVVVKuwRwaoLTV0T0nDXC1n3GKx2enUy7bXPfkLtGMIEC3atWR0DuHYovp2L5RgGuVDmG9s1iuKhS24%2Bi4U6HpTmH3ElDkOD7O0lnWiX1wk%2Fe13KxGHJcc%2BVaKF31XgfeQEwb9Sik5zwShuRIlQ%3D"}],"group":"cf-nel","max_age":604800}
NEL: {"success_fraction":0,"report_to":"cf-nel","max_age":604800}
Server: cloudflare
CF-RAY: 8ce66ce09931b0e5-ATL
Content-Encoding: gzip

{
    "success": true,
    "user": {
        "email": "cgfnvlawqt@yandex.ru",
        "name": "eabiid"
    },
    "accessToken": "Bearer eyJhbGciOiJIUzI1NiIsInR5cCI6IkpXVCJ9.eyJpZCI6IjY3MDJhMjFmOWVkMjgwMDAxYjRkNmUwMiIsImlhdCI6MTcyODIyNTgyMywiZXhwIjoxNzI4MjI3MDIzfQ.n29PjTJITANKfM_EzDVxet7zV1WhZh0sxagV2HTttrQ",
    "refreshToken": "3346232d41376f3d951929657c9b0307f2302c3fc121dc0841117c6ca821370e19ec8ca835a9a427"
}
HTTP/1.1 200 OK
Date: Sun, 06 Oct 2024 14:43:43 GMT
Content-Type: application/json; charset=utf-8
Transfer-Encoding: chunked
Connection: keep-alive
X-Powered-By: Express
Access-Control-Allow-Origin: *
authorization: Bearer eyJhbGciOiJIUzI1NiIsInR5cCI6IkpXVCJ9.eyJpZCI6IjY3MDJhMjFmOWVkMjgwMDAxYjRkNmUwMiIsImlhdCI6MTcyODIyNTgyMywiZXhwIjoxNzI4MjI3MDIzfQ.n29PjTJITANKfM_EzDVxet7zV1WhZh0sxagV2HTttrQ
ETag: W/"16d-mCaYs2ziLLDWDgmkeAuveZ90cp0"
cf-cache-status: DYNAMIC
Report-To: {"endpoints":[{"url":"https:\/\/a.nel.cloudflare.com\/report\/v4?s=nDeTRDBqNVVVKuwRwaoLTV0T0nDXC1n3GKx2enUy7bXPfkLtGMIEC3atWR0DuHYovp2L5RgGuVDmG9s1iuKhS24%2Bi4U6HpTmH3ElDkOD7O0lnWiX1wk%2Fe13KxGHJcc%2BVaKF31XgfeQEwb9Sik5zwShuRIlQ%3D"}],"group":"cf-nel","max_age":604800}
NEL: {"success_fraction":0,"report_to":"cf-nel","max_age":604800}
Server: cloudflare
CF-RAY: 8ce66ce09931b0e5-ATL
Content-Encoding: gzip

{
    "success": true,
    "user": {
        "email": "cgfnvlawqt@yandex.ru",
        "name": "eabiid"
    },
    "accessToken": "Bearer eyJhbGciOiJIUzI1NiIsInR5cCI6IkpXVCJ9.eyJpZCI6IjY3MDJhMjFmOWVkMjgwMDAxYjRkNmUwMiIsImlhdCI6MTcyODIyNTgyMywiZXhwIjoxNzI4MjI3MDIzfQ.n29PjTJITANKfM_EzDVxet7zV1WhZh0sxagV2HTttrQ",
    "refreshToken": "3346232d41376f3d951929657c9b0307f2302c3fc121dc0841117c6ca821370e19ec8ca835a9a427"
}
HTTP/1.1 200 OK
Date: Sun, 06 Oct 2024 14:43:43 GMT
Content-Type: application/json; charset=utf-8
Transfer-Encoding: chunked
Connection: keep-alive
X-Powered-By: Express
Access-Control-Allow-Origin: *
authorization: Bearer eyJhbGciOiJIUzI1NiIsInR5cCI6IkpXVCJ9.eyJpZCI6IjY3MDJhMjFmOWVkMjgwMDAxYjRkNmUwMiIsImlhdCI6MTcyODIyNTgyMywiZXhwIjoxNzI4MjI3MDIzfQ.n29PjTJITANKfM_EzDVxet7zV1WhZh0sxagV2HTttrQ
ETag: W/"16d-mCaYs2ziLLDWDgmkeAuveZ90cp0"
cf-cache-status: DYNAMIC
Report-To: {"endpoints":[{"url":"https:\/\/a.nel.cloudflare.com\/report\/v4?s=nDeTRDBqNVVVKuwRwaoLTV0T0nDXC1n3GKx2enUy7bXPfkLtGMIEC3atWR0DuHYovp2L5RgGuVDmG9s1iuKhS24%2Bi4U6HpTmH3ElDkOD7O0lnWiX1wk%2Fe13KxGHJcc%2BVaKF31XgfeQEwb9Sik5zwShuRIlQ%3D"}],"group":"cf-nel","max_age":604800}
NEL: {"success_fraction":0,"report_to":"cf-nel","max_age":604800}
Server: cloudflare
CF-RAY: 8ce66ce09931b0e5-ATL
Content-Encoding: gzip

{
    "success": true,
    "user": {
        "email": "cgfnvlawqt@yandex.ru",
        "name": "eabiid"
    },
    "accessToken": "Bearer eyJhbGciOiJIUzI1NiIsInR5cCI6IkpXVCJ9.eyJpZCI6IjY3MDJhMjFmOWVkMjgwMDAxYjRkNmUwMiIsImlhdCI6MTcyODIyNTgyMywiZXhwIjoxNzI4MjI3MDIzfQ.n29PjTJITANKfM_EzDVxet7zV1WhZh0sxagV2HTttrQ",
    "refreshToken": "3346232d41376f3d951929657c9b0307f2302c3fc121dc0841117c6ca821370e19ec8ca835a9a427"
}
Request method:	DELETE
Request URI:	https://stellarburgers.nomoreparties.site/api/auth/user
Proxy:			<none>
Request params:	<none>
Query params:	<none>
Form params:	<none>
Path params:	<none>
Headers:		authorization=Bearer eyJhbGciOiJIUzI1NiIsInR5cCI6IkpXVCJ9.eyJpZCI6IjY3MDJhMjFmOWVkMjgwMDAxYjRkNmUwMiIsImlhdCI6MTcyODIyNTgyMywiZXhwIjoxNzI4MjI3MDIzfQ.n29PjTJITANKfM_EzDVxet7zV1WhZh0sxagV2HTttrQ
				Accept=*/*
				Content-Type=application/json
Cookies:		<none>
Multiparts:		<none>
Body:			<none>
Request method:	DELETE
Request URI:	https://stellarburgers.nomoreparties.site/api/auth/user
Proxy:			<none>
Request params:	<none>
Query params:	<none>
Form params:	<none>
Path params:	<none>
Headers:		authorization=Bearer eyJhbGciOiJIUzI1NiIsInR5cCI6IkpXVCJ9.eyJpZCI6IjY3MDJhMjFmOWVkMjgwMDAxYjRkNmUwMiIsImlhdCI6MTcyODIyNTgyMywiZXhwIjoxNzI4MjI3MDIzfQ.n29PjTJITANKfM_EzDVxet7zV1WhZh0sxagV2HTttrQ
				Accept=*/*
				Content-Type=application/json
Cookies:		<none>
Multiparts:		<none>
Body:			<none>
Request method:	DELETE
Request URI:	https://stellarburgers.nomoreparties.site/api/auth/user
Proxy:			<none>
Request params:	<none>
Query params:	<none>
Form params:	<none>
Path params:	<none>
Headers:		authorization=Bearer eyJhbGciOiJIUzI1NiIsInR5cCI6IkpXVCJ9.eyJpZCI6IjY3MDJhMjFmOWVkMjgwMDAxYjRkNmUwMiIsImlhdCI6MTcyODIyNTgyMywiZXhwIjoxNzI4MjI3MDIzfQ.n29PjTJITANKfM_EzDVxet7zV1WhZh0sxagV2HTttrQ
				Accept=*/*
				Content-Type=application/json
Cookies:		<none>
Multiparts:		<none>
Body:			<none>
Request method:	DELETE
Request URI:	https://stellarburgers.nomoreparties.site/api/auth/user
Proxy:			<none>
Request params:	<none>
Query params:	<none>
Form params:	<none>
Path params:	<none>
Headers:		authorization=Bearer eyJhbGciOiJIUzI1NiIsInR5cCI6IkpXVCJ9.eyJpZCI6IjY3MDJhMjFmOWVkMjgwMDAxYjRkNmUwMiIsImlhdCI6MTcyODIyNTgyMywiZXhwIjoxNzI4MjI3MDIzfQ.n29PjTJITANKfM_EzDVxet7zV1WhZh0sxagV2HTttrQ
				Accept=*/*
				Content-Type=application/json
Cookies:		<none>
Multiparts:		<none>
Body:			<none>
Request method:	DELETE
Request URI:	https://stellarburgers.nomoreparties.site/api/auth/user
Proxy:			<none>
Request params:	<none>
Query params:	<none>
Form params:	<none>
Path params:	<none>
Headers:		authorization=Bearer eyJhbGciOiJIUzI1NiIsInR5cCI6IkpXVCJ9.eyJpZCI6IjY3MDJhMjFmOWVkMjgwMDAxYjRkNmUwMiIsImlhdCI6MTcyODIyNTgyMywiZXhwIjoxNzI4MjI3MDIzfQ.n29PjTJITANKfM_EzDVxet7zV1WhZh0sxagV2HTttrQ
				Accept=*/*
				Content-Type=application/json
Cookies:		<none>
Multiparts:		<none>
Body:			<none>
Request method:	DELETE
Request URI:	https://stellarburgers.nomoreparties.site/api/auth/user
Proxy:			<none>
Request params:	<none>
Query params:	<none>
Form params:	<none>
Path params:	<none>
Headers:		authorization=Bearer eyJhbGciOiJIUzI1NiIsInR5cCI6IkpXVCJ9.eyJpZCI6IjY3MDJhMjFmOWVkMjgwMDAxYjRkNmUwMiIsImlhdCI6MTcyODIyNTgyMywiZXhwIjoxNzI4MjI3MDIzfQ.n29PjTJITANKfM_EzDVxet7zV1WhZh0sxagV2HTttrQ
				Accept=*/*
				Content-Type=application/json
Cookies:		<none>
Multiparts:		<none>
Body:			<none>
Request method:	DELETE
Request URI:	https://stellarburgers.nomoreparties.site/api/auth/user
Proxy:			<none>
Request params:	<none>
Query params:	<none>
Form params:	<none>
Path params:	<none>
Headers:		authorization=Bearer eyJhbGciOiJIUzI1NiIsInR5cCI6IkpXVCJ9.eyJpZCI6IjY3MDJhMjFmOWVkMjgwMDAxYjRkNmUwMiIsImlhdCI6MTcyODIyNTgyMywiZXhwIjoxNzI4MjI3MDIzfQ.n29PjTJITANKfM_EzDVxet7zV1WhZh0sxagV2HTttrQ
				Accept=*/*
				Content-Type=application/json
Cookies:		<none>
Multiparts:		<none>
Body:			<none>
Request method:	DELETE
Request URI:	https://stellarburgers.nomoreparties.site/api/auth/user
Proxy:			<none>
Request params:	<none>
Query params:	<none>
Form params:	<none>
Path params:	<none>
Headers:		authorization=Bearer eyJhbGciOiJIUzI1NiIsInR5cCI6IkpXVCJ9.eyJpZCI6IjY3MDJhMjFmOWVkMjgwMDAxYjRkNmUwMiIsImlhdCI6MTcyODIyNTgyMywiZXhwIjoxNzI4MjI3MDIzfQ.n29PjTJITANKfM_EzDVxet7zV1WhZh0sxagV2HTttrQ
				Accept=*/*
				Content-Type=application/json
Cookies:		<none>
Multiparts:		<none>
Body:			<none>
Request method:	DELETE
Request URI:	https://stellarburgers.nomoreparties.site/api/auth/user
Proxy:			<none>
Request params:	<none>
Query params:	<none>
Form params:	<none>
Path params:	<none>
Headers:		authorization=Bearer eyJhbGciOiJIUzI1NiIsInR5cCI6IkpXVCJ9.eyJpZCI6IjY3MDJhMjFmOWVkMjgwMDAxYjRkNmUwMiIsImlhdCI6MTcyODIyNTgyMywiZXhwIjoxNzI4MjI3MDIzfQ.n29PjTJITANKfM_EzDVxet7zV1WhZh0sxagV2HTttrQ
				Accept=*/*
				Content-Type=application/json
Cookies:		<none>
Multiparts:		<none>
Body:			<none>
Request method:	DELETE
Request URI:	https://stellarburgers.nomoreparties.site/api/auth/user
Proxy:			<none>
Request params:	<none>
Query params:	<none>
Form params:	<none>
Path params:	<none>
Headers:		authorization=Bearer eyJhbGciOiJIUzI1NiIsInR5cCI6IkpXVCJ9.eyJpZCI6IjY3MDJhMjFmOWVkMjgwMDAxYjRkNmUwMiIsImlhdCI6MTcyODIyNTgyMywiZXhwIjoxNzI4MjI3MDIzfQ.n29PjTJITANKfM_EzDVxet7zV1WhZh0sxagV2HTttrQ
				Accept=*/*
				Content-Type=application/json
Cookies:		<none>
Multiparts:		<none>
Body:			<none>
Request method:	DELETE
Request URI:	https://stellarburgers.nomoreparties.site/api/auth/user
Proxy:			<none>
Request params:	<none>
Query params:	<none>
Form params:	<none>
Path params:	<none>
Headers:		authorization=Bearer eyJhbGciOiJIUzI1NiIsInR5cCI6IkpXVCJ9.eyJpZCI6IjY3MDJhMjFmOWVkMjgwMDAxYjRkNmUwMiIsImlhdCI6MTcyODIyNTgyMywiZXhwIjoxNzI4MjI3MDIzfQ.n29PjTJITANKfM_EzDVxet7zV1WhZh0sxagV2HTttrQ
				Accept=*/*
				Content-Type=application/json
Cookies:		<none>
Multiparts:		<none>
Body:			<none>
HTTP/1.1 202 Accepted
Date: Sun, 06 Oct 2024 14:43:45 GMT
Content-Type: application/json; charset=utf-8
Content-Length: 54
Connection: keep-alive
X-Powered-By: Express
Access-Control-Allow-Origin: *
ETag: W/"36-hDmZnQ3Ou/ynnqAeC6TYmyseuzY"
CF-Cache-Status: DYNAMIC
Report-To: {"endpoints":[{"url":"https:\/\/a.nel.cloudflare.com\/report\/v4?s=qUlzqslO207pLeNCnmlzHNRSNsLIgo17Yb6wU3JL%2FC7%2BG3cpdSIFLu6cA0kX1X5k88jj6G9nWld8opXjQ%2F6gxbDzu6VAnwVZmnWt8LmVK%2BgGAQ6UfC8n9%2BINUjVeGWaI8Ra1hf6yV%2BsNmc4F3nBvuJT13co%3D"}],"group":"cf-nel","max_age":604800}
NEL: {"success_fraction":0,"report_to":"cf-nel","max_age":604800}
Server: cloudflare
CF-RAY: 8ce66cee7e7ed2ee-FRA

{
    "success": true,
    "message": "User successfully removed"
}
HTTP/1.1 202 Accepted
Date: Sun, 06 Oct 2024 14:43:45 GMT
Content-Type: application/json; charset=utf-8
Content-Length: 54
Connection: keep-alive
X-Powered-By: Express
Access-Control-Allow-Origin: *
ETag: W/"36-hDmZnQ3Ou/ynnqAeC6TYmyseuzY"
CF-Cache-Status: DYNAMIC
Report-To: {"endpoints":[{"url":"https:\/\/a.nel.cloudflare.com\/report\/v4?s=qUlzqslO207pLeNCnmlzHNRSNsLIgo17Yb6wU3JL%2FC7%2BG3cpdSIFLu6cA0kX1X5k88jj6G9nWld8opXjQ%2F6gxbDzu6VAnwVZmnWt8LmVK%2BgGAQ6UfC8n9%2BINUjVeGWaI8Ra1hf6yV%2BsNmc4F3nBvuJT13co%3D"}],"group":"cf-nel","max_age":604800}
NEL: {"success_fraction":0,"report_to":"cf-nel","max_age":604800}
Server: cloudflare
CF-RAY: 8ce66cee7e7ed2ee-FRA

{
    "success": true,
    "message": "User successfully removed"
}
HTTP/1.1 202 Accepted
Date: Sun, 06 Oct 2024 14:43:45 GMT
Content-Type: application/json; charset=utf-8
Content-Length: 54
Connection: keep-alive
X-Powered-By: Express
Access-Control-Allow-Origin: *
ETag: W/"36-hDmZnQ3Ou/ynnqAeC6TYmyseuzY"
CF-Cache-Status: DYNAMIC
Report-To: {"endpoints":[{"url":"https:\/\/a.nel.cloudflare.com\/report\/v4?s=qUlzqslO207pLeNCnmlzHNRSNsLIgo17Yb6wU3JL%2FC7%2BG3cpdSIFLu6cA0kX1X5k88jj6G9nWld8opXjQ%2F6gxbDzu6VAnwVZmnWt8LmVK%2BgGAQ6UfC8n9%2BINUjVeGWaI8Ra1hf6yV%2BsNmc4F3nBvuJT13co%3D"}],"group":"cf-nel","max_age":604800}
NEL: {"success_fraction":0,"report_to":"cf-nel","max_age":604800}
Server: cloudflare
CF-RAY: 8ce66cee7e7ed2ee-FRA

{
    "success": true,
    "message": "User successfully removed"
}
HTTP/1.1 202 Accepted
Date: Sun, 06 Oct 2024 14:43:45 GMT
Content-Type: application/json; charset=utf-8
Content-Length: 54
Connection: keep-alive
X-Powered-By: Express
Access-Control-Allow-Origin: *
ETag: W/"36-hDmZnQ3Ou/ynnqAeC6TYmyseuzY"
CF-Cache-Status: DYNAMIC
Report-To: {"endpoints":[{"url":"https:\/\/a.nel.cloudflare.com\/report\/v4?s=qUlzqslO207pLeNCnmlzHNRSNsLIgo17Yb6wU3JL%2FC7%2BG3cpdSIFLu6cA0kX1X5k88jj6G9nWld8opXjQ%2F6gxbDzu6VAnwVZmnWt8LmVK%2BgGAQ6UfC8n9%2BINUjVeGWaI8Ra1hf6yV%2BsNmc4F3nBvuJT13co%3D"}],"group":"cf-nel","max_age":604800}
NEL: {"success_fraction":0,"report_to":"cf-nel","max_age":604800}
Server: cloudflare
CF-RAY: 8ce66cee7e7ed2ee-FRA

{
    "success": true,
    "message": "User successfully removed"
}
HTTP/1.1 202 Accepted
Date: Sun, 06 Oct 2024 14:43:45 GMT
Content-Type: application/json; charset=utf-8
Content-Length: 54
Connection: keep-alive
X-Powered-By: Express
Access-Control-Allow-Origin: *
ETag: W/"36-hDmZnQ3Ou/ynnqAeC6TYmyseuzY"
CF-Cache-Status: DYNAMIC
Report-To: {"endpoints":[{"url":"https:\/\/a.nel.cloudflare.com\/report\/v4?s=qUlzqslO207pLeNCnmlzHNRSNsLIgo17Yb6wU3JL%2FC7%2BG3cpdSIFLu6cA0kX1X5k88jj6G9nWld8opXjQ%2F6gxbDzu6VAnwVZmnWt8LmVK%2BgGAQ6UfC8n9%2BINUjVeGWaI8Ra1hf6yV%2BsNmc4F3nBvuJT13co%3D"}],"group":"cf-nel","max_age":604800}
NEL: {"success_fraction":0,"report_to":"cf-nel","max_age":604800}
Server: cloudflare
CF-RAY: 8ce66cee7e7ed2ee-FRA

{
    "success": true,
    "message": "User successfully removed"
}
HTTP/1.1 202 Accepted
Date: Sun, 06 Oct 2024 14:43:45 GMT
Content-Type: application/json; charset=utf-8
Content-Length: 54
Connection: keep-alive
X-Powered-By: Express
Access-Control-Allow-Origin: *
ETag: W/"36-hDmZnQ3Ou/ynnqAeC6TYmyseuzY"
CF-Cache-Status: DYNAMIC
Report-To: {"endpoints":[{"url":"https:\/\/a.nel.cloudflare.com\/report\/v4?s=qUlzqslO207pLeNCnmlzHNRSNsLIgo17Yb6wU3JL%2FC7%2BG3cpdSIFLu6cA0kX1X5k88jj6G9nWld8opXjQ%2F6gxbDzu6VAnwVZmnWt8LmVK%2BgGAQ6UfC8n9%2BINUjVeGWaI8Ra1hf6yV%2BsNmc4F3nBvuJT13co%3D"}],"group":"cf-nel","max_age":604800}
NEL: {"success_fraction":0,"report_to":"cf-nel","max_age":604800}
Server: cloudflare
CF-RAY: 8ce66cee7e7ed2ee-FRA

{
    "success": true,
    "message": "User successfully removed"
}
HTTP/1.1 202 Accepted
Date: Sun, 06 Oct 2024 14:43:45 GMT
Content-Type: application/json; charset=utf-8
Content-Length: 54
Connection: keep-alive
X-Powered-By: Express
Access-Control-Allow-Origin: *
ETag: W/"36-hDmZnQ3Ou/ynnqAeC6TYmyseuzY"
CF-Cache-Status: DYNAMIC
Report-To: {"endpoints":[{"url":"https:\/\/a.nel.cloudflare.com\/report\/v4?s=qUlzqslO207pLeNCnmlzHNRSNsLIgo17Yb6wU3JL%2FC7%2BG3cpdSIFLu6cA0kX1X5k88jj6G9nWld8opXjQ%2F6gxbDzu6VAnwVZmnWt8LmVK%2BgGAQ6UfC8n9%2BINUjVeGWaI8Ra1hf6yV%2BsNmc4F3nBvuJT13co%3D"}],"group":"cf-nel","max_age":604800}
NEL: {"success_fraction":0,"report_to":"cf-nel","max_age":604800}
Server: cloudflare
CF-RAY: 8ce66cee7e7ed2ee-FRA

{
    "success": true,
    "message": "User successfully removed"
}
HTTP/1.1 202 Accepted
Date: Sun, 06 Oct 2024 14:43:45 GMT
Content-Type: application/json; charset=utf-8
Content-Length: 54
Connection: keep-alive
X-Powered-By: Express
Access-Control-Allow-Origin: *
ETag: W/"36-hDmZnQ3Ou/ynnqAeC6TYmyseuzY"
CF-Cache-Status: DYNAMIC
Report-To: {"endpoints":[{"url":"https:\/\/a.nel.cloudflare.com\/report\/v4?s=qUlzqslO207pLeNCnmlzHNRSNsLIgo17Yb6wU3JL%2FC7%2BG3cpdSIFLu6cA0kX1X5k88jj6G9nWld8opXjQ%2F6gxbDzu6VAnwVZmnWt8LmVK%2BgGAQ6UfC8n9%2BINUjVeGWaI8Ra1hf6yV%2BsNmc4F3nBvuJT13co%3D"}],"group":"cf-nel","max_age":604800}
NEL: {"success_fraction":0,"report_to":"cf-nel","max_age":604800}
Server: cloudflare
CF-RAY: 8ce66cee7e7ed2ee-FRA

{
    "success": true,
    "message": "User successfully removed"
}
HTTP/1.1 202 Accepted
Date: Sun, 06 Oct 2024 14:43:45 GMT
Content-Type: application/json; charset=utf-8
Content-Length: 54
Connection: keep-alive
X-Powered-By: Express
Access-Control-Allow-Origin: *
ETag: W/"36-hDmZnQ3Ou/ynnqAeC6TYmyseuzY"
CF-Cache-Status: DYNAMIC
Report-To: {"endpoints":[{"url":"https:\/\/a.nel.cloudflare.com\/report\/v4?s=qUlzqslO207pLeNCnmlzHNRSNsLIgo17Yb6wU3JL%2FC7%2BG3cpdSIFLu6cA0kX1X5k88jj6G9nWld8opXjQ%2F6gxbDzu6VAnwVZmnWt8LmVK%2BgGAQ6UfC8n9%2BINUjVeGWaI8Ra1hf6yV%2BsNmc4F3nBvuJT13co%3D"}],"group":"cf-nel","max_age":604800}
NEL: {"success_fraction":0,"report_to":"cf-nel","max_age":604800}
Server: cloudflare
CF-RAY: 8ce66cee7e7ed2ee-FRA

{
    "success": true,
    "message": "User successfully removed"
}
HTTP/1.1 202 Accepted
Date: Sun, 06 Oct 2024 14:43:45 GMT
Content-Type: application/json; charset=utf-8
Content-Length: 54
Connection: keep-alive
X-Powered-By: Express
Access-Control-Allow-Origin: *
ETag: W/"36-hDmZnQ3Ou/ynnqAeC6TYmyseuzY"
CF-Cache-Status: DYNAMIC
Report-To: {"endpoints":[{"url":"https:\/\/a.nel.cloudflare.com\/report\/v4?s=qUlzqslO207pLeNCnmlzHNRSNsLIgo17Yb6wU3JL%2FC7%2BG3cpdSIFLu6cA0kX1X5k88jj6G9nWld8opXjQ%2F6gxbDzu6VAnwVZmnWt8LmVK%2BgGAQ6UfC8n9%2BINUjVeGWaI8Ra1hf6yV%2BsNmc4F3nBvuJT13co%3D"}],"group":"cf-nel","max_age":604800}
NEL: {"success_fraction":0,"report_to":"cf-nel","max_age":604800}
Server: cloudflare
CF-RAY: 8ce66cee7e7ed2ee-FRA

{
    "success": true,
    "message": "User successfully removed"
}
HTTP/1.1 202 Accepted
Date: Sun, 06 Oct 2024 14:43:45 GMT
Content-Type: application/json; charset=utf-8
Content-Length: 54
Connection: keep-alive
X-Powered-By: Express
Access-Control-Allow-Origin: *
ETag: W/"36-hDmZnQ3Ou/ynnqAeC6TYmyseuzY"
CF-Cache-Status: DYNAMIC
Report-To: {"endpoints":[{"url":"https:\/\/a.nel.cloudflare.com\/report\/v4?s=qUlzqslO207pLeNCnmlzHNRSNsLIgo17Yb6wU3JL%2FC7%2BG3cpdSIFLu6cA0kX1X5k88jj6G9nWld8opXjQ%2F6gxbDzu6VAnwVZmnWt8LmVK%2BgGAQ6UfC8n9%2BINUjVeGWaI8Ra1hf6yV%2BsNmc4F3nBvuJT13co%3D"}],"group":"cf-nel","max_age":604800}
NEL: {"success_fraction":0,"report_to":"cf-nel","max_age":604800}
Server: cloudflare
CF-RAY: 8ce66cee7e7ed2ee-FRA

{
    "success": true,
    "message": "User successfully removed"
}
]]></system-out>
    <system-err><![CDATA[окт. 06, 2024 5:45:29 PM org.openqa.selenium.devtools.CdpVersionFinder findNearestMatch
WARNING: Unable to find an exact match for CDP version 129, returning the closest version; found: 125; Please update to a Selenium version that supports CDP version 129
]]></system-err>
  </testcase>
</testsuite>